<?xml version="1.0" encoding="UTF-8"?>
<coverage generated="1781550016925" clover="3.2.0">
  <project timestamp="1781550016926" name="All files">
    <metrics statements="650" coveredstatements="374" conditionals="438" coveredconditionals="224" methods="92" coveredmethods="58" elements="1180" coveredelements="656" complexity="0" loc="650" ncloc="650" packages="1" files="1" classes="1"/>
    <file name="script.js" path="C:\Users\артем\Desktop\Универ\Проект по программной инженерии\frontend\script.js">
      <metrics statements="650" coveredstatements="374" conditionals="438" coveredconditionals="224" methods="92" coveredmethods="58"/>
      <line num="1" count="1" type="stmt"/>
      <line num="2" count="1" type="stmt"/>
      <line num="3" count="1" type="stmt"/>
      <line num="4" count="1" type="stmt"/>
      <line num="5" count="1" type="stmt"/>
      <line num="6" count="1" type="stmt"/>
      <line num="7" count="1" type="stmt"/>
      <line num="8" count="1" type="stmt"/>
      <line num="11" count="1" type="stmt"/>
      <line num="12" count="3" type="stmt"/>
      <line num="13" count="3" type="stmt"/>
      <line num="14" count="3" type="stmt"/>
      <line num="15" count="3" type="stmt"/>
      <line num="19" count="1" type="stmt"/>
      <line num="20" count="1" type="stmt"/>
      <line num="21" count="1" type="stmt"/>
      <line num="23" count="1" type="stmt"/>
      <line num="24" count="1" type="stmt"/>
      <line num="25" count="1" type="stmt"/>
      <line num="26" count="1" type="stmt"/>
      <line num="27" count="1" type="stmt"/>
      <line num="28" count="1" type="cond" truecount="2" falsecount="0"/>
      <line num="29" count="1" type="stmt"/>
      <line num="31" count="1" type="stmt"/>
      <line num="32" count="0" type="stmt"/>
      <line num="33" count="0" type="cond" truecount="0" falsecount="2"/>
      <line num="34" count="0" type="stmt"/>
      <line num="35" count="0" type="stmt"/>
      <line num="36" count="0" type="cond" truecount="0" falsecount="2"/>
      <line num="39" count="1" type="stmt"/>
      <line num="40" count="2" type="stmt"/>
      <line num="44" count="1" type="stmt"/>
      <line num="45" count="4" type="stmt"/>
      <line num="46" count="4" type="cond" truecount="2" falsecount="0"/>
      <line num="47" count="2" type="stmt"/>
      <line num="51" count="1" type="stmt"/>
      <line num="52" count="2" type="stmt"/>
      <line num="56" count="1" type="stmt"/>
      <line num="57" count="0" type="cond" truecount="0" falsecount="2"/>
      <line num="59" count="0" type="stmt"/>
      <line num="61" count="0" type="stmt"/>
      <line num="62" count="0" type="stmt"/>
      <line num="65" count="1" type="stmt"/>
      <line num="66" count="1" type="cond" truecount="1" falsecount="1"/>
      <line num="67" count="0" type="stmt"/>
      <line num="69" count="0" type="stmt"/>
      <line num="70" count="0" type="cond" truecount="0" falsecount="2"/>
      <line num="71" count="0" type="cond" truecount="0" falsecount="2"/>
      <line num="72" count="0" type="stmt"/>
      <line num="73" count="0" type="stmt"/>
      <line num="75" count="0" type="stmt"/>
      <line num="77" count="0" type="stmt"/>
      <line num="78" count="0" type="cond" truecount="0" falsecount="2"/>
      <line num="79" count="0" type="stmt"/>
      <line num="80" count="0" type="stmt"/>
      <line num="81" count="0" type="cond" truecount="0" falsecount="2"/>
      <line num="82" count="0" type="stmt"/>
      <line num="83" count="0" type="stmt"/>
      <line num="85" count="0" type="stmt"/>
      <line num="91" count="1" type="stmt"/>
      <line num="92" count="3" type="cond" truecount="2" falsecount="0"/>
      <line num="94" count="1" type="stmt"/>
      <line num="98" count="3" type="cond" truecount="2" falsecount="0"/>
      <line num="100" count="3" type="stmt"/>
      <line num="106" count="3" type="stmt"/>
      <line num="108" count="3" type="cond" truecount="2" falsecount="0"/>
      <line num="109" count="1" type="stmt"/>
      <line num="110" count="1" type="cond" truecount="1" falsecount="1"/>
      <line num="111" count="1" type="stmt"/>
      <line num="112" count="0" type="stmt"/>
      <line num="119" count="1" type="stmt"/>
      <line num="120" count="0" type="stmt"/>
      <line num="121" count="0" type="stmt"/>
      <line num="122" count="0" type="cond" truecount="0" falsecount="2"/>
      <line num="124" count="0" type="stmt"/>
      <line num="127" count="1" type="stmt"/>
      <line num="128" count="1" type="stmt"/>
      <line num="129" count="1" type="stmt"/>
      <line num="130" count="1" type="stmt"/>
      <line num="131" count="1" type="stmt"/>
      <line num="132" count="1" type="stmt"/>
      <line num="134" count="1" type="stmt"/>
      <line num="148" count="1" type="stmt"/>
      <line num="163" count="1" type="stmt"/>
      <line num="164" count="1" type="stmt"/>
      <line num="166" count="1" type="stmt"/>
      <line num="178" count="1" type="stmt"/>
      <line num="196" count="1" type="stmt"/>
      <line num="201" count="1" type="stmt"/>
      <line num="209" count="1" type="stmt"/>
      <line num="210" count="17" type="cond" truecount="4" falsecount="0"/>
      <line num="211" count="15" type="cond" truecount="2" falsecount="0"/>
      <line num="215" count="1" type="stmt"/>
      <line num="216" count="16" type="stmt"/>
      <line num="217" count="16" type="stmt"/>
      <line num="218" count="16" type="stmt"/>
      <line num="219" count="16" type="stmt"/>
      <line num="221" count="16" type="cond" truecount="2" falsecount="0"/>
      <line num="222" count="20" type="stmt"/>
      <line num="223" count="20" type="stmt"/>
      <line num="227" count="1" type="cond" truecount="3" falsecount="1"/>
      <line num="228" count="0" type="stmt"/>
      <line num="229" count="0" type="stmt"/>
      <line num="232" count="1" type="cond" truecount="1" falsecount="1"/>
      <line num="233" count="0" type="stmt"/>
      <line num="234" count="0" type="cond" truecount="0" falsecount="2"/>
      <line num="235" count="0" type="stmt"/>
      <line num="237" count="0" type="stmt"/>
      <line num="242" count="1" type="stmt"/>
      <line num="243" count="1" type="cond" truecount="1" falsecount="1"/>
      <line num="244" count="0" type="stmt"/>
      <line num="245" count="0" type="cond" truecount="0" falsecount="2"/>
      <line num="246" count="0" type="stmt"/>
      <line num="248" count="0" type="stmt"/>
      <line num="253" count="1" type="stmt"/>
      <line num="254" count="1" type="cond" truecount="1" falsecount="1"/>
      <line num="256" count="1" type="stmt"/>
      <line num="257" count="1" type="cond" truecount="1" falsecount="1"/>
      <line num="258" count="0" type="stmt"/>
      <line num="259" count="0" type="stmt"/>
      <line num="261" count="1" type="stmt"/>
      <line num="262" count="0" type="stmt"/>
      <line num="263" count="0" type="stmt"/>
      <line num="264" count="0" type="cond" truecount="0" falsecount="2"/>
      <line num="265" count="0" type="cond" truecount="0" falsecount="2"/>
      <line num="269" count="1" type="stmt"/>
      <line num="270" count="7" type="cond" truecount="2" falsecount="0"/>
      <line num="271" count="3" type="cond" truecount="4" falsecount="0"/>
      <line num="272" count="1" type="stmt"/>
      <line num="274" count="2" type="stmt"/>
      <line num="275" count="2" type="stmt"/>
      <line num="276" count="4" type="cond" truecount="1" falsecount="1"/>
      <line num="277" count="4" type="cond" truecount="4" falsecount="0"/>
      <line num="278" count="1" type="stmt"/>
      <line num="280" count="3" type="cond" truecount="3" falsecount="0"/>
      <line num="281" count="3" type="stmt"/>
      <line num="283" count="0" type="cond" truecount="0" falsecount="2"/>
      <line num="289" count="1" type="stmt"/>
      <line num="290" count="0" type="stmt"/>
      <line num="291" count="0" type="stmt"/>
      <line num="292" count="0" type="cond" truecount="0" falsecount="2"/>
      <line num="293" count="0" type="stmt"/>
      <line num="295" count="0" type="stmt"/>
      <line num="300" count="1" type="stmt"/>
      <line num="301" count="1" type="stmt"/>
      <line num="302" count="1" type="stmt"/>
      <line num="303" count="1" type="stmt"/>
      <line num="304" count="1" type="stmt"/>
      <line num="305" count="1" type="stmt"/>
      <line num="306" count="1" type="stmt"/>
      <line num="307" count="1" type="stmt"/>
      <line num="308" count="1" type="stmt"/>
      <line num="309" count="1" type="stmt"/>
      <line num="310" count="1" type="stmt"/>
      <line num="311" count="1" type="stmt"/>
      <line num="312" count="1" type="stmt"/>
      <line num="313" count="1" type="stmt"/>
      <line num="314" count="1" type="stmt"/>
      <line num="315" count="1" type="stmt"/>
      <line num="316" count="1" type="stmt"/>
      <line num="321" count="1" type="cond" truecount="1" falsecount="0"/>
      <line num="322" count="6" type="stmt"/>
      <line num="323" count="6" type="stmt"/>
      <line num="324" count="6" type="cond" truecount="1" falsecount="1"/>
      <line num="325" count="6" type="stmt"/>
      <line num="327" count="6" type="cond" truecount="1" falsecount="1"/>
      <line num="328" count="10" type="stmt"/>
      <line num="329" count="6" type="stmt"/>
      <line num="331" count="6" type="stmt"/>
      <line num="332" count="6" type="stmt"/>
      <line num="333" count="6" type="stmt"/>
      <line num="334" count="6" type="stmt"/>
      <line num="335" count="6" type="stmt"/>
      <line num="336" count="6" type="stmt"/>
      <line num="337" count="6" type="stmt"/>
      <line num="339" count="6" type="stmt"/>
      <line num="342" count="10" type="stmt"/>
      <line num="343" count="10" type="stmt"/>
      <line num="344" count="10" type="stmt"/>
      <line num="345" count="10" type="cond" truecount="2" falsecount="0"/>
      <line num="346" count="5" type="stmt"/>
      <line num="347" count="5" type="stmt"/>
      <line num="349" count="5" type="stmt"/>
      <line num="350" count="5" type="stmt"/>
      <line num="355" count="2" type="stmt"/>
      <line num="356" count="2" type="cond" truecount="1" falsecount="1"/>
      <line num="359" count="6" type="stmt"/>
      <line num="360" count="1" type="cond" truecount="1" falsecount="1"/>
      <line num="361" count="1" type="stmt"/>
      <line num="362" count="1" type="stmt"/>
      <line num="365" count="6" type="stmt"/>
      <line num="366" count="3" type="cond" truecount="1" falsecount="1"/>
      <line num="367" count="3" type="stmt"/>
      <line num="368" count="3" type="stmt"/>
      <line num="371" count="6" type="stmt"/>
      <line num="372" count="6" type="stmt"/>
      <line num="374" count="6" type="stmt"/>
      <line num="379" count="1" type="stmt"/>
      <line num="380" count="6" type="cond" truecount="1" falsecount="1"/>
      <line num="381" count="6" type="stmt"/>
      <line num="382" count="6" type="cond" truecount="1" falsecount="1"/>
      <line num="383" count="6" type="stmt"/>
      <line num="384" count="6" type="cond" truecount="1" falsecount="1"/>
      <line num="385" count="6" type="stmt"/>
      <line num="386" count="6" type="stmt"/>
      <line num="391" count="1" type="stmt"/>
      <line num="392" count="1" type="cond" truecount="1" falsecount="1"/>
      <line num="393" count="1" type="stmt"/>
      <line num="394" count="1" type="cond" truecount="1" falsecount="1"/>
      <line num="395" count="1" type="stmt"/>
      <line num="396" count="1" type="cond" truecount="1" falsecount="1"/>
      <line num="397" count="1" type="stmt"/>
      <line num="398" count="3" type="cond" truecount="1" falsecount="1"/>
      <line num="403" count="1" type="stmt"/>
      <line num="404" count="3" type="stmt"/>
      <line num="405" count="3" type="cond" truecount="1" falsecount="1"/>
      <line num="406" count="3" type="stmt"/>
      <line num="407" count="3" type="cond" truecount="1" falsecount="1"/>
      <line num="409" count="3" type="cond" truecount="1" falsecount="1"/>
      <line num="410" count="3" type="stmt"/>
      <line num="411" count="3" type="stmt"/>
      <line num="412" count="3" type="cond" truecount="1" falsecount="1"/>
      <line num="414" count="0" type="stmt"/>
      <line num="417" count="3" type="cond" truecount="2" falsecount="0"/>
      <line num="420" count="3" type="stmt"/>
      <line num="421" count="3" type="stmt"/>
      <line num="422" count="3" type="cond" truecount="1" falsecount="1"/>
      <line num="423" count="3" type="stmt"/>
      <line num="425" count="0" type="stmt"/>
      <line num="426" count="0" type="stmt"/>
      <line num="429" count="3" type="stmt"/>
      <line num="430" count="3" type="stmt"/>
      <line num="432" count="3" type="stmt"/>
      <line num="433" count="3" type="cond" truecount="2" falsecount="0"/>
      <line num="434" count="2" type="stmt"/>
      <line num="435" count="0" type="stmt"/>
      <line num="436" count="0" type="stmt"/>
      <line num="443" count="1" type="stmt"/>
      <line num="444" count="1" type="stmt"/>
      <line num="445" count="1" type="cond" truecount="1" falsecount="1"/>
      <line num="446" count="1" type="stmt"/>
      <line num="448" count="0" type="stmt"/>
      <line num="449" count="0" type="stmt"/>
      <line num="450" count="0" type="stmt"/>
      <line num="456" count="1" type="stmt"/>
      <line num="457" count="4" type="stmt"/>
      <line num="458" count="4" type="cond" truecount="4" falsecount="0"/>
      <line num="459" count="2" type="stmt"/>
      <line num="460" count="2" type="stmt"/>
      <line num="461" count="2" type="cond" truecount="2" falsecount="0"/>
      <line num="466" count="1" type="stmt"/>
      <line num="467" count="6" type="stmt"/>
      <line num="468" count="4" type="stmt"/>
      <line num="469" count="4" type="cond" truecount="2" falsecount="0"/>
      <line num="472" count="1" type="stmt"/>
      <line num="473" count="6" type="cond" truecount="2" falsecount="0"/>
      <line num="474" count="2" type="cond" truecount="1" falsecount="1"/>
      <line num="475" count="2" type="stmt"/>
      <line num="476" count="4" type="stmt"/>
      <line num="478" count="0" type="stmt"/>
      <line num="479" count="0" type="stmt"/>
      <line num="482" count="1" type="stmt"/>
      <line num="483" count="1" type="stmt"/>
      <line num="484" count="1" type="cond" truecount="1" falsecount="1"/>
      <line num="486" count="1" type="stmt"/>
      <line num="489" count="1" type="stmt"/>
      <line num="490" count="0" type="stmt"/>
      <line num="491" count="0" type="stmt"/>
      <line num="496" count="0" type="stmt"/>
      <line num="497" count="0" type="stmt"/>
      <line num="508" count="1" type="stmt"/>
      <line num="510" count="1" type="stmt"/>
      <line num="511" count="0" type="stmt"/>
      <line num="512" count="0" type="stmt"/>
      <line num="513" count="0" type="stmt"/>
      <line num="516" count="0" type="cond" truecount="0" falsecount="4"/>
      <line num="517" count="0" type="cond" truecount="0" falsecount="2"/>
      <line num="518" count="0" type="stmt"/>
      <line num="519" count="0" type="stmt"/>
      <line num="521" count="0" type="stmt"/>
      <line num="522" count="0" type="stmt"/>
      <line num="523" count="0" type="cond" truecount="0" falsecount="2"/>
      <line num="524" count="0" type="stmt"/>
      <line num="525" count="0" type="stmt"/>
      <line num="527" count="0" type="stmt"/>
      <line num="528" count="0" type="stmt"/>
      <line num="529" count="0" type="stmt"/>
      <line num="530" count="0" type="stmt"/>
      <line num="534" count="0" type="cond" truecount="0" falsecount="4"/>
      <line num="535" count="0" type="cond" truecount="0" falsecount="2"/>
      <line num="536" count="0" type="stmt"/>
      <line num="537" count="0" type="stmt"/>
      <line num="539" count="0" type="stmt"/>
      <line num="540" count="0" type="stmt"/>
      <line num="542" count="0" type="stmt"/>
      <line num="546" count="0" type="cond" truecount="0" falsecount="5"/>
      <line num="547" count="0" type="stmt"/>
      <line num="548" count="0" type="stmt"/>
      <line num="549" count="0" type="cond" truecount="0" falsecount="2"/>
      <line num="550" count="0" type="stmt"/>
      <line num="554" count="0" type="cond" truecount="0" falsecount="4"/>
      <line num="555" count="0" type="stmt"/>
      <line num="560" count="1" type="stmt"/>
      <line num="563" count="1" type="cond" truecount="1" falsecount="1"/>
      <line num="564" count="0" type="stmt"/>
      <line num="565" count="0" type="stmt"/>
      <line num="566" count="0" type="cond" truecount="0" falsecount="2"/>
      <line num="567" count="0" type="stmt"/>
      <line num="570" count="0" type="stmt"/>
      <line num="572" count="1" type="stmt"/>
      <line num="573" count="1" type="stmt"/>
      <line num="574" count="1" type="cond" truecount="2" falsecount="2"/>
      <line num="576" count="0" type="stmt"/>
      <line num="577" count="0" type="cond" truecount="0" falsecount="2"/>
      <line num="579" count="1" type="stmt"/>
      <line num="581" count="1" type="stmt"/>
      <line num="582" count="1" type="cond" truecount="1" falsecount="1"/>
      <line num="583" count="0" type="stmt"/>
      <line num="584" count="0" type="stmt"/>
      <line num="585" count="0" type="stmt"/>
      <line num="586" count="0" type="stmt"/>
      <line num="593" count="0" type="stmt"/>
      <line num="594" count="0" type="stmt"/>
      <line num="596" count="0" type="stmt"/>
      <line num="597" count="0" type="stmt"/>
      <line num="598" count="0" type="cond" truecount="0" falsecount="2"/>
      <line num="599" count="0" type="stmt"/>
      <line num="600" count="0" type="stmt"/>
      <line num="602" count="0" type="stmt"/>
      <line num="603" count="0" type="stmt"/>
      <line num="604" count="0" type="stmt"/>
      <line num="608" count="1" type="stmt"/>
      <line num="609" count="2" type="stmt"/>
      <line num="610" count="2" type="cond" truecount="2" falsecount="0"/>
      <line num="611" count="1" type="stmt"/>
      <line num="612" count="1" type="stmt"/>
      <line num="614" count="1" type="stmt"/>
      <line num="615" count="1" type="stmt"/>
      <line num="621" count="0" type="stmt"/>
      <line num="622" count="0" type="stmt"/>
      <line num="623" count="0" type="stmt"/>
      <line num="624" count="0" type="cond" truecount="0" falsecount="2"/>
      <line num="625" count="0" type="stmt"/>
      <line num="626" count="0" type="stmt"/>
      <line num="627" count="0" type="cond" truecount="0" falsecount="2"/>
      <line num="629" count="0" type="stmt"/>
      <line num="630" count="0" type="stmt"/>
      <line num="633" count="0" type="stmt"/>
      <line num="634" count="0" type="stmt"/>
      <line num="636" count="0" type="stmt"/>
      <line num="637" count="0" type="stmt"/>
      <line num="638" count="0" type="stmt"/>
      <line num="640" count="0" type="cond" truecount="0" falsecount="2"/>
      <line num="642" count="0" type="cond" truecount="0" falsecount="2"/>
      <line num="643" count="0" type="cond" truecount="0" falsecount="2"/>
      <line num="644" count="0" type="stmt"/>
      <line num="645" count="0" type="stmt"/>
      <line num="648" count="0" type="stmt"/>
      <line num="649" count="0" type="cond" truecount="0" falsecount="2"/>
      <line num="650" count="0" type="stmt"/>
      <line num="653" count="0" type="cond" truecount="0" falsecount="2"/>
      <line num="655" count="0" type="stmt"/>
      <line num="656" count="0" type="stmt"/>
      <line num="657" count="0" type="stmt"/>
      <line num="659" count="0" type="stmt"/>
      <line num="660" count="0" type="stmt"/>
      <line num="661" count="0" type="stmt"/>
      <line num="662" count="0" type="stmt"/>
      <line num="666" count="0" type="stmt"/>
      <line num="667" count="0" type="cond" truecount="0" falsecount="2"/>
      <line num="668" count="0" type="cond" truecount="0" falsecount="2"/>
      <line num="670" count="0" type="cond" truecount="0" falsecount="2"/>
      <line num="671" count="0" type="stmt"/>
      <line num="672" count="0" type="stmt"/>
      <line num="674" count="0" type="cond" truecount="0" falsecount="4"/>
      <line num="675" count="0" type="stmt"/>
      <line num="678" count="0" type="stmt"/>
      <line num="679" count="0" type="stmt"/>
      <line num="680" count="0" type="stmt"/>
      <line num="681" count="0" type="stmt"/>
      <line num="682" count="0" type="stmt"/>
      <line num="683" count="0" type="stmt"/>
      <line num="684" count="0" type="stmt"/>
      <line num="687" count="0" type="stmt"/>
      <line num="688" count="0" type="stmt"/>
      <line num="689" count="0" type="cond" truecount="0" falsecount="2"/>
      <line num="690" count="0" type="stmt"/>
      <line num="691" count="0" type="stmt"/>
      <line num="692" count="0" type="cond" truecount="0" falsecount="2"/>
      <line num="694" count="0" type="stmt"/>
      <line num="695" count="0" type="stmt"/>
      <line num="698" count="0" type="stmt"/>
      <line num="705" count="0" type="cond" truecount="0" falsecount="2"/>
      <line num="706" count="0" type="stmt"/>
      <line num="708" count="0" type="stmt"/>
      <line num="714" count="1" type="stmt"/>
      <line num="715" count="4" type="cond" truecount="1" falsecount="1"/>
      <line num="716" count="4" type="cond" truecount="2" falsecount="0"/>
      <line num="717" count="2" type="cond" truecount="4" falsecount="0"/>
      <line num="718" count="1" type="stmt"/>
      <line num="720" count="2" type="stmt"/>
      <line num="721" count="1" type="stmt"/>
      <line num="723" count="2" type="cond" truecount="1" falsecount="1"/>
      <line num="724" count="2" type="cond" truecount="4" falsecount="0"/>
      <line num="725" count="1" type="stmt"/>
      <line num="727" count="1" type="cond" truecount="1" falsecount="2"/>
      <line num="728" count="1" type="stmt"/>
      <line num="731" count="0" type="cond" truecount="0" falsecount="2"/>
      <line num="734" count="4" type="stmt"/>
      <line num="735" count="4" type="cond" truecount="2" falsecount="0"/>
      <line num="736" count="2" type="stmt"/>
      <line num="738" count="2" type="stmt"/>
      <line num="743" count="1" type="stmt"/>
      <line num="744" count="20" type="stmt"/>
      <line num="746" count="20" type="cond" truecount="4" falsecount="0"/>
      <line num="747" count="5" type="stmt"/>
      <line num="750" count="20" type="cond" truecount="3" falsecount="1"/>
      <line num="751" count="0" type="stmt"/>
      <line num="754" count="20" type="cond" truecount="2" falsecount="0"/>
      <line num="756" count="11" type="cond" truecount="4" falsecount="0"/>
      <line num="758" count="7" type="stmt"/>
      <line num="769" count="7" type="cond" truecount="2" falsecount="0"/>
      <line num="772" count="1" type="stmt"/>
      <line num="773" count="8" type="stmt"/>
      <line num="775" count="8" type="cond" truecount="2" falsecount="0"/>
      <line num="776" count="7" type="cond" truecount="4" falsecount="0"/>
      <line num="778" count="6" type="stmt"/>
      <line num="781" count="1" type="stmt"/>
      <line num="782" count="2" type="stmt"/>
      <line num="783" count="2" type="stmt"/>
      <line num="784" count="2" type="stmt"/>
      <line num="786" count="2" type="stmt"/>
      <line num="787" count="3" type="cond" truecount="5" falsecount="0"/>
      <line num="788" count="3" type="stmt"/>
      <line num="789" count="3" type="stmt"/>
      <line num="790" count="2" type="cond" truecount="1" falsecount="1"/>
      <line num="791" count="0" type="stmt"/>
      <line num="793" count="2" type="stmt"/>
      <line num="794" count="2" type="stmt"/>
      <line num="795" count="2" type="stmt"/>
      <line num="796" count="2" type="stmt"/>
      <line num="799" count="6" type="cond" truecount="1" falsecount="1"/>
      <line num="801" count="0" type="stmt"/>
      <line num="802" count="0" type="stmt"/>
      <line num="803" count="0" type="stmt"/>
      <line num="804" count="0" type="cond" truecount="0" falsecount="2"/>
      <line num="805" count="0" type="stmt"/>
      <line num="807" count="0" type="stmt"/>
      <line num="808" count="0" type="stmt"/>
      <line num="809" count="0" type="stmt"/>
      <line num="810" count="0" type="stmt"/>
      <line num="813" count="6" type="stmt"/>
      <line num="814" count="6" type="stmt"/>
      <line num="815" count="0" type="stmt"/>
      <line num="816" count="0" type="cond" truecount="0" falsecount="2"/>
      <line num="817" count="0" type="stmt"/>
      <line num="820" count="6" type="cond" truecount="4" falsecount="0"/>
      <line num="821" count="4" type="cond" truecount="1" falsecount="1"/>
      <line num="822" count="4" type="stmt"/>
      <line num="823" count="2" type="cond" truecount="3" falsecount="2"/>
      <line num="824" count="0" type="stmt"/>
      <line num="827" count="6" type="stmt"/>
      <line num="828" count="6" type="stmt"/>
      <line num="832" count="2" type="stmt"/>
      <line num="833" count="4" type="stmt"/>
      <line num="834" count="0" type="stmt"/>
      <line num="835" count="0" type="cond" truecount="0" falsecount="2"/>
      <line num="837" count="4" type="stmt"/>
      <line num="841" count="2" type="stmt"/>
      <line num="842" count="4" type="stmt"/>
      <line num="843" count="4" type="stmt"/>
      <line num="844" count="4" type="stmt"/>
      <line num="846" count="4" type="cond" truecount="1" falsecount="1"/>
      <line num="847" count="4" type="stmt"/>
      <line num="848" count="4" type="stmt"/>
      <line num="850" count="4" type="stmt"/>
      <line num="851" count="4" type="cond" truecount="1" falsecount="1"/>
      <line num="853" count="0" type="stmt"/>
      <line num="857" count="4" type="cond" truecount="3" falsecount="1"/>
      <line num="859" count="4" type="cond" truecount="1" falsecount="1"/>
      <line num="860" count="0" type="stmt"/>
      <line num="861" count="0" type="stmt"/>
      <line num="862" count="0" type="stmt"/>
      <line num="865" count="0" type="stmt"/>
      <line num="866" count="0" type="cond" truecount="0" falsecount="2"/>
      <line num="867" count="0" type="cond" truecount="0" falsecount="2"/>
      <line num="869" count="0" type="cond" truecount="0" falsecount="2"/>
      <line num="870" count="0" type="stmt"/>
      <line num="871" count="0" type="stmt"/>
      <line num="872" count="0" type="stmt"/>
      <line num="873" count="0" type="cond" truecount="0" falsecount="2"/>
      <line num="874" count="0" type="stmt"/>
      <line num="875" count="0" type="cond" truecount="0" falsecount="2"/>
      <line num="876" count="0" type="cond" truecount="0" falsecount="2"/>
      <line num="877" count="0" type="stmt"/>
      <line num="878" count="0" type="stmt"/>
      <line num="879" count="0" type="stmt"/>
      <line num="880" count="0" type="stmt"/>
      <line num="881" count="0" type="stmt"/>
      <line num="885" count="0" type="stmt"/>
      <line num="887" count="0" type="stmt"/>
      <line num="888" count="0" type="stmt"/>
      <line num="891" count="4" type="stmt"/>
      <line num="892" count="4" type="cond" truecount="1" falsecount="1"/>
      <line num="893" count="4" type="cond" truecount="2" falsecount="0"/>
      <line num="894" count="4" type="stmt"/>
      <line num="896" count="4" type="cond" truecount="1" falsecount="1"/>
      <line num="897" count="0" type="stmt"/>
      <line num="898" count="0" type="stmt"/>
      <line num="899" count="0" type="stmt"/>
      <line num="900" count="0" type="cond" truecount="0" falsecount="2"/>
      <line num="901" count="0" type="stmt"/>
      <line num="902" count="0" type="stmt"/>
      <line num="905" count="0" type="stmt"/>
      <line num="906" count="0" type="stmt"/>
      <line num="907" count="0" type="stmt"/>
      <line num="908" count="0" type="stmt"/>
      <line num="911" count="4" type="cond" truecount="4" falsecount="0"/>
      <line num="912" count="1" type="stmt"/>
      <line num="913" count="1" type="stmt"/>
      <line num="914" count="1" type="stmt"/>
      <line num="917" count="3" type="cond" truecount="1" falsecount="1"/>
      <line num="918" count="3" type="cond" truecount="1" falsecount="1"/>
      <line num="919" count="3" type="stmt"/>
      <line num="920" count="3" type="stmt"/>
      <line num="922" count="0" type="stmt"/>
      <line num="923" count="0" type="stmt"/>
      <line num="927" count="0" type="stmt"/>
      <line num="928" count="0" type="stmt"/>
      <line num="930" count="0" type="cond" truecount="0" falsecount="2"/>
      <line num="931" count="0" type="stmt"/>
      <line num="932" count="0" type="cond" truecount="0" falsecount="2"/>
      <line num="933" count="0" type="stmt"/>
      <line num="934" count="0" type="stmt"/>
      <line num="935" count="0" type="cond" truecount="0" falsecount="2"/>
      <line num="936" count="0" type="cond" truecount="0" falsecount="2"/>
      <line num="937" count="0" type="stmt"/>
      <line num="938" count="0" type="stmt"/>
      <line num="939" count="0" type="stmt"/>
      <line num="940" count="0" type="stmt"/>
      <line num="941" count="0" type="stmt"/>
      <line num="944" count="0" type="stmt"/>
      <line num="947" count="0" type="stmt"/>
      <line num="948" count="0" type="stmt"/>
      <line num="953" count="0" type="cond" truecount="0" falsecount="4"/>
      <line num="954" count="0" type="cond" truecount="0" falsecount="2"/>
      <line num="956" count="0" type="stmt"/>
      <line num="957" count="0" type="stmt"/>
      <line num="959" count="0" type="cond" truecount="0" falsecount="2"/>
      <line num="960" count="0" type="stmt"/>
      <line num="961" count="0" type="stmt"/>
      <line num="962" count="0" type="stmt"/>
      <line num="963" count="0" type="stmt"/>
      <line num="964" count="0" type="stmt"/>
      <line num="967" count="0" type="cond" truecount="0" falsecount="2"/>
      <line num="968" count="0" type="stmt"/>
      <line num="969" count="0" type="stmt"/>
      <line num="970" count="0" type="stmt"/>
      <line num="971" count="0" type="stmt"/>
      <line num="972" count="0" type="cond" truecount="0" falsecount="2"/>
      <line num="973" count="0" type="stmt"/>
      <line num="974" count="0" type="stmt"/>
      <line num="975" count="0" type="stmt"/>
      <line num="978" count="0" type="cond" truecount="0" falsecount="2"/>
      <line num="979" count="0" type="stmt"/>
      <line num="980" count="0" type="stmt"/>
      <line num="981" count="0" type="cond" truecount="0" falsecount="2"/>
      <line num="982" count="0" type="stmt"/>
      <line num="983" count="0" type="stmt"/>
      <line num="987" count="0" type="cond" truecount="0" falsecount="2"/>
      <line num="988" count="0" type="cond" truecount="0" falsecount="4"/>
      <line num="989" count="0" type="stmt"/>
      <line num="990" count="0" type="stmt"/>
      <line num="991" count="0" type="stmt"/>
      <line num="1001" count="2" type="cond" truecount="2" falsecount="0"/>
      <line num="1002" count="2" type="cond" truecount="2" falsecount="0"/>
      <line num="1005" count="2" type="stmt"/>
      <line num="1006" count="4" type="stmt"/>
      <line num="1007" count="4" type="stmt"/>
      <line num="1009" count="2" type="stmt"/>
      <line num="1011" count="2" type="stmt"/>
      <line num="1012" count="2" type="stmt"/>
      <line num="1014" count="2" type="stmt"/>
      <line num="1018" count="1" type="stmt"/>
      <line num="1019" count="15" type="stmt"/>
      <line num="1020" count="15" type="stmt"/>
      <line num="1021" count="15" type="stmt"/>
      <line num="1022" count="15" type="stmt"/>
      <line num="1023" count="15" type="stmt"/>
      <line num="1026" count="15" type="cond" truecount="2" falsecount="0"/>
      <line num="1033" count="4" type="stmt"/>
      <line num="1037" count="11" type="cond" truecount="2" falsecount="0"/>
      <line num="1042" count="2" type="stmt"/>
      <line num="1046" count="9" type="cond" truecount="2" falsecount="0"/>
      <line num="1053" count="1" type="stmt"/>
      <line num="1057" count="8" type="cond" truecount="2" falsecount="0"/>
      <line num="1061" count="1" type="stmt"/>
      <line num="1065" count="7" type="cond" truecount="2" falsecount="0"/>
      <line num="1071" count="1" type="stmt"/>
      <line num="1075" count="6" type="cond" truecount="2" falsecount="0"/>
      <line num="1080" count="1" type="stmt"/>
      <line num="1085" count="5" type="cond" truecount="3" falsecount="1"/>
      <line num="1086" count="0" type="stmt"/>
      <line num="1091" count="1" type="stmt"/>
      <line num="1092" count="4" type="stmt"/>
      <line num="1093" count="4" type="stmt"/>
      <line num="1094" count="4" type="stmt"/>
      <line num="1095" count="4" type="stmt"/>
      <line num="1096" count="4" type="stmt"/>
      <line num="1099" count="4" type="cond" truecount="2" falsecount="0"/>
      <line num="1100" count="2" type="stmt"/>
      <line num="1101" count="2" type="stmt"/>
      <line num="1106" count="7" type="cond" truecount="1" falsecount="1"/>
      <line num="1107" count="7" type="stmt"/>
      <line num="1108" count="7" type="stmt"/>
      <line num="1109" count="7" type="stmt"/>
      <line num="1114" count="1" type="stmt"/>
      <line num="1115" count="1" type="cond" truecount="1" falsecount="1"/>
      <line num="1116" count="1" type="stmt"/>
      <line num="1118" count="1" type="stmt"/>
      <line num="1122" count="1" type="stmt"/>
      <line num="1123" count="1" type="stmt"/>
      <line num="1124" count="1" type="stmt"/>
      <line num="1129" count="8" type="stmt"/>
      <line num="1133" count="4" type="cond" truecount="3" falsecount="1"/>
      <line num="1135" count="4" type="stmt"/>
      <line num="1137" count="4" type="cond" truecount="2" falsecount="2"/>
      <line num="1144" count="4" type="stmt"/>
      <line num="1146" count="4" type="cond" truecount="2" falsecount="0"/>
      <line num="1148" count="3" type="cond" truecount="1" falsecount="1"/>
      <line num="1149" count="0" type="stmt"/>
      <line num="1150" count="0" type="stmt"/>
      <line num="1152" count="3" type="stmt"/>
      <line num="1153" count="3" type="stmt"/>
      <line num="1154" count="3" type="stmt"/>
      <line num="1156" count="3" type="cond" truecount="2" falsecount="0"/>
      <line num="1157" count="1" type="stmt"/>
      <line num="1159" count="1" type="stmt"/>
      <line num="1160" count="1" type="stmt"/>
      <line num="1161" count="1" type="stmt"/>
      <line num="1163" count="1" type="stmt"/>
      <line num="1164" count="1" type="stmt"/>
      <line num="1165" count="1" type="stmt"/>
      <line num="1166" count="1" type="stmt"/>
      <line num="1167" count="1" type="stmt"/>
      <line num="1172" count="1" type="stmt"/>
      <line num="1177" count="4" type="stmt"/>
      <line num="1178" count="4" type="stmt"/>
      <line num="1181" count="4" type="stmt"/>
      <line num="1182" count="4" type="stmt"/>
    </file>
  </project>
</coverage>
