<?xml version="1.0" encoding="UTF-8"?>
<coverage generated="1781532390479" clover="3.2.0">
  <project timestamp="1781532390479" name="All files">
    <metrics statements="602" coveredstatements="360" conditionals="397" coveredconditionals="209" methods="83" coveredmethods="54" elements="1082" coveredelements="623" complexity="0" loc="602" ncloc="602" packages="1" files="1" classes="1"/>
    <file name="script.js" path="C:\Users\артем\Desktop\Универ\Проект по программной инженерии\frontend\script.js">
      <metrics statements="602" coveredstatements="360" conditionals="397" coveredconditionals="209" methods="83" coveredmethods="54"/>
      <line num="1" count="1" type="stmt"/>
      <line num="2" count="1" type="stmt"/>
      <line num="3" count="1" type="stmt"/>
      <line num="4" count="1" type="stmt"/>
      <line num="5" count="1" type="stmt"/>
      <line num="6" count="1" type="stmt"/>
      <line num="7" count="1" type="stmt"/>
      <line num="8" count="1" type="stmt"/>
      <line num="11" count="1" type="stmt"/>
      <line num="12" count="3" type="stmt"/>
      <line num="13" count="3" type="stmt"/>
      <line num="14" count="3" type="stmt"/>
      <line num="15" count="3" type="stmt"/>
      <line num="19" count="1" type="stmt"/>
      <line num="20" count="1" type="stmt"/>
      <line num="22" count="1" type="stmt"/>
      <line num="23" count="1" type="stmt"/>
      <line num="24" count="1" type="stmt"/>
      <line num="25" count="1" type="stmt"/>
      <line num="26" count="1" type="stmt"/>
      <line num="27" count="1" type="cond" truecount="2" falsecount="0"/>
      <line num="28" count="1" type="stmt"/>
      <line num="30" count="1" type="stmt"/>
      <line num="31" count="0" type="stmt"/>
      <line num="32" count="0" type="cond" truecount="0" falsecount="2"/>
      <line num="33" count="0" type="stmt"/>
      <line num="34" count="0" type="stmt"/>
      <line num="35" count="0" type="cond" truecount="0" falsecount="2"/>
      <line num="38" count="1" type="stmt"/>
      <line num="39" count="2" type="stmt"/>
      <line num="43" count="1" type="stmt"/>
      <line num="44" count="4" type="stmt"/>
      <line num="45" count="4" type="cond" truecount="2" falsecount="0"/>
      <line num="46" count="2" type="stmt"/>
      <line num="50" count="1" type="stmt"/>
      <line num="51" count="2" type="stmt"/>
      <line num="55" count="1" type="stmt"/>
      <line num="56" count="0" type="cond" truecount="0" falsecount="2"/>
      <line num="58" count="0" type="stmt"/>
      <line num="60" count="0" type="stmt"/>
      <line num="61" count="0" type="stmt"/>
      <line num="64" count="1" type="stmt"/>
      <line num="65" count="3" type="cond" truecount="2" falsecount="0"/>
      <line num="67" count="1" type="stmt"/>
      <line num="71" count="3" type="cond" truecount="2" falsecount="0"/>
      <line num="73" count="3" type="stmt"/>
      <line num="79" count="3" type="stmt"/>
      <line num="81" count="3" type="cond" truecount="2" falsecount="0"/>
      <line num="82" count="1" type="stmt"/>
      <line num="83" count="1" type="cond" truecount="1" falsecount="1"/>
      <line num="84" count="1" type="stmt"/>
      <line num="85" count="0" type="stmt"/>
      <line num="92" count="1" type="stmt"/>
      <line num="93" count="0" type="stmt"/>
      <line num="94" count="0" type="stmt"/>
      <line num="95" count="0" type="cond" truecount="0" falsecount="2"/>
      <line num="97" count="0" type="stmt"/>
      <line num="100" count="1" type="stmt"/>
      <line num="101" count="1" type="stmt"/>
      <line num="102" count="1" type="stmt"/>
      <line num="103" count="1" type="stmt"/>
      <line num="104" count="1" type="stmt"/>
      <line num="105" count="1" type="stmt"/>
      <line num="107" count="1" type="stmt"/>
      <line num="123" count="1" type="stmt"/>
      <line num="138" count="1" type="stmt"/>
      <line num="139" count="1" type="stmt"/>
      <line num="141" count="1" type="stmt"/>
      <line num="153" count="1" type="stmt"/>
      <line num="171" count="1" type="stmt"/>
      <line num="178" count="1" type="stmt"/>
      <line num="179" count="17" type="cond" truecount="4" falsecount="0"/>
      <line num="180" count="15" type="cond" truecount="2" falsecount="0"/>
      <line num="184" count="1" type="stmt"/>
      <line num="185" count="16" type="stmt"/>
      <line num="186" count="16" type="stmt"/>
      <line num="187" count="16" type="stmt"/>
      <line num="188" count="16" type="stmt"/>
      <line num="190" count="16" type="cond" truecount="2" falsecount="0"/>
      <line num="191" count="20" type="stmt"/>
      <line num="192" count="20" type="stmt"/>
      <line num="196" count="1" type="cond" truecount="3" falsecount="1"/>
      <line num="197" count="0" type="stmt"/>
      <line num="198" count="0" type="stmt"/>
      <line num="201" count="1" type="cond" truecount="1" falsecount="1"/>
      <line num="202" count="0" type="stmt"/>
      <line num="203" count="0" type="cond" truecount="0" falsecount="2"/>
      <line num="204" count="0" type="stmt"/>
      <line num="206" count="0" type="stmt"/>
      <line num="211" count="1" type="stmt"/>
      <line num="212" count="1" type="cond" truecount="1" falsecount="1"/>
      <line num="213" count="0" type="stmt"/>
      <line num="214" count="0" type="cond" truecount="0" falsecount="2"/>
      <line num="215" count="0" type="stmt"/>
      <line num="217" count="0" type="stmt"/>
      <line num="222" count="1" type="stmt"/>
      <line num="223" count="1" type="cond" truecount="1" falsecount="1"/>
      <line num="225" count="1" type="stmt"/>
      <line num="226" count="1" type="cond" truecount="1" falsecount="1"/>
      <line num="227" count="0" type="stmt"/>
      <line num="228" count="0" type="stmt"/>
      <line num="230" count="1" type="stmt"/>
      <line num="231" count="0" type="stmt"/>
      <line num="232" count="0" type="stmt"/>
      <line num="233" count="0" type="cond" truecount="0" falsecount="2"/>
      <line num="234" count="0" type="cond" truecount="0" falsecount="2"/>
      <line num="238" count="1" type="stmt"/>
      <line num="239" count="7" type="cond" truecount="2" falsecount="0"/>
      <line num="240" count="3" type="cond" truecount="4" falsecount="0"/>
      <line num="241" count="1" type="stmt"/>
      <line num="243" count="2" type="stmt"/>
      <line num="244" count="2" type="stmt"/>
      <line num="245" count="4" type="cond" truecount="1" falsecount="1"/>
      <line num="246" count="4" type="cond" truecount="4" falsecount="0"/>
      <line num="247" count="1" type="stmt"/>
      <line num="249" count="3" type="cond" truecount="3" falsecount="0"/>
      <line num="250" count="3" type="stmt"/>
      <line num="252" count="0" type="cond" truecount="0" falsecount="2"/>
      <line num="258" count="1" type="stmt"/>
      <line num="259" count="0" type="stmt"/>
      <line num="260" count="0" type="stmt"/>
      <line num="261" count="0" type="cond" truecount="0" falsecount="2"/>
      <line num="262" count="0" type="stmt"/>
      <line num="264" count="0" type="stmt"/>
      <line num="269" count="1" type="stmt"/>
      <line num="270" count="1" type="stmt"/>
      <line num="271" count="1" type="stmt"/>
      <line num="272" count="1" type="stmt"/>
      <line num="273" count="1" type="stmt"/>
      <line num="274" count="1" type="stmt"/>
      <line num="275" count="1" type="stmt"/>
      <line num="276" count="1" type="stmt"/>
      <line num="277" count="1" type="stmt"/>
      <line num="278" count="1" type="stmt"/>
      <line num="279" count="1" type="stmt"/>
      <line num="280" count="1" type="stmt"/>
      <line num="281" count="1" type="stmt"/>
      <line num="282" count="1" type="stmt"/>
      <line num="283" count="1" type="stmt"/>
      <line num="284" count="1" type="stmt"/>
      <line num="285" count="1" type="stmt"/>
      <line num="290" count="1" type="cond" truecount="1" falsecount="0"/>
      <line num="291" count="6" type="stmt"/>
      <line num="292" count="6" type="stmt"/>
      <line num="293" count="6" type="cond" truecount="1" falsecount="1"/>
      <line num="294" count="6" type="stmt"/>
      <line num="296" count="6" type="cond" truecount="1" falsecount="1"/>
      <line num="297" count="10" type="stmt"/>
      <line num="298" count="6" type="stmt"/>
      <line num="300" count="6" type="stmt"/>
      <line num="301" count="6" type="stmt"/>
      <line num="302" count="6" type="stmt"/>
      <line num="303" count="6" type="stmt"/>
      <line num="304" count="6" type="stmt"/>
      <line num="305" count="6" type="stmt"/>
      <line num="306" count="6" type="stmt"/>
      <line num="308" count="6" type="stmt"/>
      <line num="311" count="10" type="stmt"/>
      <line num="312" count="10" type="stmt"/>
      <line num="313" count="10" type="stmt"/>
      <line num="314" count="10" type="cond" truecount="2" falsecount="0"/>
      <line num="315" count="5" type="stmt"/>
      <line num="316" count="5" type="stmt"/>
      <line num="318" count="5" type="stmt"/>
      <line num="319" count="5" type="stmt"/>
      <line num="324" count="2" type="stmt"/>
      <line num="325" count="2" type="cond" truecount="1" falsecount="1"/>
      <line num="328" count="6" type="stmt"/>
      <line num="329" count="1" type="cond" truecount="1" falsecount="1"/>
      <line num="330" count="1" type="stmt"/>
      <line num="331" count="1" type="stmt"/>
      <line num="334" count="6" type="stmt"/>
      <line num="335" count="3" type="cond" truecount="1" falsecount="1"/>
      <line num="336" count="3" type="stmt"/>
      <line num="337" count="3" type="stmt"/>
      <line num="340" count="6" type="stmt"/>
      <line num="341" count="6" type="stmt"/>
      <line num="343" count="6" type="stmt"/>
      <line num="348" count="1" type="stmt"/>
      <line num="349" count="6" type="cond" truecount="1" falsecount="1"/>
      <line num="350" count="6" type="stmt"/>
      <line num="351" count="6" type="cond" truecount="1" falsecount="1"/>
      <line num="352" count="6" type="stmt"/>
      <line num="353" count="6" type="cond" truecount="1" falsecount="1"/>
      <line num="354" count="6" type="stmt"/>
      <line num="355" count="6" type="stmt"/>
      <line num="360" count="1" type="stmt"/>
      <line num="361" count="1" type="cond" truecount="1" falsecount="1"/>
      <line num="362" count="1" type="stmt"/>
      <line num="363" count="1" type="cond" truecount="1" falsecount="1"/>
      <line num="364" count="1" type="stmt"/>
      <line num="365" count="1" type="cond" truecount="1" falsecount="1"/>
      <line num="366" count="1" type="stmt"/>
      <line num="367" count="3" type="cond" truecount="1" falsecount="1"/>
      <line num="372" count="1" type="stmt"/>
      <line num="373" count="3" type="stmt"/>
      <line num="374" count="3" type="cond" truecount="1" falsecount="1"/>
      <line num="375" count="3" type="stmt"/>
      <line num="376" count="3" type="cond" truecount="1" falsecount="1"/>
      <line num="377" count="3" type="stmt"/>
      <line num="378" count="3" type="cond" truecount="2" falsecount="0"/>
      <line num="381" count="3" type="stmt"/>
      <line num="382" count="3" type="stmt"/>
      <line num="383" count="3" type="stmt"/>
      <line num="384" count="3" type="stmt"/>
      <line num="385" count="3" type="cond" truecount="2" falsecount="0"/>
      <line num="386" count="2" type="stmt"/>
      <line num="387" count="0" type="stmt"/>
      <line num="388" count="0" type="stmt"/>
      <line num="395" count="1" type="stmt"/>
      <line num="396" count="1" type="stmt"/>
      <line num="397" count="1" type="cond" truecount="1" falsecount="1"/>
      <line num="398" count="1" type="stmt"/>
      <line num="400" count="0" type="stmt"/>
      <line num="401" count="0" type="stmt"/>
      <line num="402" count="0" type="stmt"/>
      <line num="408" count="1" type="stmt"/>
      <line num="409" count="4" type="stmt"/>
      <line num="410" count="4" type="cond" truecount="4" falsecount="0"/>
      <line num="411" count="2" type="stmt"/>
      <line num="412" count="2" type="stmt"/>
      <line num="413" count="2" type="cond" truecount="2" falsecount="0"/>
      <line num="418" count="1" type="stmt"/>
      <line num="419" count="6" type="stmt"/>
      <line num="420" count="4" type="stmt"/>
      <line num="421" count="4" type="cond" truecount="2" falsecount="0"/>
      <line num="424" count="1" type="stmt"/>
      <line num="425" count="6" type="cond" truecount="4" falsecount="0"/>
      <line num="426" count="4" type="cond" truecount="2" falsecount="0"/>
      <line num="427" count="2" type="stmt"/>
      <line num="428" count="2" type="stmt"/>
      <line num="430" count="2" type="stmt"/>
      <line num="431" count="4" type="stmt"/>
      <line num="434" count="1" type="stmt"/>
      <line num="435" count="1" type="stmt"/>
      <line num="436" count="1" type="cond" truecount="1" falsecount="1"/>
      <line num="438" count="1" type="stmt"/>
      <line num="441" count="1" type="stmt"/>
      <line num="442" count="0" type="stmt"/>
      <line num="443" count="0" type="stmt"/>
      <line num="448" count="0" type="stmt"/>
      <line num="449" count="0" type="stmt"/>
      <line num="460" count="1" type="stmt"/>
      <line num="462" count="1" type="stmt"/>
      <line num="463" count="0" type="stmt"/>
      <line num="464" count="0" type="stmt"/>
      <line num="465" count="0" type="stmt"/>
      <line num="468" count="0" type="cond" truecount="0" falsecount="4"/>
      <line num="469" count="0" type="cond" truecount="0" falsecount="2"/>
      <line num="470" count="0" type="stmt"/>
      <line num="471" count="0" type="stmt"/>
      <line num="473" count="0" type="stmt"/>
      <line num="474" count="0" type="stmt"/>
      <line num="475" count="0" type="cond" truecount="0" falsecount="2"/>
      <line num="476" count="0" type="stmt"/>
      <line num="477" count="0" type="stmt"/>
      <line num="479" count="0" type="stmt"/>
      <line num="480" count="0" type="stmt"/>
      <line num="481" count="0" type="stmt"/>
      <line num="482" count="0" type="stmt"/>
      <line num="486" count="0" type="cond" truecount="0" falsecount="4"/>
      <line num="487" count="0" type="cond" truecount="0" falsecount="2"/>
      <line num="488" count="0" type="stmt"/>
      <line num="489" count="0" type="stmt"/>
      <line num="491" count="0" type="stmt"/>
      <line num="492" count="0" type="stmt"/>
      <line num="494" count="0" type="stmt"/>
      <line num="498" count="0" type="cond" truecount="0" falsecount="5"/>
      <line num="499" count="0" type="stmt"/>
      <line num="500" count="0" type="stmt"/>
      <line num="501" count="0" type="cond" truecount="0" falsecount="2"/>
      <line num="502" count="0" type="stmt"/>
      <line num="506" count="0" type="cond" truecount="0" falsecount="4"/>
      <line num="507" count="0" type="stmt"/>
      <line num="512" count="1" type="stmt"/>
      <line num="514" count="1" type="stmt"/>
      <line num="515" count="1" type="stmt"/>
      <line num="516" count="1" type="stmt"/>
      <line num="517" count="1" type="cond" truecount="2" falsecount="2"/>
      <line num="519" count="0" type="stmt"/>
      <line num="520" count="0" type="cond" truecount="0" falsecount="2"/>
      <line num="522" count="1" type="stmt"/>
      <line num="524" count="1" type="stmt"/>
      <line num="525" count="1" type="cond" truecount="1" falsecount="1"/>
      <line num="526" count="0" type="stmt"/>
      <line num="527" count="0" type="stmt"/>
      <line num="528" count="0" type="stmt"/>
      <line num="529" count="0" type="stmt"/>
      <line num="536" count="0" type="stmt"/>
      <line num="537" count="0" type="stmt"/>
      <line num="539" count="0" type="stmt"/>
      <line num="540" count="0" type="stmt"/>
      <line num="541" count="0" type="cond" truecount="0" falsecount="2"/>
      <line num="542" count="0" type="stmt"/>
      <line num="543" count="0" type="stmt"/>
      <line num="545" count="0" type="stmt"/>
      <line num="546" count="0" type="stmt"/>
      <line num="547" count="0" type="stmt"/>
      <line num="551" count="1" type="stmt"/>
      <line num="552" count="2" type="stmt"/>
      <line num="553" count="2" type="cond" truecount="2" falsecount="0"/>
      <line num="554" count="1" type="stmt"/>
      <line num="555" count="1" type="stmt"/>
      <line num="557" count="1" type="stmt"/>
      <line num="558" count="1" type="stmt"/>
      <line num="564" count="0" type="stmt"/>
      <line num="565" count="0" type="stmt"/>
      <line num="566" count="0" type="stmt"/>
      <line num="567" count="0" type="stmt"/>
      <line num="568" count="0" type="cond" truecount="0" falsecount="2"/>
      <line num="570" count="0" type="stmt"/>
      <line num="571" count="0" type="stmt"/>
      <line num="574" count="0" type="stmt"/>
      <line num="575" count="0" type="stmt"/>
      <line num="577" count="0" type="stmt"/>
      <line num="578" count="0" type="stmt"/>
      <line num="579" count="0" type="stmt"/>
      <line num="581" count="0" type="cond" truecount="0" falsecount="2"/>
      <line num="583" count="0" type="cond" truecount="0" falsecount="2"/>
      <line num="584" count="0" type="cond" truecount="0" falsecount="2"/>
      <line num="585" count="0" type="stmt"/>
      <line num="586" count="0" type="stmt"/>
      <line num="589" count="0" type="stmt"/>
      <line num="590" count="0" type="cond" truecount="0" falsecount="2"/>
      <line num="591" count="0" type="stmt"/>
      <line num="594" count="0" type="cond" truecount="0" falsecount="2"/>
      <line num="596" count="0" type="stmt"/>
      <line num="597" count="0" type="stmt"/>
      <line num="598" count="0" type="stmt"/>
      <line num="600" count="0" type="stmt"/>
      <line num="601" count="0" type="stmt"/>
      <line num="602" count="0" type="stmt"/>
      <line num="603" count="0" type="stmt"/>
      <line num="607" count="0" type="stmt"/>
      <line num="608" count="0" type="cond" truecount="0" falsecount="2"/>
      <line num="609" count="0" type="cond" truecount="0" falsecount="2"/>
      <line num="610" count="0" type="stmt"/>
      <line num="611" count="0" type="stmt"/>
      <line num="613" count="0" type="stmt"/>
      <line num="614" count="0" type="stmt"/>
      <line num="615" count="0" type="stmt"/>
      <line num="616" count="0" type="stmt"/>
      <line num="617" count="0" type="stmt"/>
      <line num="618" count="0" type="stmt"/>
      <line num="621" count="0" type="stmt"/>
      <line num="622" count="0" type="stmt"/>
      <line num="623" count="0" type="cond" truecount="0" falsecount="2"/>
      <line num="624" count="0" type="stmt"/>
      <line num="625" count="0" type="stmt"/>
      <line num="626" count="0" type="cond" truecount="0" falsecount="2"/>
      <line num="628" count="0" type="stmt"/>
      <line num="629" count="0" type="stmt"/>
      <line num="632" count="0" type="stmt"/>
      <line num="639" count="0" type="cond" truecount="0" falsecount="2"/>
      <line num="640" count="0" type="stmt"/>
      <line num="642" count="0" type="stmt"/>
      <line num="648" count="1" type="stmt"/>
      <line num="649" count="4" type="cond" truecount="2" falsecount="0"/>
      <line num="650" count="2" type="cond" truecount="4" falsecount="0"/>
      <line num="651" count="1" type="stmt"/>
      <line num="653" count="2" type="stmt"/>
      <line num="654" count="1" type="stmt"/>
      <line num="656" count="2" type="cond" truecount="1" falsecount="1"/>
      <line num="657" count="2" type="cond" truecount="4" falsecount="0"/>
      <line num="658" count="1" type="stmt"/>
      <line num="660" count="1" type="cond" truecount="1" falsecount="2"/>
      <line num="661" count="1" type="stmt"/>
      <line num="664" count="0" type="cond" truecount="0" falsecount="2"/>
      <line num="667" count="4" type="stmt"/>
      <line num="668" count="4" type="cond" truecount="2" falsecount="0"/>
      <line num="669" count="2" type="stmt"/>
      <line num="671" count="2" type="stmt"/>
      <line num="676" count="1" type="stmt"/>
      <line num="677" count="20" type="stmt"/>
      <line num="679" count="20" type="cond" truecount="2" falsecount="0"/>
      <line num="681" count="10" type="cond" truecount="4" falsecount="0"/>
      <line num="683" count="7" type="stmt"/>
      <line num="694" count="7" type="cond" truecount="2" falsecount="0"/>
      <line num="697" count="1" type="stmt"/>
      <line num="698" count="8" type="stmt"/>
      <line num="700" count="8" type="cond" truecount="2" falsecount="0"/>
      <line num="701" count="7" type="cond" truecount="4" falsecount="0"/>
      <line num="703" count="6" type="stmt"/>
      <line num="706" count="1" type="stmt"/>
      <line num="707" count="2" type="stmt"/>
      <line num="708" count="2" type="stmt"/>
      <line num="709" count="2" type="stmt"/>
      <line num="711" count="2" type="stmt"/>
      <line num="712" count="3" type="stmt"/>
      <line num="713" count="2" type="cond" truecount="1" falsecount="1"/>
      <line num="714" count="0" type="stmt"/>
      <line num="716" count="2" type="stmt"/>
      <line num="717" count="2" type="stmt"/>
      <line num="718" count="2" type="stmt"/>
      <line num="719" count="2" type="stmt"/>
      <line num="722" count="6" type="cond" truecount="1" falsecount="1"/>
      <line num="724" count="0" type="stmt"/>
      <line num="725" count="0" type="stmt"/>
      <line num="726" count="0" type="stmt"/>
      <line num="727" count="0" type="cond" truecount="0" falsecount="2"/>
      <line num="728" count="0" type="stmt"/>
      <line num="730" count="0" type="stmt"/>
      <line num="731" count="0" type="stmt"/>
      <line num="732" count="0" type="stmt"/>
      <line num="733" count="0" type="stmt"/>
      <line num="736" count="6" type="stmt"/>
      <line num="737" count="6" type="stmt"/>
      <line num="738" count="0" type="stmt"/>
      <line num="739" count="0" type="cond" truecount="0" falsecount="2"/>
      <line num="740" count="0" type="stmt"/>
      <line num="743" count="6" type="cond" truecount="4" falsecount="0"/>
      <line num="744" count="4" type="cond" truecount="1" falsecount="1"/>
      <line num="745" count="4" type="stmt"/>
      <line num="746" count="2" type="cond" truecount="3" falsecount="2"/>
      <line num="747" count="0" type="stmt"/>
      <line num="750" count="6" type="stmt"/>
      <line num="751" count="6" type="stmt"/>
      <line num="755" count="2" type="stmt"/>
      <line num="756" count="4" type="stmt"/>
      <line num="757" count="0" type="stmt"/>
      <line num="758" count="0" type="cond" truecount="0" falsecount="2"/>
      <line num="760" count="4" type="stmt"/>
      <line num="764" count="2" type="stmt"/>
      <line num="765" count="4" type="stmt"/>
      <line num="766" count="4" type="stmt"/>
      <line num="767" count="4" type="stmt"/>
      <line num="769" count="4" type="cond" truecount="1" falsecount="1"/>
      <line num="770" count="4" type="stmt"/>
      <line num="771" count="4" type="stmt"/>
      <line num="773" count="4" type="stmt"/>
      <line num="774" count="4" type="cond" truecount="1" falsecount="1"/>
      <line num="776" count="0" type="stmt"/>
      <line num="780" count="4" type="cond" truecount="3" falsecount="1"/>
      <line num="782" count="4" type="cond" truecount="1" falsecount="1"/>
      <line num="783" count="0" type="stmt"/>
      <line num="784" count="0" type="stmt"/>
      <line num="785" count="0" type="stmt"/>
      <line num="788" count="0" type="stmt"/>
      <line num="789" count="0" type="cond" truecount="0" falsecount="2"/>
      <line num="790" count="0" type="cond" truecount="0" falsecount="2"/>
      <line num="792" count="0" type="cond" truecount="0" falsecount="2"/>
      <line num="793" count="0" type="stmt"/>
      <line num="794" count="0" type="cond" truecount="0" falsecount="2"/>
      <line num="795" count="0" type="stmt"/>
      <line num="797" count="0" type="cond" truecount="0" falsecount="2"/>
      <line num="798" count="0" type="cond" truecount="0" falsecount="2"/>
      <line num="799" count="0" type="stmt"/>
      <line num="800" count="0" type="stmt"/>
      <line num="801" count="0" type="stmt"/>
      <line num="802" count="0" type="stmt"/>
      <line num="803" count="0" type="stmt"/>
      <line num="806" count="0" type="stmt"/>
      <line num="810" count="0" type="stmt"/>
      <line num="811" count="0" type="stmt"/>
      <line num="814" count="4" type="stmt"/>
      <line num="815" count="4" type="cond" truecount="1" falsecount="1"/>
      <line num="816" count="4" type="cond" truecount="2" falsecount="0"/>
      <line num="817" count="4" type="stmt"/>
      <line num="819" count="4" type="cond" truecount="1" falsecount="1"/>
      <line num="820" count="0" type="stmt"/>
      <line num="821" count="0" type="stmt"/>
      <line num="822" count="0" type="stmt"/>
      <line num="823" count="0" type="cond" truecount="0" falsecount="2"/>
      <line num="824" count="0" type="stmt"/>
      <line num="825" count="0" type="stmt"/>
      <line num="828" count="0" type="stmt"/>
      <line num="829" count="0" type="stmt"/>
      <line num="830" count="0" type="stmt"/>
      <line num="831" count="0" type="stmt"/>
      <line num="834" count="4" type="cond" truecount="4" falsecount="0"/>
      <line num="835" count="1" type="stmt"/>
      <line num="836" count="1" type="stmt"/>
      <line num="837" count="1" type="stmt"/>
      <line num="840" count="3" type="cond" truecount="1" falsecount="1"/>
      <line num="841" count="3" type="cond" truecount="1" falsecount="1"/>
      <line num="842" count="3" type="stmt"/>
      <line num="843" count="3" type="stmt"/>
      <line num="845" count="0" type="stmt"/>
      <line num="846" count="0" type="stmt"/>
      <line num="850" count="0" type="stmt"/>
      <line num="851" count="0" type="stmt"/>
      <line num="853" count="0" type="cond" truecount="0" falsecount="2"/>
      <line num="854" count="0" type="stmt"/>
      <line num="855" count="0" type="cond" truecount="0" falsecount="2"/>
      <line num="856" count="0" type="stmt"/>
      <line num="857" count="0" type="stmt"/>
      <line num="858" count="0" type="cond" truecount="0" falsecount="2"/>
      <line num="859" count="0" type="cond" truecount="0" falsecount="2"/>
      <line num="860" count="0" type="stmt"/>
      <line num="861" count="0" type="stmt"/>
      <line num="862" count="0" type="stmt"/>
      <line num="863" count="0" type="stmt"/>
      <line num="864" count="0" type="stmt"/>
      <line num="867" count="0" type="stmt"/>
      <line num="870" count="0" type="stmt"/>
      <line num="871" count="0" type="stmt"/>
      <line num="876" count="0" type="cond" truecount="0" falsecount="4"/>
      <line num="877" count="0" type="cond" truecount="0" falsecount="2"/>
      <line num="879" count="0" type="stmt"/>
      <line num="880" count="0" type="stmt"/>
      <line num="882" count="0" type="cond" truecount="0" falsecount="2"/>
      <line num="883" count="0" type="stmt"/>
      <line num="884" count="0" type="stmt"/>
      <line num="885" count="0" type="stmt"/>
      <line num="886" count="0" type="stmt"/>
      <line num="887" count="0" type="stmt"/>
      <line num="890" count="0" type="cond" truecount="0" falsecount="2"/>
      <line num="891" count="0" type="stmt"/>
      <line num="892" count="0" type="stmt"/>
      <line num="893" count="0" type="stmt"/>
      <line num="894" count="0" type="stmt"/>
      <line num="895" count="0" type="cond" truecount="0" falsecount="2"/>
      <line num="896" count="0" type="stmt"/>
      <line num="897" count="0" type="stmt"/>
      <line num="898" count="0" type="stmt"/>
      <line num="901" count="0" type="cond" truecount="0" falsecount="2"/>
      <line num="902" count="0" type="stmt"/>
      <line num="903" count="0" type="stmt"/>
      <line num="904" count="0" type="cond" truecount="0" falsecount="2"/>
      <line num="905" count="0" type="stmt"/>
      <line num="906" count="0" type="stmt"/>
      <line num="910" count="0" type="cond" truecount="0" falsecount="2"/>
      <line num="911" count="0" type="cond" truecount="0" falsecount="4"/>
      <line num="912" count="0" type="stmt"/>
      <line num="913" count="0" type="stmt"/>
      <line num="914" count="0" type="stmt"/>
      <line num="924" count="2" type="cond" truecount="2" falsecount="0"/>
      <line num="925" count="2" type="cond" truecount="2" falsecount="0"/>
      <line num="928" count="2" type="stmt"/>
      <line num="929" count="4" type="stmt"/>
      <line num="930" count="4" type="stmt"/>
      <line num="932" count="2" type="stmt"/>
      <line num="934" count="2" type="stmt"/>
      <line num="935" count="2" type="stmt"/>
      <line num="937" count="2" type="stmt"/>
      <line num="941" count="1" type="stmt"/>
      <line num="942" count="15" type="stmt"/>
      <line num="943" count="15" type="stmt"/>
      <line num="944" count="15" type="stmt"/>
      <line num="945" count="15" type="stmt"/>
      <line num="946" count="15" type="stmt"/>
      <line num="949" count="15" type="cond" truecount="2" falsecount="0"/>
      <line num="956" count="4" type="stmt"/>
      <line num="960" count="11" type="cond" truecount="2" falsecount="0"/>
      <line num="965" count="2" type="stmt"/>
      <line num="969" count="9" type="cond" truecount="2" falsecount="0"/>
      <line num="976" count="1" type="stmt"/>
      <line num="980" count="8" type="cond" truecount="2" falsecount="0"/>
      <line num="984" count="1" type="stmt"/>
      <line num="988" count="7" type="cond" truecount="2" falsecount="0"/>
      <line num="994" count="1" type="stmt"/>
      <line num="998" count="6" type="cond" truecount="2" falsecount="0"/>
      <line num="1003" count="1" type="stmt"/>
      <line num="1008" count="5" type="cond" truecount="3" falsecount="1"/>
      <line num="1009" count="0" type="stmt"/>
      <line num="1014" count="1" type="stmt"/>
      <line num="1015" count="4" type="stmt"/>
      <line num="1016" count="4" type="stmt"/>
      <line num="1017" count="4" type="stmt"/>
      <line num="1018" count="4" type="stmt"/>
      <line num="1019" count="4" type="stmt"/>
      <line num="1022" count="4" type="cond" truecount="2" falsecount="0"/>
      <line num="1023" count="2" type="stmt"/>
      <line num="1024" count="2" type="stmt"/>
      <line num="1029" count="7" type="cond" truecount="1" falsecount="1"/>
      <line num="1030" count="7" type="stmt"/>
      <line num="1031" count="7" type="stmt"/>
      <line num="1032" count="7" type="stmt"/>
      <line num="1037" count="1" type="stmt"/>
      <line num="1038" count="1" type="cond" truecount="1" falsecount="1"/>
      <line num="1039" count="1" type="stmt"/>
      <line num="1041" count="1" type="stmt"/>
      <line num="1045" count="1" type="stmt"/>
      <line num="1046" count="1" type="stmt"/>
      <line num="1047" count="1" type="stmt"/>
      <line num="1052" count="8" type="stmt"/>
      <line num="1056" count="4" type="cond" truecount="3" falsecount="1"/>
      <line num="1058" count="4" type="stmt"/>
      <line num="1060" count="4" type="cond" truecount="2" falsecount="2"/>
      <line num="1067" count="4" type="stmt"/>
      <line num="1069" count="4" type="cond" truecount="2" falsecount="0"/>
      <line num="1071" count="3" type="cond" truecount="1" falsecount="1"/>
      <line num="1072" count="0" type="stmt"/>
      <line num="1073" count="0" type="stmt"/>
      <line num="1075" count="3" type="stmt"/>
      <line num="1076" count="3" type="stmt"/>
      <line num="1077" count="3" type="stmt"/>
      <line num="1079" count="3" type="cond" truecount="2" falsecount="0"/>
      <line num="1080" count="1" type="stmt"/>
      <line num="1082" count="1" type="stmt"/>
      <line num="1083" count="1" type="stmt"/>
      <line num="1084" count="1" type="stmt"/>
      <line num="1086" count="1" type="stmt"/>
      <line num="1087" count="1" type="stmt"/>
      <line num="1088" count="1" type="stmt"/>
      <line num="1089" count="1" type="stmt"/>
      <line num="1090" count="1" type="stmt"/>
      <line num="1095" count="1" type="stmt"/>
      <line num="1100" count="4" type="stmt"/>
      <line num="1101" count="4" type="stmt"/>
      <line num="1104" count="4" type="stmt"/>
      <line num="1105" count="4" type="stmt"/>
    </file>
  </project>
</coverage>
