{"C:\\Users\\артем\\Desktop\\Универ\\Проект по программной инженерии\\frontend\\script.js": {"path":"C:\\Users\\артем\\Desktop\\Универ\\Проект по программной инженерии\\frontend\\script.js","statementMap":{"0":{"start":{"line":1,"column":1},"end":{"line":1143,"column":3}},"1":{"start":{"line":2,"column":25},"end":{"line":2,"column":64}},"2":{"start":{"line":3,"column":26},"end":{"line":3,"column":66}},"3":{"start":{"line":4,"column":20},"end":{"line":4,"column":57}},"4":{"start":{"line":5,"column":23},"end":{"line":5,"column":58}},"5":{"start":{"line":6,"column":27},"end":{"line":6,"column":28}},"6":{"start":{"line":7,"column":26},"end":{"line":7,"column":71}},"7":{"start":{"line":8,"column":29},"end":{"line":8,"column":31}},"8":{"start":{"line":11,"column":4},"end":{"line":16,"column":5}},"9":{"start":{"line":11,"column":17},"end":{"line":11,"column":18}},"10":{"start":{"line":12,"column":19},"end":{"line":12,"column":48}},"11":{"start":{"line":13,"column":8},"end":{"line":13,"column":41}},"12":{"start":{"line":14,"column":8},"end":{"line":14,"column":38}},"13":{"start":{"line":15,"column":8},"end":{"line":15,"column":34}},"14":{"start":{"line":19,"column":19},"end":{"line":19,"column":58}},"15":{"start":{"line":20,"column":21},"end":{"line":20,"column":25}},"16":{"start":{"line":21,"column":23},"end":{"line":21,"column":25}},"17":{"start":{"line":23,"column":32},"end":{"line":23,"column":36}},"18":{"start":{"line":24,"column":21},"end":{"line":24,"column":23}},"19":{"start":{"line":25,"column":27},"end":{"line":25,"column":28}},"20":{"start":{"line":26,"column":21},"end":{"line":26,"column":23}},"21":{"start":{"line":27,"column":0},"end":{"line":27,"column":31}},"22":{"start":{"line":28,"column":22},"end":{"line":28,"column":79}},"23":{"start":{"line":29,"column":0},"end":{"line":29,"column":41}},"24":{"start":{"line":31,"column":0},"end":{"line":37,"column":3}},"25":{"start":{"line":32,"column":22},"end":{"line":32,"column":57}},"26":{"start":{"line":33,"column":4},"end":{"line":33,"column":27}},"27":{"start":{"line":33,"column":20},"end":{"line":33,"column":27}},"28":{"start":{"line":34,"column":20},"end":{"line":34,"column":59}},"29":{"start":{"line":35,"column":18},"end":{"line":35,"column":56}},"30":{"start":{"line":35,"column":39},"end":{"line":35,"column":55}},"31":{"start":{"line":36,"column":4},"end":{"line":36,"column":36}},"32":{"start":{"line":36,"column":15},"end":{"line":36,"column":36}},"33":{"start":{"line":39,"column":0},"end":{"line":41,"column":1}},"34":{"start":{"line":40,"column":4},"end":{"line":40,"column":82}},"35":{"start":{"line":44,"column":0},"end":{"line":48,"column":1}},"36":{"start":{"line":45,"column":16},"end":{"line":45,"column":50}},"37":{"start":{"line":46,"column":4},"end":{"line":46,"column":26}},"38":{"start":{"line":46,"column":14},"end":{"line":46,"column":26}},"39":{"start":{"line":47,"column":4},"end":{"line":47,"column":58}},"40":{"start":{"line":47,"column":10},"end":{"line":47,"column":33}},"41":{"start":{"line":47,"column":44},"end":{"line":47,"column":56}},"42":{"start":{"line":51,"column":0},"end":{"line":53,"column":1}},"43":{"start":{"line":52,"column":4},"end":{"line":52,"column":42}},"44":{"start":{"line":56,"column":0},"end":{"line":63,"column":3}},"45":{"start":{"line":57,"column":4},"end":{"line":57,"column":32}},"46":{"start":{"line":57,"column":25},"end":{"line":57,"column":32}},"47":{"start":{"line":59,"column":4},"end":{"line":59,"column":20}},"48":{"start":{"line":61,"column":4},"end":{"line":61,"column":59}},"49":{"start":{"line":62,"column":4},"end":{"line":62,"column":22}},"50":{"start":{"line":65,"column":17},"end":{"line":65,"column":56}},"51":{"start":{"line":66,"column":0},"end":{"line":89,"column":1}},"52":{"start":{"line":67,"column":4},"end":{"line":67,"column":36}},"53":{"start":{"line":69,"column":0},"end":{"line":88,"column":3}},"54":{"start":{"line":70,"column":4},"end":{"line":70,"column":32}},"55":{"start":{"line":70,"column":25},"end":{"line":70,"column":32}},"56":{"start":{"line":71,"column":4},"end":{"line":74,"column":5}},"57":{"start":{"line":72,"column":8},"end":{"line":72,"column":45}},"58":{"start":{"line":73,"column":8},"end":{"line":73,"column":81}},"59":{"start":{"line":75,"column":4},"end":{"line":75,"column":20}},"60":{"start":{"line":77,"column":18},"end":{"line":77,"column":83}},"61":{"start":{"line":77,"column":39},"end":{"line":77,"column":82}},"62":{"start":{"line":77,"column":58},"end":{"line":77,"column":81}},"63":{"start":{"line":78,"column":4},"end":{"line":87,"column":5}},"64":{"start":{"line":79,"column":34},"end":{"line":79,"column":86}},"65":{"start":{"line":79,"column":62},"end":{"line":79,"column":85}},"66":{"start":{"line":80,"column":26},"end":{"line":80,"column":61}},"67":{"start":{"line":81,"column":8},"end":{"line":86,"column":9}},"68":{"start":{"line":82,"column":12},"end":{"line":82,"column":29}},"69":{"start":{"line":83,"column":12},"end":{"line":83,"column":45}},"70":{"start":{"line":85,"column":12},"end":{"line":85,"column":33}},"71":{"start":{"line":91,"column":0},"end":{"line":116,"column":1}},"72":{"start":{"line":92,"column":26},"end":{"line":96,"column":59}},"73":{"start":{"line":94,"column":12},"end":{"line":94,"column":103}},"74":{"start":{"line":98,"column":23},"end":{"line":98,"column":51}},"75":{"start":{"line":100,"column":17},"end":{"line":104,"column":34}},"76":{"start":{"line":106,"column":4},"end":{"line":106,"column":45}},"77":{"start":{"line":108,"column":4},"end":{"line":115,"column":5}},"78":{"start":{"line":109,"column":25},"end":{"line":109,"column":68}},"79":{"start":{"line":110,"column":8},"end":{"line":114,"column":9}},"80":{"start":{"line":111,"column":12},"end":{"line":113,"column":15}},"81":{"start":{"line":112,"column":16},"end":{"line":112,"column":42}},"82":{"start":{"line":119,"column":0},"end":{"line":125,"column":1}},"83":{"start":{"line":120,"column":4},"end":{"line":123,"column":5}},"84":{"start":{"line":121,"column":22},"end":{"line":121,"column":62}},"85":{"start":{"line":121,"column":45},"end":{"line":121,"column":61}},"86":{"start":{"line":122,"column":8},"end":{"line":122,"column":37}},"87":{"start":{"line":122,"column":19},"end":{"line":122,"column":37}},"88":{"start":{"line":124,"column":4},"end":{"line":124,"column":19}},"89":{"start":{"line":127,"column":28},"end":{"line":127,"column":29}},"90":{"start":{"line":128,"column":0},"end":{"line":128,"column":45}},"91":{"start":{"line":129,"column":25},"end":{"line":129,"column":29}},"92":{"start":{"line":130,"column":29},"end":{"line":130,"column":33}},"93":{"start":{"line":131,"column":27},"end":{"line":131,"column":31}},"94":{"start":{"line":132,"column":25},"end":{"line":132,"column":29}},"95":{"start":{"line":134,"column":24},"end":{"line":148,"column":1}},"96":{"start":{"line":150,"column":24},"end":{"line":164,"column":1}},"97":{"start":{"line":165,"column":0},"end":{"line":165,"column":41}},"98":{"start":{"line":166,"column":0},"end":{"line":166,"column":41}},"99":{"start":{"line":168,"column":20},"end":{"line":178,"column":68}},"100":{"start":{"line":180,"column":21},"end":{"line":196,"column":42}},"101":{"start":{"line":198,"column":23},"end":{"line":201,"column":1}},"102":{"start":{"line":205,"column":0},"end":{"line":208,"column":1}},"103":{"start":{"line":206,"column":4},"end":{"line":206,"column":52}},"104":{"start":{"line":206,"column":36},"end":{"line":206,"column":52}},"105":{"start":{"line":207,"column":4},"end":{"line":207,"column":35}},"106":{"start":{"line":211,"column":0},"end":{"line":221,"column":1}},"107":{"start":{"line":212,"column":24},"end":{"line":212,"column":25}},"108":{"start":{"line":213,"column":24},"end":{"line":213,"column":25}},"109":{"start":{"line":214,"column":19},"end":{"line":214,"column":30}},"110":{"start":{"line":215,"column":4},"end":{"line":215,"column":46}},"111":{"start":{"line":217,"column":4},"end":{"line":220,"column":5}},"112":{"start":{"line":218,"column":8},"end":{"line":218,"column":24}},"113":{"start":{"line":219,"column":8},"end":{"line":219,"column":50}},"114":{"start":{"line":223,"column":4},"end":{"line":226,"column":5}},"115":{"start":{"line":224,"column":8},"end":{"line":224,"column":62}},"116":{"start":{"line":225,"column":8},"end":{"line":225,"column":15}},"117":{"start":{"line":228,"column":4},"end":{"line":236,"column":5}},"118":{"start":{"line":229,"column":8},"end":{"line":235,"column":11}},"119":{"start":{"line":230,"column":12},"end":{"line":234,"column":13}},"120":{"start":{"line":231,"column":16},"end":{"line":231,"column":63}},"121":{"start":{"line":233,"column":16},"end":{"line":233,"column":60}},"122":{"start":{"line":238,"column":17},"end":{"line":238,"column":52}},"123":{"start":{"line":239,"column":0},"end":{"line":247,"column":1}},"124":{"start":{"line":240,"column":4},"end":{"line":246,"column":7}},"125":{"start":{"line":241,"column":8},"end":{"line":245,"column":9}},"126":{"start":{"line":242,"column":12},"end":{"line":242,"column":66}},"127":{"start":{"line":244,"column":12},"end":{"line":244,"column":64}},"128":{"start":{"line":249,"column":20},"end":{"line":249,"column":58}},"129":{"start":{"line":250,"column":0},"end":{"line":263,"column":1}},"130":{"start":{"line":252,"column":23},"end":{"line":252,"column":52}},"131":{"start":{"line":253,"column":4},"end":{"line":256,"column":5}},"132":{"start":{"line":254,"column":8},"end":{"line":254,"column":51}},"133":{"start":{"line":255,"column":8},"end":{"line":255,"column":39}},"134":{"start":{"line":257,"column":4},"end":{"line":262,"column":7}},"135":{"start":{"line":258,"column":8},"end":{"line":258,"column":54}},"136":{"start":{"line":259,"column":24},"end":{"line":259,"column":71}},"137":{"start":{"line":260,"column":8},"end":{"line":260,"column":66}},"138":{"start":{"line":261,"column":8},"end":{"line":261,"column":56}},"139":{"start":{"line":265,"column":0},"end":{"line":280,"column":1}},"140":{"start":{"line":266,"column":4},"end":{"line":278,"column":5}},"141":{"start":{"line":267,"column":8},"end":{"line":269,"column":9}},"142":{"start":{"line":268,"column":12},"end":{"line":268,"column":36}},"143":{"start":{"line":270,"column":21},"end":{"line":270,"column":77}},"144":{"start":{"line":270,"column":47},"end":{"line":270,"column":64}},"145":{"start":{"line":271,"column":8},"end":{"line":271,"column":51}},"146":{"start":{"line":272,"column":11},"end":{"line":278,"column":5}},"147":{"start":{"line":273,"column":8},"end":{"line":275,"column":9}},"148":{"start":{"line":274,"column":12},"end":{"line":274,"column":36}},"149":{"start":{"line":276,"column":23},"end":{"line":276,"column":68}},"150":{"start":{"line":277,"column":8},"end":{"line":277,"column":42}},"151":{"start":{"line":279,"column":4},"end":{"line":279,"column":34}},"152":{"start":{"line":285,"column":0},"end":{"line":294,"column":1}},"153":{"start":{"line":286,"column":4},"end":{"line":293,"column":5}},"154":{"start":{"line":286,"column":17},"end":{"line":286,"column":18}},"155":{"start":{"line":287,"column":26},"end":{"line":287,"column":50}},"156":{"start":{"line":288,"column":8},"end":{"line":292,"column":9}},"157":{"start":{"line":289,"column":12},"end":{"line":289,"column":95}},"158":{"start":{"line":291,"column":12},"end":{"line":291,"column":49}},"159":{"start":{"line":296,"column":0},"end":{"line":314,"column":5}},"160":{"start":{"line":297,"column":22},"end":{"line":297,"column":51}},"161":{"start":{"line":298,"column":8},"end":{"line":298,"column":36}},"162":{"start":{"line":299,"column":8},"end":{"line":299,"column":39}},"163":{"start":{"line":300,"column":8},"end":{"line":300,"column":36}},"164":{"start":{"line":301,"column":8},"end":{"line":301,"column":35}},"165":{"start":{"line":302,"column":8},"end":{"line":302,"column":48}},"166":{"start":{"line":303,"column":8},"end":{"line":303,"column":36}},"167":{"start":{"line":304,"column":8},"end":{"line":304,"column":42}},"168":{"start":{"line":305,"column":8},"end":{"line":305,"column":41}},"169":{"start":{"line":306,"column":8},"end":{"line":306,"column":61}},"170":{"start":{"line":307,"column":8},"end":{"line":307,"column":36}},"171":{"start":{"line":308,"column":8},"end":{"line":308,"column":48}},"172":{"start":{"line":309,"column":8},"end":{"line":309,"column":41}},"173":{"start":{"line":310,"column":8},"end":{"line":313,"column":17}},"174":{"start":{"line":311,"column":12},"end":{"line":311,"column":38}},"175":{"start":{"line":312,"column":12},"end":{"line":312,"column":50}},"176":{"start":{"line":312,"column":29},"end":{"line":312,"column":43}},"177":{"start":{"line":317,"column":0},"end":{"line":371,"column":5}},"178":{"start":{"line":318,"column":20},"end":{"line":318,"column":57}},"179":{"start":{"line":319,"column":21},"end":{"line":319,"column":60}},"180":{"start":{"line":320,"column":0},"end":{"line":322,"column":1}},"181":{"start":{"line":321,"column":4},"end":{"line":321,"column":69}},"182":{"start":{"line":323,"column":4},"end":{"line":323,"column":51}},"183":{"start":{"line":323,"column":20},"end":{"line":323,"column":51}},"184":{"start":{"line":324,"column":22},"end":{"line":324,"column":65}},"185":{"start":{"line":324,"column":56},"end":{"line":324,"column":64}},"186":{"start":{"line":325,"column":26},"end":{"line":325,"column":27}},"187":{"start":{"line":327,"column":22},"end":{"line":327,"column":35}},"188":{"start":{"line":328,"column":21},"end":{"line":328,"column":60}},"189":{"start":{"line":329,"column":24},"end":{"line":329,"column":62}},"190":{"start":{"line":330,"column":24},"end":{"line":330,"column":62}},"191":{"start":{"line":331,"column":26},"end":{"line":331,"column":70}},"192":{"start":{"line":332,"column":24},"end":{"line":332,"column":66}},"193":{"start":{"line":333,"column":26},"end":{"line":333,"column":66}},"194":{"start":{"line":335,"column":8},"end":{"line":335,"column":37}},"195":{"start":{"line":338,"column":12},"end":{"line":338,"column":62}},"196":{"start":{"line":339,"column":12},"end":{"line":339,"column":75}},"197":{"start":{"line":340,"column":12},"end":{"line":340,"column":49}},"198":{"start":{"line":341,"column":12},"end":{"line":347,"column":13}},"199":{"start":{"line":342,"column":16},"end":{"line":342,"column":47}},"200":{"start":{"line":343,"column":16},"end":{"line":343,"column":57}},"201":{"start":{"line":345,"column":16},"end":{"line":345,"column":55}},"202":{"start":{"line":346,"column":16},"end":{"line":346,"column":49}},"203":{"start":{"line":351,"column":12},"end":{"line":351,"column":41}},"204":{"start":{"line":352,"column":12},"end":{"line":352,"column":35}},"205":{"start":{"line":352,"column":25},"end":{"line":352,"column":35}},"206":{"start":{"line":355,"column":8},"end":{"line":360,"column":10}},"207":{"start":{"line":356,"column":12},"end":{"line":359,"column":13}},"208":{"start":{"line":357,"column":16},"end":{"line":357,"column":30}},"209":{"start":{"line":358,"column":16},"end":{"line":358,"column":29}},"210":{"start":{"line":361,"column":8},"end":{"line":366,"column":10}},"211":{"start":{"line":362,"column":12},"end":{"line":365,"column":13}},"212":{"start":{"line":363,"column":16},"end":{"line":363,"column":30}},"213":{"start":{"line":364,"column":16},"end":{"line":364,"column":29}},"214":{"start":{"line":367,"column":8},"end":{"line":367,"column":39}},"215":{"start":{"line":368,"column":8},"end":{"line":368,"column":37}},"216":{"start":{"line":370,"column":8},"end":{"line":370,"column":21}},"217":{"start":{"line":375,"column":0},"end":{"line":384,"column":1}},"218":{"start":{"line":376,"column":0},"end":{"line":376,"column":50}},"219":{"start":{"line":376,"column":16},"end":{"line":376,"column":50}},"220":{"start":{"line":377,"column":17},"end":{"line":377,"column":56}},"221":{"start":{"line":378,"column":4},"end":{"line":378,"column":48}},"222":{"start":{"line":378,"column":14},"end":{"line":378,"column":48}},"223":{"start":{"line":379,"column":15},"end":{"line":379,"column":52}},"224":{"start":{"line":380,"column":4},"end":{"line":383,"column":5}},"225":{"start":{"line":381,"column":8},"end":{"line":381,"column":57}},"226":{"start":{"line":382,"column":1},"end":{"line":382,"column":23}},"227":{"start":{"line":387,"column":0},"end":{"line":396,"column":1}},"228":{"start":{"line":388,"column":1},"end":{"line":388,"column":51}},"229":{"start":{"line":388,"column":17},"end":{"line":388,"column":51}},"230":{"start":{"line":389,"column":17},"end":{"line":389,"column":56}},"231":{"start":{"line":390,"column":4},"end":{"line":390,"column":51}},"232":{"start":{"line":390,"column":14},"end":{"line":390,"column":51}},"233":{"start":{"line":391,"column":15},"end":{"line":391,"column":52}},"234":{"start":{"line":392,"column":4},"end":{"line":392,"column":60}},"235":{"start":{"line":392,"column":13},"end":{"line":392,"column":31}},"236":{"start":{"line":392,"column":32},"end":{"line":392,"column":58}},"237":{"start":{"line":393,"column":4},"end":{"line":395,"column":7}},"238":{"start":{"line":394,"column":8},"end":{"line":394,"column":38}},"239":{"start":{"line":394,"column":16},"end":{"line":394,"column":38}},"240":{"start":{"line":399,"column":0},"end":{"line":419,"column":1}},"241":{"start":{"line":400,"column":17},"end":{"line":400,"column":56}},"242":{"start":{"line":401,"column":4},"end":{"line":401,"column":48}},"243":{"start":{"line":401,"column":14},"end":{"line":401,"column":48}},"244":{"start":{"line":402,"column":15},"end":{"line":402,"column":52}},"245":{"start":{"line":403,"column":4},"end":{"line":403,"column":20}},"246":{"start":{"line":403,"column":13},"end":{"line":403,"column":20}},"247":{"start":{"line":404,"column":23},"end":{"line":404,"column":80}},"248":{"start":{"line":405,"column":23},"end":{"line":405,"column":105}},"249":{"start":{"line":406,"column":16},"end":{"line":408,"column":70}},"250":{"start":{"line":409,"column":0},"end":{"line":409,"column":57}},"251":{"start":{"line":410,"column":4},"end":{"line":410,"column":29}},"252":{"start":{"line":411,"column":4},"end":{"line":411,"column":28}},"253":{"start":{"line":412,"column":16},"end":{"line":412,"column":56}},"254":{"start":{"line":413,"column":4},"end":{"line":418,"column":5}},"255":{"start":{"line":414,"column":8},"end":{"line":417,"column":27}},"256":{"start":{"line":415,"column":12},"end":{"line":415,"column":29}},"257":{"start":{"line":416,"column":12},"end":{"line":416,"column":51}},"258":{"start":{"line":423,"column":4},"end":{"line":431,"column":5}},"259":{"start":{"line":424,"column":25},"end":{"line":424,"column":76}},"260":{"start":{"line":425,"column":8},"end":{"line":425,"column":72}},"261":{"start":{"line":425,"column":26},"end":{"line":425,"column":72}},"262":{"start":{"line":426,"column":8},"end":{"line":426,"column":37}},"263":{"start":{"line":428,"column":8},"end":{"line":428,"column":59}},"264":{"start":{"line":429,"column":8},"end":{"line":429,"column":54}},"265":{"start":{"line":430,"column":8},"end":{"line":430,"column":18}},"266":{"start":{"line":436,"column":0},"end":{"line":443,"column":1}},"267":{"start":{"line":437,"column":17},"end":{"line":437,"column":81}},"268":{"start":{"line":438,"column":4},"end":{"line":442,"column":5}},"269":{"start":{"line":439,"column":8},"end":{"line":439,"column":35}},"270":{"start":{"line":440,"column":23},"end":{"line":440,"column":52}},"271":{"start":{"line":441,"column":8},"end":{"line":441,"column":45}},"272":{"start":{"line":441,"column":20},"end":{"line":441,"column":45}},"273":{"start":{"line":446,"column":0},"end":{"line":450,"column":1}},"274":{"start":{"line":447,"column":4},"end":{"line":447,"column":104}},"275":{"start":{"line":447,"column":73},"end":{"line":447,"column":102}},"276":{"start":{"line":448,"column":19},"end":{"line":448,"column":83}},"277":{"start":{"line":449,"column":4},"end":{"line":449,"column":47}},"278":{"start":{"line":449,"column":16},"end":{"line":449,"column":47}},"279":{"start":{"line":452,"column":0},"end":{"line":460,"column":1}},"280":{"start":{"line":453,"column":4},"end":{"line":453,"column":58}},"281":{"start":{"line":453,"column":46},"end":{"line":453,"column":58}},"282":{"start":{"line":454,"column":4},"end":{"line":457,"column":5}},"283":{"start":{"line":455,"column":28},"end":{"line":455,"column":59}},"284":{"start":{"line":456,"column":8},"end":{"line":456,"column":60}},"285":{"start":{"line":458,"column":22},"end":{"line":458,"column":44}},"286":{"start":{"line":459,"column":4},"end":{"line":459,"column":78}},"287":{"start":{"line":459,"column":39},"end":{"line":459,"column":76}},"288":{"start":{"line":462,"column":0},"end":{"line":538,"column":5}},"289":{"start":{"line":463,"column":25},"end":{"line":463,"column":60}},"290":{"start":{"line":464,"column":8},"end":{"line":464,"column":30}},"291":{"start":{"line":464,"column":23},"end":{"line":464,"column":30}},"292":{"start":{"line":466,"column":19},"end":{"line":466,"column":74}},"293":{"start":{"line":469,"column":8},"end":{"line":486,"column":11}},"294":{"start":{"line":470,"column":27},"end":{"line":470,"column":32}},"295":{"start":{"line":471,"column":12},"end":{"line":485,"column":14}},"296":{"start":{"line":476,"column":22},"end":{"line":476,"column":65}},"297":{"start":{"line":477,"column":4},"end":{"line":481,"column":19}},"298":{"start":{"line":488,"column":8},"end":{"line":488,"column":34}},"299":{"start":{"line":490,"column":8},"end":{"line":537,"column":11}},"300":{"start":{"line":491,"column":27},"end":{"line":491,"column":54}},"301":{"start":{"line":492,"column":29},"end":{"line":492,"column":59}},"302":{"start":{"line":493,"column":30},"end":{"line":493,"column":65}},"303":{"start":{"line":496,"column":0},"end":{"line":511,"column":1}},"304":{"start":{"line":497,"column":1},"end":{"line":500,"column":5}},"305":{"start":{"line":498,"column":8},"end":{"line":498,"column":57}},"306":{"start":{"line":499,"column":8},"end":{"line":499,"column":15}},"307":{"start":{"line":501,"column":20},"end":{"line":501,"column":59}},"308":{"start":{"line":502,"column":24},"end":{"line":502,"column":70}},"309":{"start":{"line":503,"column":4},"end":{"line":506,"column":5}},"310":{"start":{"line":504,"column":24},"end":{"line":504,"column":65}},"311":{"start":{"line":505,"column":8},"end":{"line":505,"column":32}},"312":{"start":{"line":507,"column":4},"end":{"line":507,"column":21}},"313":{"start":{"line":508,"column":4},"end":{"line":508,"column":32}},"314":{"start":{"line":509,"column":1},"end":{"line":509,"column":26}},"315":{"start":{"line":510,"column":4},"end":{"line":510,"column":11}},"316":{"start":{"line":514,"column":12},"end":{"line":523,"column":13}},"317":{"start":{"line":515,"column":16},"end":{"line":521,"column":17}},"318":{"start":{"line":516,"column":20},"end":{"line":516,"column":54}},"319":{"start":{"line":517,"column":20},"end":{"line":517,"column":45}},"320":{"start":{"line":519,"column":20},"end":{"line":519,"column":51}},"321":{"start":{"line":520,"column":20},"end":{"line":520,"column":45}},"322":{"start":{"line":522,"column":16},"end":{"line":522,"column":23}},"323":{"start":{"line":526,"column":12},"end":{"line":531,"column":13}},"324":{"start":{"line":527,"column":32},"end":{"line":527,"column":70}},"325":{"start":{"line":528,"column":30},"end":{"line":528,"column":68}},"326":{"start":{"line":528,"column":51},"end":{"line":528,"column":67}},"327":{"start":{"line":529,"column":16},"end":{"line":529,"column":48}},"328":{"start":{"line":529,"column":27},"end":{"line":529,"column":48}},"329":{"start":{"line":530,"column":16},"end":{"line":530,"column":23}},"330":{"start":{"line":534,"column":0},"end":{"line":536,"column":1}},"331":{"start":{"line":535,"column":4},"end":{"line":535,"column":21}},"332":{"start":{"line":540,"column":4},"end":{"line":559,"column":6}},"333":{"start":{"line":542,"column":8},"end":{"line":542,"column":28}},"334":{"start":{"line":543,"column":8},"end":{"line":543,"column":26}},"335":{"start":{"line":544,"column":22},"end":{"line":544,"column":36}},"336":{"start":{"line":545,"column":8},"end":{"line":551,"column":9}},"337":{"start":{"line":547,"column":12},"end":{"line":547,"column":29}},"338":{"start":{"line":548,"column":12},"end":{"line":548,"column":71}},"339":{"start":{"line":550,"column":12},"end":{"line":550,"column":29}},"340":{"start":{"line":552,"column":22},"end":{"line":552,"column":60}},"341":{"start":{"line":553,"column":0},"end":{"line":558,"column":1}},"342":{"start":{"line":554,"column":4},"end":{"line":554,"column":46}},"343":{"start":{"line":555,"column":4},"end":{"line":555,"column":21}},"344":{"start":{"line":556,"column":4},"end":{"line":556,"column":40}},"345":{"start":{"line":557,"column":4},"end":{"line":557,"column":11}},"346":{"start":{"line":564,"column":4},"end":{"line":564,"column":40}},"347":{"start":{"line":565,"column":4},"end":{"line":565,"column":33}},"348":{"start":{"line":567,"column":4},"end":{"line":576,"column":5}},"349":{"start":{"line":568,"column":25},"end":{"line":568,"column":83}},"350":{"start":{"line":569,"column":8},"end":{"line":569,"column":72}},"351":{"start":{"line":569,"column":26},"end":{"line":569,"column":72}},"352":{"start":{"line":570,"column":26},"end":{"line":570,"column":47}},"353":{"start":{"line":571,"column":8},"end":{"line":571,"column":25}},"354":{"start":{"line":573,"column":8},"end":{"line":573,"column":56}},"355":{"start":{"line":574,"column":8},"end":{"line":574,"column":57}},"356":{"start":{"line":575,"column":8},"end":{"line":575,"column":48}},"357":{"start":{"line":579,"column":0},"end":{"line":588,"column":1}},"358":{"start":{"line":580,"column":22},"end":{"line":580,"column":50}},"359":{"start":{"line":581,"column":4},"end":{"line":587,"column":5}},"360":{"start":{"line":582,"column":26},"end":{"line":582,"column":54}},"361":{"start":{"line":583,"column":8},"end":{"line":583,"column":33}},"362":{"start":{"line":585,"column":1},"end":{"line":585,"column":16}},"363":{"start":{"line":586,"column":8},"end":{"line":586,"column":73}},"364":{"start":{"line":592,"column":1},"end":{"line":592,"column":18}},"365":{"start":{"line":593,"column":1},"end":{"line":593,"column":26}},"366":{"start":{"line":594,"column":0},"end":{"line":594,"column":34}},"367":{"start":{"line":595,"column":0},"end":{"line":595,"column":46}},"368":{"start":{"line":595,"column":14},"end":{"line":595,"column":46}},"369":{"start":{"line":596,"column":18},"end":{"line":596,"column":76}},"370":{"start":{"line":596,"column":39},"end":{"line":596,"column":75}},"371":{"start":{"line":596,"column":58},"end":{"line":596,"column":74}},"372":{"start":{"line":597,"column":4},"end":{"line":597,"column":61}},"373":{"start":{"line":597,"column":15},"end":{"line":597,"column":61}},"374":{"start":{"line":599,"column":4},"end":{"line":599,"column":40}},"375":{"start":{"line":600,"column":4},"end":{"line":600,"column":33}},"376":{"start":{"line":603,"column":4},"end":{"line":609,"column":5}},"377":{"start":{"line":604,"column":8},"end":{"line":604,"column":51}},"378":{"start":{"line":606,"column":8},"end":{"line":606,"column":25}},"379":{"start":{"line":607,"column":8},"end":{"line":607,"column":51}},"380":{"start":{"line":608,"column":8},"end":{"line":608,"column":15}},"381":{"start":{"line":610,"column":0},"end":{"line":610,"column":43}},"382":{"start":{"line":612,"column":21},"end":{"line":612,"column":45}},"383":{"start":{"line":613,"column":4},"end":{"line":616,"column":5}},"384":{"start":{"line":614,"column":8},"end":{"line":614,"column":54}},"385":{"start":{"line":615,"column":8},"end":{"line":615,"column":15}},"386":{"start":{"line":618,"column":4},"end":{"line":618,"column":26}},"387":{"start":{"line":619,"column":4},"end":{"line":619,"column":81}},"388":{"start":{"line":620,"column":4},"end":{"line":620,"column":22}},"389":{"start":{"line":623,"column":4},"end":{"line":623,"column":55}},"390":{"start":{"line":625,"column":24},"end":{"line":668,"column":5}},"391":{"start":{"line":626,"column":8},"end":{"line":633,"column":9}},"392":{"start":{"line":627,"column":25},"end":{"line":627,"column":53}},"393":{"start":{"line":629,"column":12},"end":{"line":629,"column":35}},"394":{"start":{"line":630,"column":12},"end":{"line":630,"column":31}},"395":{"start":{"line":631,"column":12},"end":{"line":631,"column":30}},"396":{"start":{"line":632,"column":2},"end":{"line":632,"column":42}},"397":{"start":{"line":636,"column":1},"end":{"line":636,"column":17}},"398":{"start":{"line":637,"column":1},"end":{"line":637,"column":51}},"399":{"start":{"line":637,"column":17},"end":{"line":637,"column":51}},"400":{"start":{"line":639,"column":0},"end":{"line":639,"column":46}},"401":{"start":{"line":639,"column":14},"end":{"line":639,"column":46}},"402":{"start":{"line":640,"column":1},"end":{"line":643,"column":1}},"403":{"start":{"line":641,"column":4},"end":{"line":641,"column":34}},"404":{"start":{"line":642,"column":4},"end":{"line":642,"column":77}},"405":{"start":{"line":644,"column":26},"end":{"line":644,"column":47}},"406":{"start":{"line":645,"column":1},"end":{"line":645,"column":30}},"407":{"start":{"line":646,"column":8},"end":{"line":646,"column":64}},"408":{"start":{"line":647,"column":8},"end":{"line":647,"column":32}},"409":{"start":{"line":648,"column":8},"end":{"line":648,"column":40}},"410":{"start":{"line":649,"column":8},"end":{"line":649,"column":36}},"411":{"start":{"line":650,"column":8},"end":{"line":650,"column":60}},"412":{"start":{"line":650,"column":39},"end":{"line":650,"column":58}},"413":{"start":{"line":653,"column":8},"end":{"line":667,"column":17}},"414":{"start":{"line":654,"column":26},"end":{"line":654,"column":84}},"415":{"start":{"line":654,"column":47},"end":{"line":654,"column":83}},"416":{"start":{"line":654,"column":66},"end":{"line":654,"column":82}},"417":{"start":{"line":655,"column":12},"end":{"line":666,"column":13}},"418":{"start":{"line":656,"column":42},"end":{"line":656,"column":87}},"419":{"start":{"line":656,"column":70},"end":{"line":656,"column":86}},"420":{"start":{"line":657,"column":34},"end":{"line":657,"column":69}},"421":{"start":{"line":658,"column":16},"end":{"line":665,"column":17}},"422":{"start":{"line":660,"column":3},"end":{"line":660,"column":20}},"423":{"start":{"line":661,"column":20},"end":{"line":661,"column":53}},"424":{"start":{"line":664,"column":20},"end":{"line":664,"column":41}},"425":{"start":{"line":671,"column":4},"end":{"line":675,"column":5}},"426":{"start":{"line":672,"column":8},"end":{"line":672,"column":70}},"427":{"start":{"line":672,"column":55},"end":{"line":672,"column":68}},"428":{"start":{"line":674,"column":8},"end":{"line":674,"column":22}},"429":{"start":{"line":680,"column":0},"end":{"line":707,"column":1}},"430":{"start":{"line":681,"column":16},"end":{"line":681,"column":64}},"431":{"start":{"line":682,"column":4},"end":{"line":698,"column":5}},"432":{"start":{"line":683,"column":8},"end":{"line":688,"column":9}},"433":{"start":{"line":684,"column":12},"end":{"line":684,"column":58}},"434":{"start":{"line":686,"column":25},"end":{"line":686,"column":85}},"435":{"start":{"line":686,"column":55},"end":{"line":686,"column":72}},"436":{"start":{"line":687,"column":12},"end":{"line":687,"column":82}},"437":{"start":{"line":689,"column":11},"end":{"line":698,"column":5}},"438":{"start":{"line":690,"column":8},"end":{"line":695,"column":9}},"439":{"start":{"line":691,"column":12},"end":{"line":691,"column":67}},"440":{"start":{"line":693,"column":27},"end":{"line":693,"column":80}},"441":{"start":{"line":694,"column":12},"end":{"line":694,"column":73}},"442":{"start":{"line":697,"column":8},"end":{"line":697,"column":71}},"443":{"start":{"line":700,"column":4},"end":{"line":706,"column":7}},"444":{"start":{"line":701,"column":8},"end":{"line":705,"column":9}},"445":{"start":{"line":702,"column":12},"end":{"line":702,"column":51}},"446":{"start":{"line":704,"column":12},"end":{"line":704,"column":49}},"447":{"start":{"line":709,"column":0},"end":{"line":728,"column":1}},"448":{"start":{"line":710,"column":16},"end":{"line":710,"column":23}},"449":{"start":{"line":712,"column":4},"end":{"line":712,"column":58}},"450":{"start":{"line":712,"column":30},"end":{"line":712,"column":58}},"451":{"start":{"line":714,"column":4},"end":{"line":714,"column":85}},"452":{"start":{"line":714,"column":74},"end":{"line":714,"column":85}},"453":{"start":{"line":716,"column":20},"end":{"line":726,"column":5}},"454":{"start":{"line":727,"column":4},"end":{"line":727,"column":31}},"455":{"start":{"line":730,"column":0},"end":{"line":737,"column":1}},"456":{"start":{"line":731,"column":16},"end":{"line":731,"column":25}},"457":{"start":{"line":733,"column":4},"end":{"line":733,"column":36}},"458":{"start":{"line":733,"column":21},"end":{"line":733,"column":36}},"459":{"start":{"line":734,"column":4},"end":{"line":734,"column":85}},"460":{"start":{"line":734,"column":74},"end":{"line":734,"column":85}},"461":{"start":{"line":736,"column":4},"end":{"line":736,"column":22}},"462":{"start":{"line":739,"column":0},"end":{"line":973,"column":5}},"463":{"start":{"line":740,"column":8},"end":{"line":972,"column":11}},"464":{"start":{"line":741,"column":31},"end":{"line":741,"column":35}},"465":{"start":{"line":742,"column":12},"end":{"line":742,"column":37}},"466":{"start":{"line":744,"column":26},"end":{"line":744,"column":51}},"467":{"start":{"line":745,"column":24},"end":{"line":746,"column":85}},"468":{"start":{"line":745,"column":43},"end":{"line":745,"column":76}},"469":{"start":{"line":746,"column":24},"end":{"line":746,"column":43}},"470":{"start":{"line":746,"column":67},"end":{"line":746,"column":83}},"471":{"start":{"line":747,"column":1},"end":{"line":749,"column":1}},"472":{"start":{"line":748,"column":4},"end":{"line":748,"column":60}},"473":{"start":{"line":750,"column":30},"end":{"line":750,"column":31}},"474":{"start":{"line":751,"column":30},"end":{"line":751,"column":39}},"475":{"start":{"line":752,"column":24},"end":{"line":752,"column":29}},"476":{"start":{"line":753,"column":27},"end":{"line":753,"column":32}},"477":{"start":{"line":756,"column":4},"end":{"line":768,"column":5}},"478":{"start":{"line":758,"column":19},"end":{"line":758,"column":21}},"479":{"start":{"line":759,"column":8},"end":{"line":763,"column":9}},"480":{"start":{"line":759,"column":21},"end":{"line":759,"column":22}},"481":{"start":{"line":760,"column":25},"end":{"line":760,"column":33}},"482":{"start":{"line":761,"column":12},"end":{"line":761,"column":69}},"483":{"start":{"line":761,"column":23},"end":{"line":761,"column":69}},"484":{"start":{"line":762,"column":12},"end":{"line":762,"column":100}},"485":{"start":{"line":764,"column":8},"end":{"line":764,"column":75}},"486":{"start":{"line":765,"column":8},"end":{"line":765,"column":33}},"487":{"start":{"line":766,"column":8},"end":{"line":766,"column":32}},"488":{"start":{"line":767,"column":8},"end":{"line":767,"column":15}},"489":{"start":{"line":770,"column":27},"end":{"line":770,"column":29}},"490":{"start":{"line":771,"column":4},"end":{"line":775,"column":5}},"491":{"start":{"line":771,"column":17},"end":{"line":771,"column":18}},"492":{"start":{"line":772,"column":21},"end":{"line":772,"column":29}},"493":{"start":{"line":773,"column":8},"end":{"line":773,"column":65}},"494":{"start":{"line":773,"column":19},"end":{"line":773,"column":65}},"495":{"start":{"line":774,"column":8},"end":{"line":774,"column":96}},"496":{"start":{"line":777,"column":4},"end":{"line":782,"column":5}},"497":{"start":{"line":778,"column":8},"end":{"line":778,"column":75}},"498":{"start":{"line":778,"column":29},"end":{"line":778,"column":75}},"499":{"start":{"line":779,"column":8},"end":{"line":779,"column":100}},"500":{"start":{"line":780,"column":11},"end":{"line":782,"column":5}},"501":{"start":{"line":781,"column":8},"end":{"line":781,"column":54}},"502":{"start":{"line":784,"column":4},"end":{"line":784,"column":29}},"503":{"start":{"line":785,"column":4},"end":{"line":785,"column":28}},"504":{"start":{"line":789,"column":0},"end":{"line":795,"column":13}},"505":{"start":{"line":790,"column":16},"end":{"line":793,"column":17}},"506":{"start":{"line":790,"column":29},"end":{"line":790,"column":30}},"507":{"start":{"line":791,"column":35},"end":{"line":791,"column":70}},"508":{"start":{"line":792,"column":20},"end":{"line":792,"column":63}},"509":{"start":{"line":792,"column":50},"end":{"line":792,"column":63}},"510":{"start":{"line":794,"column":16},"end":{"line":794,"column":28}},"511":{"start":{"line":798,"column":0},"end":{"line":811,"column":13}},"512":{"start":{"line":799,"column":32},"end":{"line":799,"column":41}},"513":{"start":{"line":800,"column":16},"end":{"line":802,"column":17}},"514":{"start":{"line":800,"column":29},"end":{"line":800,"column":30}},"515":{"start":{"line":801,"column":20},"end":{"line":801,"column":69}},"516":{"start":{"line":803,"column":16},"end":{"line":806,"column":17}},"517":{"start":{"line":804,"column":37},"end":{"line":804,"column":51}},"518":{"start":{"line":805,"column":20},"end":{"line":805,"column":69}},"519":{"start":{"line":807,"column":16},"end":{"line":809,"column":17}},"520":{"start":{"line":808,"column":20},"end":{"line":808,"column":53}},"521":{"start":{"line":808,"column":41},"end":{"line":808,"column":53}},"522":{"start":{"line":810,"column":16},"end":{"line":810,"column":29}},"523":{"start":{"line":814,"column":16},"end":{"line":814,"column":53}},"524":{"start":{"line":814,"column":46},"end":{"line":814,"column":53}},"525":{"start":{"line":816,"column":0},"end":{"line":846,"column":1}},"526":{"start":{"line":817,"column":15},"end":{"line":817,"column":38}},"527":{"start":{"line":818,"column":21},"end":{"line":818,"column":39}},"528":{"start":{"line":819,"column":23},"end":{"line":819,"column":58}},"529":{"start":{"line":822,"column":17},"end":{"line":822,"column":26}},"530":{"start":{"line":823,"column":4},"end":{"line":823,"column":37}},"531":{"start":{"line":823,"column":24},"end":{"line":823,"column":37}},"532":{"start":{"line":824,"column":4},"end":{"line":824,"column":53}},"533":{"start":{"line":826,"column":4},"end":{"line":842,"column":5}},"534":{"start":{"line":827,"column":8},"end":{"line":827,"column":22}},"535":{"start":{"line":828,"column":8},"end":{"line":841,"column":9}},"536":{"start":{"line":829,"column":12},"end":{"line":829,"column":28}},"537":{"start":{"line":831,"column":12},"end":{"line":831,"column":92}},"538":{"start":{"line":831,"column":34},"end":{"line":831,"column":92}},"539":{"start":{"line":832,"column":12},"end":{"line":832,"column":86}},"540":{"start":{"line":832,"column":32},"end":{"line":832,"column":86}},"541":{"start":{"line":833,"column":12},"end":{"line":833,"column":36}},"542":{"start":{"line":834,"column":12},"end":{"line":834,"column":34}},"543":{"start":{"line":835,"column":12},"end":{"line":838,"column":21}},"544":{"start":{"line":836,"column":16},"end":{"line":836,"column":45}},"545":{"start":{"line":837,"column":16},"end":{"line":837,"column":26}},"546":{"start":{"line":840,"column":12},"end":{"line":840,"column":32}},"547":{"start":{"line":844,"column":4},"end":{"line":844,"column":13}},"548":{"start":{"line":845,"column":4},"end":{"line":845,"column":11}},"549":{"start":{"line":848,"column":26},"end":{"line":848,"column":35}},"550":{"start":{"line":849,"column":0},"end":{"line":849,"column":27}},"551":{"start":{"line":849,"column":17},"end":{"line":849,"column":27}},"552":{"start":{"line":850,"column":0},"end":{"line":850,"column":43}},"553":{"start":{"line":851,"column":16},"end":{"line":851,"column":57}},"554":{"start":{"line":853,"column":16},"end":{"line":866,"column":17}},"555":{"start":{"line":854,"column":37},"end":{"line":854,"column":38}},"556":{"start":{"line":855,"column":20},"end":{"line":861,"column":21}},"557":{"start":{"line":855,"column":33},"end":{"line":855,"column":34}},"558":{"start":{"line":856,"column":39},"end":{"line":856,"column":74}},"559":{"start":{"line":857,"column":24},"end":{"line":860,"column":25}},"560":{"start":{"line":858,"column":28},"end":{"line":858,"column":43}},"561":{"start":{"line":859,"column":28},"end":{"line":859,"column":34}},"562":{"start":{"line":862,"column":20},"end":{"line":862,"column":45}},"563":{"start":{"line":863,"column":20},"end":{"line":863,"column":54}},"564":{"start":{"line":864,"column":20},"end":{"line":864,"column":29}},"565":{"start":{"line":865,"column":20},"end":{"line":865,"column":27}},"566":{"start":{"line":868,"column":16},"end":{"line":872,"column":17}},"567":{"start":{"line":869,"column":20},"end":{"line":869,"column":33}},"568":{"start":{"line":870,"column":20},"end":{"line":870,"column":29}},"569":{"start":{"line":871,"column":20},"end":{"line":871,"column":27}},"570":{"start":{"line":874,"column":16},"end":{"line":882,"column":17}},"571":{"start":{"line":875,"column":20},"end":{"line":881,"column":21}},"572":{"start":{"line":876,"column":24},"end":{"line":876,"column":33}},"573":{"start":{"line":877,"column":24},"end":{"line":877,"column":31}},"574":{"start":{"line":879,"column":24},"end":{"line":879,"column":38}},"575":{"start":{"line":880,"column":24},"end":{"line":880,"column":44}},"576":{"start":{"line":884,"column":33},"end":{"line":884,"column":51}},"577":{"start":{"line":885,"column":19},"end":{"line":885,"column":54}},"578":{"start":{"line":887,"column":16},"end":{"line":906,"column":17}},"579":{"start":{"line":888,"column":20},"end":{"line":888,"column":34}},"580":{"start":{"line":889,"column":20},"end":{"line":902,"column":21}},"581":{"start":{"line":890,"column":24},"end":{"line":890,"column":40}},"582":{"start":{"line":891,"column":3},"end":{"line":891,"column":12}},"583":{"start":{"line":892,"column":3},"end":{"line":892,"column":83}},"584":{"start":{"line":892,"column":25},"end":{"line":892,"column":83}},"585":{"start":{"line":893,"column":20},"end":{"line":893,"column":94}},"586":{"start":{"line":893,"column":40},"end":{"line":893,"column":94}},"587":{"start":{"line":894,"column":20},"end":{"line":894,"column":44}},"588":{"start":{"line":895,"column":20},"end":{"line":895,"column":42}},"589":{"start":{"line":896,"column":24},"end":{"line":899,"column":33}},"590":{"start":{"line":897,"column":28},"end":{"line":897,"column":57}},"591":{"start":{"line":898,"column":28},"end":{"line":898,"column":38}},"592":{"start":{"line":901,"column":24},"end":{"line":901,"column":33}},"593":{"start":{"line":904,"column":20},"end":{"line":904,"column":33}},"594":{"start":{"line":905,"column":20},"end":{"line":905,"column":29}},"595":{"start":{"line":910,"column":16},"end":{"line":910,"column":53}},"596":{"start":{"line":910,"column":46},"end":{"line":910,"column":53}},"597":{"start":{"line":911,"column":2},"end":{"line":911,"column":29}},"598":{"start":{"line":911,"column":22},"end":{"line":911,"column":29}},"599":{"start":{"line":913,"column":27},"end":{"line":913,"column":50}},"600":{"start":{"line":914,"column":4},"end":{"line":914,"column":27}},"601":{"start":{"line":916,"column":16},"end":{"line":922,"column":17}},"602":{"start":{"line":917,"column":20},"end":{"line":917,"column":36}},"603":{"start":{"line":918,"column":20},"end":{"line":918,"column":34}},"604":{"start":{"line":919,"column":20},"end":{"line":919,"column":40}},"605":{"start":{"line":920,"column":20},"end":{"line":920,"column":29}},"606":{"start":{"line":921,"column":20},"end":{"line":921,"column":27}},"607":{"start":{"line":924,"column":16},"end":{"line":942,"column":17}},"608":{"start":{"line":925,"column":41},"end":{"line":925,"column":46}},"609":{"start":{"line":926,"column":37},"end":{"line":926,"column":38}},"610":{"start":{"line":927,"column":20},"end":{"line":934,"column":21}},"611":{"start":{"line":927,"column":33},"end":{"line":927,"column":34}},"612":{"start":{"line":928,"column":21},"end":{"line":928,"column":56}},"613":{"start":{"line":929,"column":24},"end":{"line":933,"column":25}},"614":{"start":{"line":930,"column":28},"end":{"line":930,"column":50}},"615":{"start":{"line":931,"column":28},"end":{"line":931,"column":43}},"616":{"start":{"line":932,"column":28},"end":{"line":932,"column":34}},"617":{"start":{"line":935,"column":20},"end":{"line":941,"column":21}},"618":{"start":{"line":936,"column":24},"end":{"line":936,"column":49}},"619":{"start":{"line":937,"column":24},"end":{"line":937,"column":58}},"620":{"start":{"line":938,"column":24},"end":{"line":938,"column":56}},"621":{"start":{"line":938,"column":36},"end":{"line":938,"column":56}},"622":{"start":{"line":939,"column":24},"end":{"line":939,"column":33}},"623":{"start":{"line":940,"column":24},"end":{"line":940,"column":31}},"624":{"start":{"line":944,"column":16},"end":{"line":950,"column":17}},"625":{"start":{"line":945,"column":20},"end":{"line":949,"column":21}},"626":{"start":{"line":946,"column":24},"end":{"line":946,"column":38}},"627":{"start":{"line":947,"column":24},"end":{"line":947,"column":44}},"628":{"start":{"line":948,"column":24},"end":{"line":948,"column":33}},"629":{"start":{"line":958,"column":12},"end":{"line":958,"column":92}},"630":{"start":{"line":958,"column":34},"end":{"line":958,"column":92}},"631":{"start":{"line":959,"column":12},"end":{"line":959,"column":86}},"632":{"start":{"line":959,"column":32},"end":{"line":959,"column":86}},"633":{"start":{"line":962,"column":12},"end":{"line":965,"column":14}},"634":{"start":{"line":963,"column":16},"end":{"line":963,"column":42}},"635":{"start":{"line":964,"column":16},"end":{"line":964,"column":29}},"636":{"start":{"line":966,"column":12},"end":{"line":966,"column":37}},"637":{"start":{"line":968,"column":12},"end":{"line":968,"column":67}},"638":{"start":{"line":969,"column":12},"end":{"line":969,"column":63}},"639":{"start":{"line":971,"column":12},"end":{"line":971,"column":21}},"640":{"start":{"line":975,"column":0},"end":{"line":1045,"column":1}},"641":{"start":{"line":976,"column":16},"end":{"line":976,"column":21}},"642":{"start":{"line":977,"column":17},"end":{"line":977,"column":26}},"643":{"start":{"line":978,"column":18},"end":{"line":978,"column":28}},"644":{"start":{"line":979,"column":16},"end":{"line":979,"column":24}},"645":{"start":{"line":980,"column":17},"end":{"line":980,"column":26}},"646":{"start":{"line":983,"column":4},"end":{"line":991,"column":5}},"647":{"start":{"line":990,"column":8},"end":{"line":990,"column":27}},"648":{"start":{"line":990,"column":28},"end":{"line":990,"column":48}},"649":{"start":{"line":990,"column":49},"end":{"line":990,"column":56}},"650":{"start":{"line":994,"column":4},"end":{"line":1000,"column":5}},"651":{"start":{"line":999,"column":8},"end":{"line":999,"column":27}},"652":{"start":{"line":999,"column":28},"end":{"line":999,"column":48}},"653":{"start":{"line":999,"column":49},"end":{"line":999,"column":56}},"654":{"start":{"line":1003,"column":4},"end":{"line":1011,"column":5}},"655":{"start":{"line":1010,"column":8},"end":{"line":1010,"column":27}},"656":{"start":{"line":1010,"column":28},"end":{"line":1010,"column":48}},"657":{"start":{"line":1010,"column":49},"end":{"line":1010,"column":56}},"658":{"start":{"line":1014,"column":4},"end":{"line":1019,"column":5}},"659":{"start":{"line":1018,"column":8},"end":{"line":1018,"column":27}},"660":{"start":{"line":1018,"column":28},"end":{"line":1018,"column":48}},"661":{"start":{"line":1018,"column":49},"end":{"line":1018,"column":56}},"662":{"start":{"line":1022,"column":4},"end":{"line":1029,"column":5}},"663":{"start":{"line":1028,"column":8},"end":{"line":1028,"column":27}},"664":{"start":{"line":1028,"column":28},"end":{"line":1028,"column":48}},"665":{"start":{"line":1028,"column":49},"end":{"line":1028,"column":56}},"666":{"start":{"line":1032,"column":4},"end":{"line":1038,"column":5}},"667":{"start":{"line":1037,"column":8},"end":{"line":1037,"column":27}},"668":{"start":{"line":1037,"column":28},"end":{"line":1037,"column":48}},"669":{"start":{"line":1037,"column":49},"end":{"line":1037,"column":56}},"670":{"start":{"line":1042,"column":4},"end":{"line":1044,"column":5}},"671":{"start":{"line":1043,"column":8},"end":{"line":1043,"column":27}},"672":{"start":{"line":1048,"column":0},"end":{"line":1141,"column":1}},"673":{"start":{"line":1049,"column":4},"end":{"line":1140,"column":7}},"674":{"start":{"line":1050,"column":28},"end":{"line":1050,"column":51}},"675":{"start":{"line":1051,"column":27},"end":{"line":1051,"column":28}},"676":{"start":{"line":1052,"column":23},"end":{"line":1052,"column":28}},"677":{"start":{"line":1053,"column":25},"end":{"line":1053,"column":29}},"678":{"start":{"line":1056,"column":8},"end":{"line":1059,"column":9}},"679":{"start":{"line":1057,"column":12},"end":{"line":1057,"column":72}},"680":{"start":{"line":1058,"column":12},"end":{"line":1058,"column":38}},"681":{"start":{"line":1063,"column":12},"end":{"line":1063,"column":33}},"682":{"start":{"line":1063,"column":26},"end":{"line":1063,"column":33}},"683":{"start":{"line":1064,"column":26},"end":{"line":1064,"column":63}},"684":{"start":{"line":1065,"column":12},"end":{"line":1065,"column":40}},"685":{"start":{"line":1066,"column":2},"end":{"line":1066,"column":26}},"686":{"start":{"line":1071,"column":18},"end":{"line":1071,"column":55}},"687":{"start":{"line":1072,"column":4},"end":{"line":1072,"column":45}},"688":{"start":{"line":1072,"column":20},"end":{"line":1072,"column":45}},"689":{"start":{"line":1073,"column":28},"end":{"line":1073,"column":57}},"690":{"start":{"line":1075,"column":4},"end":{"line":1078,"column":17}},"691":{"start":{"line":1079,"column":4},"end":{"line":1082,"column":12}},"692":{"start":{"line":1080,"column":8},"end":{"line":1080,"column":36}},"693":{"start":{"line":1081,"column":8},"end":{"line":1081,"column":26}},"694":{"start":{"line":1086,"column":12},"end":{"line":1086,"column":40}},"695":{"start":{"line":1090,"column":12},"end":{"line":1090,"column":49}},"696":{"start":{"line":1090,"column":42},"end":{"line":1090,"column":49}},"697":{"start":{"line":1092,"column":24},"end":{"line":1092,"column":33}},"698":{"start":{"line":1094,"column":12},"end":{"line":1094,"column":54}},"699":{"start":{"line":1094,"column":47},"end":{"line":1094,"column":54}},"700":{"start":{"line":1101,"column":33},"end":{"line":1101,"column":57}},"701":{"start":{"line":1103,"column":12},"end":{"line":1130,"column":13}},"702":{"start":{"line":1105,"column":16},"end":{"line":1108,"column":17}},"703":{"start":{"line":1106,"column":20},"end":{"line":1106,"column":45}},"704":{"start":{"line":1107,"column":20},"end":{"line":1107,"column":38}},"705":{"start":{"line":1109,"column":16},"end":{"line":1109,"column":31}},"706":{"start":{"line":1110,"column":16},"end":{"line":1110,"column":41}},"707":{"start":{"line":1111,"column":16},"end":{"line":1111,"column":32}},"708":{"start":{"line":1113,"column":16},"end":{"line":1126,"column":17}},"709":{"start":{"line":1114,"column":19},"end":{"line":1114,"column":35}},"710":{"start":{"line":1116,"column":0},"end":{"line":1116,"column":27}},"711":{"start":{"line":1117,"column":0},"end":{"line":1117,"column":33}},"712":{"start":{"line":1118,"column":0},"end":{"line":1118,"column":24}},"713":{"start":{"line":1120,"column":0},"end":{"line":1120,"column":51}},"714":{"start":{"line":1121,"column":0},"end":{"line":1121,"column":26}},"715":{"start":{"line":1122,"column":0},"end":{"line":1125,"column":9}},"716":{"start":{"line":1123,"column":4},"end":{"line":1123,"column":33}},"717":{"start":{"line":1124,"column":4},"end":{"line":1124,"column":14}},"718":{"start":{"line":1129,"column":16},"end":{"line":1129,"column":35}},"719":{"start":{"line":1134,"column":8},"end":{"line":1134,"column":39}},"720":{"start":{"line":1135,"column":8},"end":{"line":1135,"column":56}},"721":{"start":{"line":1138,"column":8},"end":{"line":1138,"column":33}},"722":{"start":{"line":1139,"column":8},"end":{"line":1139,"column":24}}},"fnMap":{"0":{"name":"(anonymous_0)","decl":{"start":{"line":1,"column":47},"end":{"line":1,"column":48}},"loc":{"start":{"line":1,"column":53},"end":{"line":1143,"column":1}},"line":1},"1":{"name":"(anonymous_1)","decl":{"start":{"line":31,"column":64},"end":{"line":31,"column":65}},"loc":{"start":{"line":31,"column":71},"end":{"line":37,"column":1}},"line":31},"2":{"name":"(anonymous_2)","decl":{"start":{"line":35,"column":34},"end":{"line":35,"column":35}},"loc":{"start":{"line":35,"column":39},"end":{"line":35,"column":55}},"line":35},"3":{"name":"(anonymous_3)","decl":{"start":{"line":39,"column":20},"end":{"line":39,"column":21}},"loc":{"start":{"line":39,"column":52},"end":{"line":41,"column":1}},"line":39},"4":{"name":"(anonymous_4)","decl":{"start":{"line":44,"column":20},"end":{"line":44,"column":21}},"loc":{"start":{"line":44,"column":31},"end":{"line":48,"column":1}},"line":44},"5":{"name":"(anonymous_5)","decl":{"start":{"line":51,"column":21},"end":{"line":51,"column":22}},"loc":{"start":{"line":51,"column":32},"end":{"line":53,"column":1}},"line":51},"6":{"name":"(anonymous_6)","decl":{"start":{"line":56,"column":37},"end":{"line":56,"column":38}},"loc":{"start":{"line":56,"column":43},"end":{"line":63,"column":1}},"line":56},"7":{"name":"(anonymous_7)","decl":{"start":{"line":69,"column":35},"end":{"line":69,"column":36}},"loc":{"start":{"line":69,"column":41},"end":{"line":88,"column":1}},"line":69},"8":{"name":"(anonymous_8)","decl":{"start":{"line":77,"column":34},"end":{"line":77,"column":35}},"loc":{"start":{"line":77,"column":39},"end":{"line":77,"column":82}},"line":77},"9":{"name":"(anonymous_9)","decl":{"start":{"line":77,"column":53},"end":{"line":77,"column":54}},"loc":{"start":{"line":77,"column":58},"end":{"line":77,"column":81}},"line":77},"10":{"name":"(anonymous_10)","decl":{"start":{"line":79,"column":57},"end":{"line":79,"column":58}},"loc":{"start":{"line":79,"column":62},"end":{"line":79,"column":85}},"line":79},"11":{"name":"(anonymous_11)","decl":{"start":{"line":91,"column":22},"end":{"line":91,"column":23}},"loc":{"start":{"line":91,"column":33},"end":{"line":116,"column":1}},"line":91},"12":{"name":"(anonymous_12)","decl":{"start":{"line":93,"column":32},"end":{"line":93,"column":33}},"loc":{"start":{"line":94,"column":12},"end":{"line":94,"column":103}},"line":94},"13":{"name":"(anonymous_13)","decl":{"start":{"line":111,"column":47},"end":{"line":111,"column":48}},"loc":{"start":{"line":111,"column":53},"end":{"line":113,"column":13}},"line":111},"14":{"name":"(anonymous_14)","decl":{"start":{"line":119,"column":20},"end":{"line":119,"column":21}},"loc":{"start":{"line":119,"column":38},"end":{"line":125,"column":1}},"line":119},"15":{"name":"(anonymous_15)","decl":{"start":{"line":121,"column":40},"end":{"line":121,"column":41}},"loc":{"start":{"line":121,"column":45},"end":{"line":121,"column":61}},"line":121},"16":{"name":"(anonymous_16)","decl":{"start":{"line":205,"column":18},"end":{"line":205,"column":19}},"loc":{"start":{"line":205,"column":30},"end":{"line":208,"column":1}},"line":205},"17":{"name":"(anonymous_17)","decl":{"start":{"line":211,"column":22},"end":{"line":211,"column":23}},"loc":{"start":{"line":211,"column":40},"end":{"line":221,"column":1}},"line":211},"18":{"name":"(anonymous_18)","decl":{"start":{"line":229,"column":47},"end":{"line":229,"column":48}},"loc":{"start":{"line":229,"column":53},"end":{"line":235,"column":9}},"line":229},"19":{"name":"(anonymous_19)","decl":{"start":{"line":240,"column":39},"end":{"line":240,"column":40}},"loc":{"start":{"line":240,"column":45},"end":{"line":246,"column":5}},"line":240},"20":{"name":"(anonymous_20)","decl":{"start":{"line":257,"column":42},"end":{"line":257,"column":43}},"loc":{"start":{"line":257,"column":48},"end":{"line":262,"column":5}},"line":257},"21":{"name":"(anonymous_21)","decl":{"start":{"line":265,"column":33},"end":{"line":265,"column":34}},"loc":{"start":{"line":265,"column":48},"end":{"line":280,"column":1}},"line":265},"22":{"name":"(anonymous_22)","decl":{"start":{"line":270,"column":42},"end":{"line":270,"column":43}},"loc":{"start":{"line":270,"column":47},"end":{"line":270,"column":64}},"line":270},"23":{"name":"(anonymous_23)","decl":{"start":{"line":285,"column":23},"end":{"line":285,"column":24}},"loc":{"start":{"line":285,"column":34},"end":{"line":294,"column":1}},"line":285},"24":{"name":"(anonymous_24)","decl":{"start":{"line":296,"column":24},"end":{"line":296,"column":25}},"loc":{"start":{"line":296,"column":42},"end":{"line":314,"column":5}},"line":296},"25":{"name":"(anonymous_25)","decl":{"start":{"line":310,"column":19},"end":{"line":310,"column":20}},"loc":{"start":{"line":310,"column":25},"end":{"line":313,"column":9}},"line":310},"26":{"name":"(anonymous_26)","decl":{"start":{"line":312,"column":23},"end":{"line":312,"column":24}},"loc":{"start":{"line":312,"column":29},"end":{"line":312,"column":43}},"line":312},"27":{"name":"(anonymous_27)","decl":{"start":{"line":317,"column":25},"end":{"line":317,"column":26}},"loc":{"start":{"line":317,"column":72},"end":{"line":371,"column":5}},"line":317},"28":{"name":"(anonymous_28)","decl":{"start":{"line":324,"column":51},"end":{"line":324,"column":52}},"loc":{"start":{"line":324,"column":56},"end":{"line":324,"column":64}},"line":324},"29":{"name":"renderPage","decl":{"start":{"line":337,"column":9},"end":{"line":337,"column":19}},"loc":{"start":{"line":337,"column":22},"end":{"line":348,"column":9}},"line":337},"30":{"name":"closeModal","decl":{"start":{"line":350,"column":9},"end":{"line":350,"column":19}},"loc":{"start":{"line":350,"column":22},"end":{"line":353,"column":9}},"line":350},"31":{"name":"(anonymous_31)","decl":{"start":{"line":355,"column":26},"end":{"line":355,"column":27}},"loc":{"start":{"line":355,"column":32},"end":{"line":360,"column":9}},"line":355},"32":{"name":"(anonymous_32)","decl":{"start":{"line":361,"column":26},"end":{"line":361,"column":27}},"loc":{"start":{"line":361,"column":32},"end":{"line":366,"column":9}},"line":361},"33":{"name":"(anonymous_33)","decl":{"start":{"line":375,"column":22},"end":{"line":375,"column":23}},"loc":{"start":{"line":375,"column":51},"end":{"line":384,"column":1}},"line":375},"34":{"name":"(anonymous_34)","decl":{"start":{"line":387,"column":22},"end":{"line":387,"column":23}},"loc":{"start":{"line":387,"column":33},"end":{"line":396,"column":1}},"line":387},"35":{"name":"(anonymous_35)","decl":{"start":{"line":393,"column":85},"end":{"line":393,"column":86}},"loc":{"start":{"line":393,"column":91},"end":{"line":395,"column":5}},"line":393},"36":{"name":"(anonymous_36)","decl":{"start":{"line":399,"column":21},"end":{"line":399,"column":22}},"loc":{"start":{"line":399,"column":37},"end":{"line":419,"column":1}},"line":399},"37":{"name":"(anonymous_37)","decl":{"start":{"line":414,"column":38},"end":{"line":414,"column":39}},"loc":{"start":{"line":414,"column":44},"end":{"line":417,"column":9}},"line":414},"38":{"name":"fetchNavigationData","decl":{"start":{"line":422,"column":19},"end":{"line":422,"column":38}},"loc":{"start":{"line":422,"column":41},"end":{"line":432,"column":1}},"line":422},"39":{"name":"(anonymous_39)","decl":{"start":{"line":436,"column":21},"end":{"line":436,"column":22}},"loc":{"start":{"line":436,"column":39},"end":{"line":443,"column":1}},"line":436},"40":{"name":"(anonymous_40)","decl":{"start":{"line":446,"column":22},"end":{"line":446,"column":23}},"loc":{"start":{"line":446,"column":40},"end":{"line":450,"column":1}},"line":446},"41":{"name":"(anonymous_41)","decl":{"start":{"line":447,"column":67},"end":{"line":447,"column":68}},"loc":{"start":{"line":447,"column":73},"end":{"line":447,"column":102}},"line":447},"42":{"name":"(anonymous_42)","decl":{"start":{"line":452,"column":24},"end":{"line":452,"column":25}},"loc":{"start":{"line":452,"column":72},"end":{"line":460,"column":1}},"line":452},"43":{"name":"(anonymous_43)","decl":{"start":{"line":459,"column":34},"end":{"line":459,"column":35}},"loc":{"start":{"line":459,"column":39},"end":{"line":459,"column":76}},"line":459},"44":{"name":"(anonymous_44)","decl":{"start":{"line":462,"column":17},"end":{"line":462,"column":18}},"loc":{"start":{"line":462,"column":34},"end":{"line":538,"column":5}},"line":462},"45":{"name":"(anonymous_45)","decl":{"start":{"line":469,"column":23},"end":{"line":469,"column":24}},"loc":{"start":{"line":469,"column":41},"end":{"line":486,"column":9}},"line":469},"46":{"name":"(anonymous_46)","decl":{"start":{"line":475,"column":43},"end":{"line":475,"column":44}},"loc":{"start":{"line":475,"column":59},"end":{"line":482,"column":1}},"line":475},"47":{"name":"(anonymous_47)","decl":{"start":{"line":490,"column":43},"end":{"line":490,"column":44}},"loc":{"start":{"line":490,"column":50},"end":{"line":537,"column":9}},"line":490},"48":{"name":"(anonymous_48)","decl":{"start":{"line":528,"column":46},"end":{"line":528,"column":47}},"loc":{"start":{"line":528,"column":51},"end":{"line":528,"column":67}},"line":528},"49":{"name":"(anonymous_49)","decl":{"start":{"line":541,"column":10},"end":{"line":541,"column":11}},"loc":{"start":{"line":541,"column":20},"end":{"line":559,"column":5}},"line":541},"50":{"name":"fetchLevelTasks","decl":{"start":{"line":563,"column":19},"end":{"line":563,"column":34}},"loc":{"start":{"line":563,"column":44},"end":{"line":577,"column":1}},"line":563},"51":{"name":"(anonymous_51)","decl":{"start":{"line":579,"column":26},"end":{"line":579,"column":27}},"loc":{"start":{"line":579,"column":37},"end":{"line":588,"column":1}},"line":579},"52":{"name":"startLevelSequence","decl":{"start":{"line":591,"column":19},"end":{"line":591,"column":37}},"loc":{"start":{"line":591,"column":70},"end":{"line":676,"column":1}},"line":591},"53":{"name":"(anonymous_53)","decl":{"start":{"line":596,"column":34},"end":{"line":596,"column":35}},"loc":{"start":{"line":596,"column":39},"end":{"line":596,"column":75}},"line":596},"54":{"name":"(anonymous_54)","decl":{"start":{"line":596,"column":53},"end":{"line":596,"column":54}},"loc":{"start":{"line":596,"column":58},"end":{"line":596,"column":74}},"line":596},"55":{"name":"(anonymous_55)","decl":{"start":{"line":625,"column":24},"end":{"line":625,"column":25}},"loc":{"start":{"line":625,"column":36},"end":{"line":668,"column":5}},"line":625},"56":{"name":"(anonymous_56)","decl":{"start":{"line":650,"column":33},"end":{"line":650,"column":34}},"loc":{"start":{"line":650,"column":39},"end":{"line":650,"column":58}},"line":650},"57":{"name":"(anonymous_57)","decl":{"start":{"line":653,"column":19},"end":{"line":653,"column":20}},"loc":{"start":{"line":653,"column":25},"end":{"line":667,"column":9}},"line":653},"58":{"name":"(anonymous_58)","decl":{"start":{"line":654,"column":42},"end":{"line":654,"column":43}},"loc":{"start":{"line":654,"column":47},"end":{"line":654,"column":83}},"line":654},"59":{"name":"(anonymous_59)","decl":{"start":{"line":654,"column":61},"end":{"line":654,"column":62}},"loc":{"start":{"line":654,"column":66},"end":{"line":654,"column":82}},"line":654},"60":{"name":"(anonymous_60)","decl":{"start":{"line":656,"column":65},"end":{"line":656,"column":66}},"loc":{"start":{"line":656,"column":70},"end":{"line":656,"column":86}},"line":656},"61":{"name":"(anonymous_61)","decl":{"start":{"line":672,"column":49},"end":{"line":672,"column":50}},"loc":{"start":{"line":672,"column":55},"end":{"line":672,"column":68}},"line":672},"62":{"name":"(anonymous_62)","decl":{"start":{"line":680,"column":18},"end":{"line":680,"column":19}},"loc":{"start":{"line":680,"column":37},"end":{"line":707,"column":1}},"line":680},"63":{"name":"(anonymous_63)","decl":{"start":{"line":686,"column":50},"end":{"line":686,"column":51}},"loc":{"start":{"line":686,"column":55},"end":{"line":686,"column":72}},"line":686},"64":{"name":"(anonymous_64)","decl":{"start":{"line":700,"column":23},"end":{"line":700,"column":24}},"loc":{"start":{"line":700,"column":36},"end":{"line":706,"column":5}},"line":700},"65":{"name":"(anonymous_65)","decl":{"start":{"line":709,"column":29},"end":{"line":709,"column":30}},"loc":{"start":{"line":709,"column":47},"end":{"line":728,"column":1}},"line":709},"66":{"name":"(anonymous_66)","decl":{"start":{"line":730,"column":24},"end":{"line":730,"column":25}},"loc":{"start":{"line":730,"column":40},"end":{"line":737,"column":1}},"line":730},"67":{"name":"(anonymous_67)","decl":{"start":{"line":739,"column":20},"end":{"line":739,"column":21}},"loc":{"start":{"line":739,"column":39},"end":{"line":973,"column":5}},"line":739},"68":{"name":"(anonymous_68)","decl":{"start":{"line":740,"column":27},"end":{"line":740,"column":28}},"loc":{"start":{"line":740,"column":40},"end":{"line":972,"column":9}},"line":740},"69":{"name":"(anonymous_69)","decl":{"start":{"line":745,"column":35},"end":{"line":745,"column":36}},"loc":{"start":{"line":745,"column":43},"end":{"line":745,"column":76}},"line":745},"70":{"name":"(anonymous_70)","decl":{"start":{"line":746,"column":16},"end":{"line":746,"column":17}},"loc":{"start":{"line":746,"column":24},"end":{"line":746,"column":43}},"line":746},"71":{"name":"(anonymous_71)","decl":{"start":{"line":746,"column":59},"end":{"line":746,"column":60}},"loc":{"start":{"line":746,"column":67},"end":{"line":746,"column":83}},"line":746},"72":{"name":"render","decl":{"start":{"line":755,"column":9},"end":{"line":755,"column":15}},"loc":{"start":{"line":755,"column":18},"end":{"line":786,"column":1}},"line":755},"73":{"name":"(anonymous_73)","decl":{"start":{"line":789,"column":30},"end":{"line":789,"column":31}},"loc":{"start":{"line":789,"column":48},"end":{"line":795,"column":13}},"line":789},"74":{"name":"(anonymous_74)","decl":{"start":{"line":798,"column":20},"end":{"line":798,"column":21}},"loc":{"start":{"line":798,"column":38},"end":{"line":811,"column":13}},"line":798},"75":{"name":"onKeyDown","decl":{"start":{"line":813,"column":9},"end":{"line":813,"column":18}},"loc":{"start":{"line":813,"column":26},"end":{"line":907,"column":13}},"line":813},"76":{"name":"(anonymous_76)","decl":{"start":{"line":835,"column":23},"end":{"line":835,"column":24}},"loc":{"start":{"line":835,"column":29},"end":{"line":838,"column":13}},"line":835},"77":{"name":"(anonymous_77)","decl":{"start":{"line":896,"column":35},"end":{"line":896,"column":36}},"loc":{"start":{"line":896,"column":41},"end":{"line":899,"column":25}},"line":896},"78":{"name":"onKeyUp","decl":{"start":{"line":909,"column":9},"end":{"line":909,"column":16}},"loc":{"start":{"line":909,"column":24},"end":{"line":951,"column":13}},"line":909},"79":{"name":"(anonymous_79)","decl":{"start":{"line":962,"column":31},"end":{"line":962,"column":32}},"loc":{"start":{"line":962,"column":38},"end":{"line":965,"column":13}},"line":962},"80":{"name":"(anonymous_80)","decl":{"start":{"line":975,"column":30},"end":{"line":975,"column":31}},"loc":{"start":{"line":975,"column":42},"end":{"line":1045,"column":1}},"line":975},"81":{"name":"(anonymous_81)","decl":{"start":{"line":1048,"column":22},"end":{"line":1048,"column":23}},"loc":{"start":{"line":1048,"column":41},"end":{"line":1141,"column":1}},"line":1048},"82":{"name":"(anonymous_82)","decl":{"start":{"line":1049,"column":23},"end":{"line":1049,"column":24}},"loc":{"start":{"line":1049,"column":36},"end":{"line":1140,"column":5}},"line":1049},"83":{"name":"updateDisplay","decl":{"start":{"line":1062,"column":9},"end":{"line":1062,"column":22}},"loc":{"start":{"line":1062,"column":25},"end":{"line":1067,"column":9}},"line":1062},"84":{"name":"showErrorChar","decl":{"start":{"line":1070,"column":9},"end":{"line":1070,"column":22}},"loc":{"start":{"line":1070,"column":29},"end":{"line":1083,"column":1}},"line":1070},"85":{"name":"(anonymous_85)","decl":{"start":{"line":1079,"column":28},"end":{"line":1079,"column":29}},"loc":{"start":{"line":1079,"column":34},"end":{"line":1082,"column":5}},"line":1079},"86":{"name":"setDisplayColor","decl":{"start":{"line":1085,"column":9},"end":{"line":1085,"column":24}},"loc":{"start":{"line":1085,"column":32},"end":{"line":1087,"column":9}},"line":1085},"87":{"name":"onKeyDown","decl":{"start":{"line":1089,"column":9},"end":{"line":1089,"column":18}},"loc":{"start":{"line":1089,"column":26},"end":{"line":1131,"column":9}},"line":1089},"88":{"name":"(anonymous_88)","decl":{"start":{"line":1122,"column":11},"end":{"line":1122,"column":12}},"loc":{"start":{"line":1122,"column":17},"end":{"line":1125,"column":1}},"line":1122}},"branchMap":{"0":{"loc":{"start":{"line":28,"column":22},"end":{"line":28,"column":79}},"type":"binary-expr","locations":[{"start":{"line":28,"column":22},"end":{"line":28,"column":73}},{"start":{"line":28,"column":77},"end":{"line":28,"column":79}}],"line":28},"1":{"loc":{"start":{"line":33,"column":4},"end":{"line":33,"column":27}},"type":"if","locations":[{"start":{"line":33,"column":4},"end":{"line":33,"column":27}},{"start":{},"end":{}}],"line":33},"2":{"loc":{"start":{"line":36,"column":4},"end":{"line":36,"column":36}},"type":"if","locations":[{"start":{"line":36,"column":4},"end":{"line":36,"column":36}},{"start":{},"end":{}}],"line":36},"3":{"loc":{"start":{"line":46,"column":4},"end":{"line":46,"column":26}},"type":"if","locations":[{"start":{"line":46,"column":4},"end":{"line":46,"column":26}},{"start":{},"end":{}}],"line":46},"4":{"loc":{"start":{"line":57,"column":4},"end":{"line":57,"column":32}},"type":"if","locations":[{"start":{"line":57,"column":4},"end":{"line":57,"column":32}},{"start":{},"end":{}}],"line":57},"5":{"loc":{"start":{"line":66,"column":0},"end":{"line":89,"column":1}},"type":"if","locations":[{"start":{"line":66,"column":0},"end":{"line":89,"column":1}},{"start":{},"end":{}}],"line":66},"6":{"loc":{"start":{"line":70,"column":4},"end":{"line":70,"column":32}},"type":"if","locations":[{"start":{"line":70,"column":4},"end":{"line":70,"column":32}},{"start":{},"end":{}}],"line":70},"7":{"loc":{"start":{"line":71,"column":4},"end":{"line":74,"column":5}},"type":"if","locations":[{"start":{"line":71,"column":4},"end":{"line":74,"column":5}},{"start":{},"end":{}}],"line":71},"8":{"loc":{"start":{"line":78,"column":4},"end":{"line":87,"column":5}},"type":"if","locations":[{"start":{"line":78,"column":4},"end":{"line":87,"column":5}},{"start":{},"end":{}}],"line":78},"9":{"loc":{"start":{"line":81,"column":8},"end":{"line":86,"column":9}},"type":"if","locations":[{"start":{"line":81,"column":8},"end":{"line":86,"column":9}},{"start":{"line":84,"column":15},"end":{"line":86,"column":9}}],"line":81},"10":{"loc":{"start":{"line":92,"column":26},"end":{"line":96,"column":59}},"type":"cond-expr","locations":[{"start":{"line":93,"column":10},"end":{"line":95,"column":18}},{"start":{"line":96,"column":10},"end":{"line":96,"column":59}}],"line":92},"11":{"loc":{"start":{"line":98,"column":23},"end":{"line":98,"column":51}},"type":"binary-expr","locations":[{"start":{"line":98,"column":23},"end":{"line":98,"column":43}},{"start":{"line":98,"column":47},"end":{"line":98,"column":51}}],"line":98},"12":{"loc":{"start":{"line":101,"column":9},"end":{"line":101,"column":107}},"type":"cond-expr","locations":[{"start":{"line":101,"column":22},"end":{"line":101,"column":102}},{"start":{"line":101,"column":105},"end":{"line":101,"column":107}}],"line":101},"13":{"loc":{"start":{"line":108,"column":4},"end":{"line":115,"column":5}},"type":"if","locations":[{"start":{"line":108,"column":4},"end":{"line":115,"column":5}},{"start":{},"end":{}}],"line":108},"14":{"loc":{"start":{"line":110,"column":8},"end":{"line":114,"column":9}},"type":"if","locations":[{"start":{"line":110,"column":8},"end":{"line":114,"column":9}},{"start":{},"end":{}}],"line":110},"15":{"loc":{"start":{"line":122,"column":8},"end":{"line":122,"column":37}},"type":"if","locations":[{"start":{"line":122,"column":8},"end":{"line":122,"column":37}},{"start":{},"end":{}}],"line":122},"16":{"loc":{"start":{"line":206,"column":4},"end":{"line":206,"column":52}},"type":"if","locations":[{"start":{"line":206,"column":4},"end":{"line":206,"column":52}},{"start":{},"end":{}}],"line":206},"17":{"loc":{"start":{"line":206,"column":8},"end":{"line":206,"column":34}},"type":"binary-expr","locations":[{"start":{"line":206,"column":8},"end":{"line":206,"column":21}},{"start":{"line":206,"column":25},"end":{"line":206,"column":34}}],"line":206},"18":{"loc":{"start":{"line":207,"column":11},"end":{"line":207,"column":34}},"type":"binary-expr","locations":[{"start":{"line":207,"column":11},"end":{"line":207,"column":29}},{"start":{"line":207,"column":33},"end":{"line":207,"column":34}}],"line":207},"19":{"loc":{"start":{"line":217,"column":11},"end":{"line":217,"column":80}},"type":"binary-expr","locations":[{"start":{"line":217,"column":11},"end":{"line":217,"column":54}},{"start":{"line":217,"column":58},"end":{"line":217,"column":80}}],"line":217},"20":{"loc":{"start":{"line":223,"column":4},"end":{"line":226,"column":5}},"type":"if","locations":[{"start":{"line":223,"column":4},"end":{"line":226,"column":5}},{"start":{},"end":{}}],"line":223},"21":{"loc":{"start":{"line":223,"column":8},"end":{"line":223,"column":31}},"type":"binary-expr","locations":[{"start":{"line":223,"column":8},"end":{"line":223,"column":16}},{"start":{"line":223,"column":20},"end":{"line":223,"column":31}}],"line":223},"22":{"loc":{"start":{"line":228,"column":4},"end":{"line":236,"column":5}},"type":"if","locations":[{"start":{"line":228,"column":4},"end":{"line":236,"column":5}},{"start":{},"end":{}}],"line":228},"23":{"loc":{"start":{"line":230,"column":12},"end":{"line":234,"column":13}},"type":"if","locations":[{"start":{"line":230,"column":12},"end":{"line":234,"column":13}},{"start":{"line":232,"column":19},"end":{"line":234,"column":13}}],"line":230},"24":{"loc":{"start":{"line":239,"column":0},"end":{"line":247,"column":1}},"type":"if","locations":[{"start":{"line":239,"column":0},"end":{"line":247,"column":1}},{"start":{},"end":{}}],"line":239},"25":{"loc":{"start":{"line":241,"column":8},"end":{"line":245,"column":9}},"type":"if","locations":[{"start":{"line":241,"column":8},"end":{"line":245,"column":9}},{"start":{"line":243,"column":15},"end":{"line":245,"column":9}}],"line":241},"26":{"loc":{"start":{"line":250,"column":0},"end":{"line":263,"column":1}},"type":"if","locations":[{"start":{"line":250,"column":0},"end":{"line":263,"column":1}},{"start":{},"end":{}}],"line":250},"27":{"loc":{"start":{"line":253,"column":4},"end":{"line":256,"column":5}},"type":"if","locations":[{"start":{"line":253,"column":4},"end":{"line":256,"column":5}},{"start":{},"end":{}}],"line":253},"28":{"loc":{"start":{"line":260,"column":38},"end":{"line":260,"column":64}},"type":"cond-expr","locations":[{"start":{"line":260,"column":48},"end":{"line":260,"column":55}},{"start":{"line":260,"column":58},"end":{"line":260,"column":64}}],"line":260},"29":{"loc":{"start":{"line":261,"column":34},"end":{"line":261,"column":55}},"type":"cond-expr","locations":[{"start":{"line":261,"column":44},"end":{"line":261,"column":48}},{"start":{"line":261,"column":51},"end":{"line":261,"column":55}}],"line":261},"30":{"loc":{"start":{"line":266,"column":4},"end":{"line":278,"column":5}},"type":"if","locations":[{"start":{"line":266,"column":4},"end":{"line":278,"column":5}},{"start":{"line":272,"column":11},"end":{"line":278,"column":5}}],"line":266},"31":{"loc":{"start":{"line":267,"column":8},"end":{"line":269,"column":9}},"type":"if","locations":[{"start":{"line":267,"column":8},"end":{"line":269,"column":9}},{"start":{},"end":{}}],"line":267},"32":{"loc":{"start":{"line":267,"column":12},"end":{"line":267,"column":62}},"type":"binary-expr","locations":[{"start":{"line":267,"column":12},"end":{"line":267,"column":28}},{"start":{"line":267,"column":32},"end":{"line":267,"column":62}}],"line":267},"33":{"loc":{"start":{"line":272,"column":11},"end":{"line":278,"column":5}},"type":"if","locations":[{"start":{"line":272,"column":11},"end":{"line":278,"column":5}},{"start":{},"end":{}}],"line":272},"34":{"loc":{"start":{"line":273,"column":8},"end":{"line":275,"column":9}},"type":"if","locations":[{"start":{"line":273,"column":8},"end":{"line":275,"column":9}},{"start":{},"end":{}}],"line":273},"35":{"loc":{"start":{"line":273,"column":12},"end":{"line":273,"column":62}},"type":"binary-expr","locations":[{"start":{"line":273,"column":12},"end":{"line":273,"column":28}},{"start":{"line":273,"column":32},"end":{"line":273,"column":62}}],"line":273},"36":{"loc":{"start":{"line":276,"column":23},"end":{"line":276,"column":68}},"type":"binary-expr","locations":[{"start":{"line":276,"column":23},"end":{"line":276,"column":42}},{"start":{"line":276,"column":46},"end":{"line":276,"column":62}},{"start":{"line":276,"column":66},"end":{"line":276,"column":68}}],"line":276},"37":{"loc":{"start":{"line":279,"column":11},"end":{"line":279,"column":33}},"type":"binary-expr","locations":[{"start":{"line":279,"column":11},"end":{"line":279,"column":27}},{"start":{"line":279,"column":31},"end":{"line":279,"column":33}}],"line":279},"38":{"loc":{"start":{"line":288,"column":8},"end":{"line":292,"column":9}},"type":"if","locations":[{"start":{"line":288,"column":8},"end":{"line":292,"column":9}},{"start":{"line":290,"column":15},"end":{"line":292,"column":9}}],"line":288},"39":{"loc":{"start":{"line":317,"column":52},"end":{"line":317,"column":70}},"type":"default-arg","locations":[{"start":{"line":317,"column":60},"end":{"line":317,"column":70}}],"line":317},"40":{"loc":{"start":{"line":320,"column":0},"end":{"line":322,"column":1}},"type":"if","locations":[{"start":{"line":320,"column":0},"end":{"line":322,"column":1}},{"start":{},"end":{}}],"line":320},"41":{"loc":{"start":{"line":323,"column":4},"end":{"line":323,"column":51}},"type":"if","locations":[{"start":{"line":323,"column":4},"end":{"line":323,"column":51}},{"start":{},"end":{}}],"line":323},"42":{"loc":{"start":{"line":341,"column":12},"end":{"line":347,"column":13}},"type":"if","locations":[{"start":{"line":341,"column":12},"end":{"line":347,"column":13}},{"start":{"line":344,"column":19},"end":{"line":347,"column":13}}],"line":341},"43":{"loc":{"start":{"line":352,"column":12},"end":{"line":352,"column":35}},"type":"if","locations":[{"start":{"line":352,"column":12},"end":{"line":352,"column":35}},{"start":{},"end":{}}],"line":352},"44":{"loc":{"start":{"line":356,"column":12},"end":{"line":359,"column":13}},"type":"if","locations":[{"start":{"line":356,"column":12},"end":{"line":359,"column":13}},{"start":{},"end":{}}],"line":356},"45":{"loc":{"start":{"line":362,"column":12},"end":{"line":365,"column":13}},"type":"if","locations":[{"start":{"line":362,"column":12},"end":{"line":365,"column":13}},{"start":{},"end":{}}],"line":362},"46":{"loc":{"start":{"line":376,"column":0},"end":{"line":376,"column":50}},"type":"if","locations":[{"start":{"line":376,"column":0},"end":{"line":376,"column":50}},{"start":{},"end":{}}],"line":376},"47":{"loc":{"start":{"line":378,"column":4},"end":{"line":378,"column":48}},"type":"if","locations":[{"start":{"line":378,"column":4},"end":{"line":378,"column":48}},{"start":{},"end":{}}],"line":378},"48":{"loc":{"start":{"line":380,"column":4},"end":{"line":383,"column":5}},"type":"if","locations":[{"start":{"line":380,"column":4},"end":{"line":383,"column":5}},{"start":{},"end":{}}],"line":380},"49":{"loc":{"start":{"line":388,"column":1},"end":{"line":388,"column":51}},"type":"if","locations":[{"start":{"line":388,"column":1},"end":{"line":388,"column":51}},{"start":{},"end":{}}],"line":388},"50":{"loc":{"start":{"line":390,"column":4},"end":{"line":390,"column":51}},"type":"if","locations":[{"start":{"line":390,"column":4},"end":{"line":390,"column":51}},{"start":{},"end":{}}],"line":390},"51":{"loc":{"start":{"line":392,"column":4},"end":{"line":392,"column":60}},"type":"if","locations":[{"start":{"line":392,"column":4},"end":{"line":392,"column":60}},{"start":{},"end":{}}],"line":392},"52":{"loc":{"start":{"line":394,"column":8},"end":{"line":394,"column":38}},"type":"if","locations":[{"start":{"line":394,"column":8},"end":{"line":394,"column":38}},{"start":{},"end":{}}],"line":394},"53":{"loc":{"start":{"line":401,"column":4},"end":{"line":4
[...]
"152":{"loc":{"start":{"line":887,"column":16},"end":{"line":906,"column":17}},"type":"if","locations":[{"start":{"line":887,"column":16},"end":{"line":906,"column":17}},{"start":{"line":903,"column":23},"end":{"line":906,"column":17}}],"line":887},"153":{"loc":{"start":{"line":889,"column":20},"end":{"line":902,"column":21}},"type":"if","locations":[{"start":{"line":889,"column":20},"end":{"line":902,"column":21}},{"start":{"line":900,"column":27},"end":{"line":902,"column":21}}],"line":889},"154":{"loc":{"start":{"line":892,"column":3},"end":{"line":892,"column":83}},"type":"if","locations":[{"start":{"line":892,"column":3},"end":{"line":892,"column":83}},{"start":{},"end":{}}],"line":892},"155":{"loc":{"start":{"line":893,"column":20},"end":{"line":893,"column":94}},"type":"if","locations":[{"start":{"line":893,"column":20},"end":{"line":893,"column":94}},{"start":{},"end":{}}],"line":893},"156":{"loc":{"start":{"line":910,"column":16},"end":{"line":910,"column":53}},"type":"if","locations":[{"start":{"line":910,"column":16},"end":{"line":910,"column":53}},{"start":{},"end":{}}],"line":910},"157":{"loc":{"start":{"line":910,"column":20},"end":{"line":910,"column":44}},"type":"binary-expr","locations":[{"start":{"line":910,"column":20},"end":{"line":910,"column":32}},{"start":{"line":910,"column":36},"end":{"line":910,"column":44}}],"line":910},"158":{"loc":{"start":{"line":911,"column":2},"end":{"line":911,"column":29}},"type":"if","locations":[{"start":{"line":911,"column":2},"end":{"line":911,"column":29}},{"start":{},"end":{}}],"line":911},"159":{"loc":{"start":{"line":916,"column":16},"end":{"line":922,"column":17}},"type":"if","locations":[{"start":{"line":916,"column":16},"end":{"line":922,"column":17}},{"start":{},"end":{}}],"line":916},"160":{"loc":{"start":{"line":924,"column":16},"end":{"line":942,"column":17}},"type":"if","locations":[{"start":{"line":924,"column":16},"end":{"line":942,"column":17}},{"start":{},"end":{}}],"line":924},"161":{"loc":{"start":{"line":929,"column":24},"end":{"line":933,"column":25}},"type":"if","locations":[{"start":{"line":929,"column":24},"end":{"line":933,"column":25}},{"start":{},"end":{}}],"line":929},"162":{"loc":{"start":{"line":935,"column":20},"end":{"line":941,"column":21}},"type":"if","locations":[{"start":{"line":935,"column":20},"end":{"line":941,"column":21}},{"start":{},"end":{}}],"line":935},"163":{"loc":{"start":{"line":938,"column":24},"end":{"line":938,"column":56}},"type":"if","locations":[{"start":{"line":938,"column":24},"end":{"line":938,"column":56}},{"start":{},"end":{}}],"line":938},"164":{"loc":{"start":{"line":944,"column":16},"end":{"line":950,"column":17}},"type":"if","locations":[{"start":{"line":944,"column":16},"end":{"line":950,"column":17}},{"start":{},"end":{}}],"line":944},"165":{"loc":{"start":{"line":945,"column":20},"end":{"line":949,"column":21}},"type":"if","locations":[{"start":{"line":945,"column":20},"end":{"line":949,"column":21}},{"start":{},"end":{}}],"line":945},"166":{"loc":{"start":{"line":945,"column":24},"end":{"line":945,"column":89}},"type":"binary-expr","locations":[{"start":{"line":945,"column":24},"end":{"line":945,"column":59}},{"start":{"line":945,"column":63},"end":{"line":945,"column":89}}],"line":945},"167":{"loc":{"start":{"line":958,"column":12},"end":{"line":958,"column":92}},"type":"if","locations":[{"start":{"line":958,"column":12},"end":{"line":958,"column":92}},{"start":{},"end":{}}],"line":958},"168":{"loc":{"start":{"line":959,"column":12},"end":{"line":959,"column":86}},"type":"if","locations":[{"start":{"line":959,"column":12},"end":{"line":959,"column":86}},{"start":{},"end":{}}],"line":959},"169":{"loc":{"start":{"line":983,"column":4},"end":{"line":991,"column":5}},"type":"if","locations":[{"start":{"line":983,"column":4},"end":{"line":991,"column":5}},{"start":{},"end":{}}],"line":983},"170":{"loc":{"start":{"line":984,"column":8},"end":{"line":988,"column":29}},"type":"binary-expr","locations":[{"start":{"line":984,"column":9},"end":{"line":984,"column":13}},{"start":{"line":984,"column":17},"end":{"line":984,"column":28}},{"start":{"line":985,"column":9},"end":{"line":985,"column":13}},{"start":{"line":985,"column":17},"end":{"line":985,"column":22}},{"start":{"line":985,"column":26},"end":{"line":985,"column":37}},{"start":{"line":986,"column":9},"end":{"line":986,"column":12}},{"start":{"line":986,"column":16},"end":{"line":986,"column":28}},{"start":{"line":987,"column":8},"end":{"line":987,"column":20}},{"start":{"line":988,"column":9},"end":{"line":988,"column":13}},{"start":{"line":988,"column":17},"end":{"line":988,"column":28}}],"line":984},"171":{"loc":{"start":{"line":994,"column":4},"end":{"line":1000,"column":5}},"type":"if","locations":[{"start":{"line":994,"column":4},"end":{"line":1000,"column":5}},{"start":{},"end":{}}],"line":994},"172":{"loc":{"start":{"line":995,"column":8},"end":{"line":997,"column":27}},"type":"binary-expr","locations":[{"start":{"line":995,"column":9},"end":{"line":995,"column":12}},{"start":{"line":995,"column":16},"end":{"line":995,"column":35}},{"start":{"line":996,"column":9},"end":{"line":996,"column":12}},{"start":{"line":996,"column":16},"end":{"line":996,"column":36}},{"start":{"line":997,"column":8},"end":{"line":997,"column":27}}],"line":995},"173":{"loc":{"start":{"line":1003,"column":4},"end":{"line":1011,"column":5}},"type":"if","locations":[{"start":{"line":1003,"column":4},"end":{"line":1011,"column":5}},{"start":{},"end":{}}],"line":1003},"174":{"loc":{"start":{"line":1004,"column":8},"end":{"line":1008,"column":40}},"type":"binary-expr","locations":[{"start":{"line":1004,"column":9},"end":{"line":1004,"column":13}},{"start":{"line":1004,"column":17},"end":{"line":1004,"column":28}},{"start":{"line":1005,"column":9},"end":{"line":1005,"column":13}},{"start":{"line":1005,"column":17},"end":{"line":1005,"column":28}},{"start":{"line":1006,"column":9},"end":{"line":1006,"column":13}},{"start":{"line":1006,"column":17},"end":{"line":1006,"column":22}},{"start":{"line":1006,"column":26},"end":{"line":1006,"column":37}},{"start":{"line":1007,"column":9},"end":{"line":1007,"column":13}},{"start":{"line":1007,"column":17},"end":{"line":1007,"column":30}},{"start":{"line":1008,"column":9},"end":{"line":1008,"column":13}},{"start":{"line":1008,"column":17},"end":{"line":1008,"column":22}},{"start":{"line":1008,"column":26},"end":{"line":1008,"column":39}}],"line":1004},"175":{"loc":{"start":{"line":1014,"column":4},"end":{"line":1019,"column":5}},"type":"if","locations":[{"start":{"line":1014,"column":4},"end":{"line":1019,"column":5}},{"start":{},"end":{}}],"line":1014},"176":{"loc":{"start":{"line":1015,"column":8},"end":{"line":1016,"column":21}},"type":"binary-expr","locations":[{"start":{"line":1015,"column":8},"end":{"line":1015,"column":21}},{"start":{"line":1016,"column":8},"end":{"line":1016,"column":21}}],"line":1015},"177":{"loc":{"start":{"line":1022,"column":4},"end":{"line":1029,"column":5}},"type":"if","locations":[{"start":{"line":1022,"column":4},"end":{"line":1029,"column":5}},{"start":{},"end":{}}],"line":1022},"178":{"loc":{"start":{"line":1023,"column":8},"end":{"line":1026,"column":29}},"type":"binary-expr","locations":[{"start":{"line":1023,"column":9},"end":{"line":1023,"column":13}},{"start":{"line":1023,"column":17},"end":{"line":1023,"column":28}},{"start":{"line":1024,"column":9},"end":{"line":1024,"column":13}},{"start":{"line":1024,"column":17},"end":{"line":1024,"column":28}},{"start":{"line":1025,"column":9},"end":{"line":1025,"column":13}},{"start":{"line":1025,"column":17},"end":{"line":1025,"column":28}},{"start":{"line":1026,"column":9},"end":{"line":1026,"column":13}},{"start":{"line":1026,"column":17},"end":{"line":1026,"column":28}}],"line":1023},"179":{"loc":{"start":{"line":1032,"column":4},"end":{"line":1038,"column":5}},"type":"if","locations":[{"start":{"line":1032,"column":4},"end":{"line":1038,"column":5}},{"start":{},"end":{}}],"line":1032},"180":{"loc":{"start":{"line":1033,"column":8},"end":{"line":1035,"column":29}},"type":"binary-expr","locations":[{"start":{"line":1033,"column":9},"end":{"line":1033,"column":13}},{"start":{"line":1033,"column":17},"end":{"line":1033,"column":28}},{"start":{"line":1034,"column":9},"end":{"line":1034,"column":13}},{"start":{"line":1034,"column":17},"end":{"line":1034,"column":28}},{"start":{"line":1035,"column":9},"end":{"line":1035,"column":13}},{"start":{"line":1035,"column":17},"end":{"line":1035,"column":28}}],"line":1033},"181":{"loc":{"start":{"line":1042,"column":4},"end":{"line":1044,"column":5}},"type":"if","locations":[{"start":{"line":1042,"column":4},"end":{"line":1044,"column":5}},{"start":{},"end":{}}],"line":1042},"182":{"loc":{"start":{"line":1042,"column":8},"end":{"line":1042,"column":20}},"type":"binary-expr","locations":[{"start":{"line":1042,"column":8},"end":{"line":1042,"column":12}},{"start":{"line":1042,"column":16},"end":{"line":1042,"column":20}}],"line":1042},"183":{"loc":{"start":{"line":1056,"column":8},"end":{"line":1059,"column":9}},"type":"if","locations":[{"start":{"line":1056,"column":8},"end":{"line":1059,"column":9}},{"start":{},"end":{}}],"line":1056},"184":{"loc":{"start":{"line":1063,"column":12},"end":{"line":1063,"column":33}},"type":"if","locations":[{"start":{"line":1063,"column":12},"end":{"line":1063,"column":33}},{"start":{},"end":{}}],"line":1063},"185":{"loc":{"start":{"line":1072,"column":4},"end":{"line":1072,"column":45}},"type":"if","locations":[{"start":{"line":1072,"column":4},"end":{"line":1072,"column":45}},{"start":{},"end":{}}],"line":1072},"186":{"loc":{"start":{"line":1090,"column":12},"end":{"line":1090,"column":49}},"type":"if","locations":[{"start":{"line":1090,"column":12},"end":{"line":1090,"column":49}},{"start":{},"end":{}}],"line":1090},"187":{"loc":{"start":{"line":1090,"column":16},"end":{"line":1090,"column":40}},"type":"binary-expr","locations":[{"start":{"line":1090,"column":16},"end":{"line":1090,"column":28}},{"start":{"line":1090,"column":32},"end":{"line":1090,"column":40}}],"line":1090},"188":{"loc":{"start":{"line":1094,"column":12},"end":{"line":1094,"column":54}},"type":"if","locations":[{"start":{"line":1094,"column":12},"end":{"line":1094,"column":54}},{"start":{},"end":{}}],"line":1094},"189":{"loc":{"start":{"line":1094,"column":16},"end":{"line":1094,"column":45}},"type":"binary-expr","locations":[{"start":{"line":1094,"column":16},"end":{"line":1094,"column":30}},{"start":{"line":1094,"column":34},"end":{"line":1094,"column":45}}],"line":1094},"190":{"loc":{"start":{"line":1103,"column":12},"end":{"line":1130,"column":13}},"type":"if","locations":[{"start":{"line":1103,"column":12},"end":{"line":1130,"column":13}},{"start":{"line":1127,"column":19},"end":{"line":1130,"column":13}}],"line":1103},"191":{"loc":{"start":{"line":1105,"column":16},"end":{"line":1108,"column":17}},"type":"if","locations":[{"start":{"line":1105,"column":16},"end":{"line":1108,"column":17}},{"start":{},"end":{}}],"line":1105},"192":{"loc":{"start":{"line":1113,"column":16},"end":{"line":1126,"column":17}},"type":"if","locations":[{"start":{"line":1113,"column":16},"end":{"line":1126,"column":17}},{"start":{},"end":{}}],"line":1113}},"s":{"0":1,"1":1,"2":1,"3":1,"4":1,"5":1,"6":1,"7":1,"8":1,"9":1,"10":3,"11":3,"12":3,"13":3,"14":1,"15":1,"16":1,"17":1,"18":1,"19":1,"20":1,"21":1,"22":1,"23":1,"24":1,"25":0,"26":0,"27":0,"28":0,"29":0,"30":0,"31":0,"32":0,"33":1,"34":2,"35":1,"36":4,"37":4,"38":2,"39":2,"40":2,"41":1,"42":1,"43":2,"44":1,"45":0,"46":0,"47":0,"48":0,"49":0,"50":1,"51":1,"52":0,"53":0,"54":0,"55":0,"56":0,"57":0,"58":0,"59":0,"60":0,"61":0,"62":0,"63":0,"64":0,"65":0,"66":0,"67":0,"68":0,"69":0,"70":0,"71":1,"72":3,"73":1,"74":3,"75":3,"76":3,"77":3,"78":1,"79":1,"80":1,"81":0,"82":1,"83":0,"84":0,"85":0,"86":0,"87":0,"88":0,"89":1,"90":1,"91":1,"92":1,"93":1,"94":1,"95":1,"96":1,"97":1,"98":1,"99":1,"100":1,"101":1,"102":1,"103":17,"104":2,"105":15,"106":1,"107":16,"108":16,"109":16,"110":16,"111":16,"112":20,"113":20,"114":1,"115":0,"116":0,"117":1,"118":0,"119":0,"120":0,"121":0,"122":1,"123":1,"124":0,"125":0,"126":0,"127":0,"128":1,"129":1,"130":1,"131":1,"132":0,"133":0,"134":1,"135":0,"136":0,"137":0,"138":0,"139":1,"140":7,"141":3,"142":1,"143":2,"144":2,"145":2,"146":4,"147":4,"148":1,"149":3,"150":3,"151":0,"152":1,"153":0,"154":0,"155":0,"156":0,"157":0,"158":0,"159":1,"160":1,"161":1,"162":1,"163":1,"164":1,"165":1,"166":1,"167":1,"168":1,"169":1,"170":1,"171":1,"172":1,"173":1,"174":1,"175":1,"176":1,"177":1,"178":6,"179":6,"180":6,"181":6,"182":6,"183":6,"184":6,"185":10,"186":6,"187":6,"188":6,"189":6,"190":6,"191":6,"192":6,"193":6,"194":6,"195":10,"196":10,"197":10,"198":10,"199":5,"200":5,"201":5,"202":5,"203":2,"204":2,"205":2,"206":6,"207":1,"208":1,"209":1,"210":6,"211":3,"212":3,"213":3,"214":6,"215":6,"216":6,"217":1,"218":6,"219":6,"220":6,"221":6,"222":6,"223":6,"224":6,"225":6,"226":6,"227":1,"228":1,"229":1,"230":1,"231":1,"232":1,"233":1,"234":1,"235":1,"236":1,"237":1,"238":3,"239":3,"240":1,"241":3,"242":3,"243":3,"244":3,"245":3,"246":0,"247":3,"248":3,"249":3,"250":3,"251":3,"252":3,"253":3,"254":3,"255":2,"256":0,"257":0,"258":1,"259":1,"260":1,"261":0,"262":1,"263":0,"264":0,"265":0,"266":1,"267":4,"268":4,"269":2,"270":2,"271":2,"272":1,"273":1,"274":4,"275":6,"276":4,"277":4,"278":2,"279":1,"280":6,"281":2,"282":4,"283":2,"284":2,"285":2,"286":2,"287":4,"288":1,"289":1,"290":1,"291":0,"292":1,"293":1,"294":0,"295":0,"296":0,"297":0,"298":1,"299":1,"300":0,"301":0,"302":0,"303":0,"304":0,"305":0,"306":0,"307":0,"308":0,"309":0,"310":0,"311":0,"312":0,"313":0,"314":0,"315":0,"316":0,"317":0,"318":0,"319":0,"320":0,"321":0,"322":0,"323":0,"324":0,"325":0,"326":0,"327":0,"328":0,"329":0,"330":0,"331":0,"332":1,"333":1,"334":1,"335":1,"336":1,"337":0,"338":0,"339":1,"340":1,"341":1,"342":0,"343":0,"344":0,"345":0,"346":0,"347":0,"348":0,"349":0,"350":0,"351":0,"352":0,"353":0,"354":0,"355":0,"356":0,"357":1,"358":2,"359":2,"360":1,"361":1,"362":1,"363":1,"364":0,"365":0,"366":0,"367":0,"368":0,"369":0,"370":0,"371":0,"372":0,"373":0,"374":0,"375":0,"376":0,"377":0,"378":0,"379":0,"380":0,"381":0,"382":0,"383":0,"384":0,"385":0,"386":0,"387":0,"388":0,"389":0,"390":0,"391":0,"392":0,"393":0,"394":0,"395":0,"396":0,"397":0,"398":0,"399":0,"400":0,"401":0,"402":0,"403":0,"404":0,"405":0,"406":0,"407":0,"408":0,"409":0,"410":0,"411":0,"412":0,"413":0,"414":0,"415":0,"416":0,"417":0,"418":0,"419":0,"420":0,"421":0,"422":0,"423":0,"424":0,"425":0,"426":0,"427":0,"428":0,"429":1,"430":4,"431":4,"432":2,"433":1,"434":1,"435":2,"436":1,"437":2,"438":2,"439":1,"440":1,"441":1,"442":0,"443":4,"444":4,"445":2,"446":2,"447":1,"448":20,"449":20,"450":10,"451":10,"452":3,"453":7,"454":7,"455":1,"456":8,"457":8,"458":1,"459":7,"460":1,"461":6,"462":1,"463":2,"464":2,"465":2,"466":2,"467":2,"468":3,"469":2,"470":3,"471":2,"472":0,"473":2,"474":2,"475":2,"476":2,"477":6,"478":0,"479":0,"480":0,"481":0,"482":0,"483":0,"484":0,"485":0,"486":0,"487":0,"488":0,"489":6,"490":6,"491":6,"492":0,"493":0,"494":0,"495":0,"496":6,"497":4,"498":0,"499":4,"500":2,"501":0,"502":6,"503":6,"504":2,"505":4,"506":4,"507":0,"508":0,"509":0,"510":4,"511":2,"512":4,"513":4,"514":4,"515":4,"516":4,"517":4,"518":4,"519":4,"520":4,"521":4,"522":0,"523":4,"524":0,"525":4,"526":0,"527":0,"528":0,"529":0,"530":0,"531":0,"532":0,"533":0,"534":0,"535":0,"536":0,"537":0,"538":0,"539":0,"540":0,"541":0,"542":0,"543":0,"544":0,"545":0,"546":0,"547":0,"548":0,"549":4,"550":4,"551":0,"552":4,"553":4,"554":4,"555":0,"556":0,"557":0,"558":0,"559":0,"560":0,"561":0,"562":0,"563":0,"564":0,"565":0,"566":4,"567":1,"568":1,"569":1,"570":3,"571":3,"572":3,"573":3,"574":0,"575":0,"576":0,"577":0,"578":0,"579":0,"580":0,"581":0,"582":0,"583":0,"584":0,"585":0,"586":0,"587":0,"588":0,"589":0,"590":0,"591":0,"592":0,"593":0,"594":0,"595":0,"596":0,"597":0,"598":0,"599":0,"600":0,"601":0,"602":0,"603":0,"604":0,"605":0,"606":0,"607":0,"608":0,"609":0,"610":0,"611":0,"612":0,"613":0,"614":0,"615":0,"616":0,"617":0,"618":0,"619":0,"620":0,"621":0,"622":0,"623":0,"624":0,"625":0,"626":0,"627":0,"628":0,"629":2,"630":1,"631":2,"632":1,"633":2,"634":4,"635":4,"636":2,"637":2,"638":2,"639":2,"640":1,"641":15,"642":15,"643":15,"644":15,"645":15,"646":15,"647":4,"648":4,"649":4,"650":11,"651":2,"652":2,"653":2,"654":9,"655":1,"656":1,"657":1,"658":8,"659":1,"660":1,"661":1,"662":7,"663":1,"664":1,"665":1,"666":6,"667":1,"668":1,"669":1,"670":5,"671":0,"672":1,"673":4,"674":4,"675":4,"676":4,"677":4,"678":4,"679":2,"680":2,"681":7,"682":0,"683":7,"684":7,"685":7,"686":1,"687":1,"688":0,"689":1,"690":1,"691":1,"692":1,"693":1,"694":8,"695":4,"696":0,"697":4,"698":4,"699":0,"700":4,"701":4,"702":3,"703":0,"704":0,"705":3,"706":3,"707":3,"708":3,"709":1,"710":1,"711":1,"712":1,"713":1,"714":1,"715":1,"716":1,"717":1,"718":1,"719":4,"720":4,"721":4,"722":4},"f":{"0":1,"1":0,"2":0,"3":2,"4":4,"5":2,"6":0,"7":0,"8":0,"9":0,"10":0,"11":3,"12":1,"13":0,"14":0,"15":0,"16":17,"17":16,"18":0,"19":0,"20":0,"21":7,"22":2,"23":0,"24":1,"25":1,"26":1,"27":6,"28":10,"29":10,"30":2,"31":1,"32":3,"33":6,"34":1,"35":3,"36":3,"37":0,"38":1,"39":4,"40":4,"41":6,"42":6,"43":4,"44":1,"45":0,"46":0,"47":0,"48":0,"49":1,"50":0,"51":2,"52":0,"53":0,"54":0,"55":0,"56":0,"57":0,"58":0,"59":0,"60":0,"61":0,"62":4,"63":2,"64":4,"65":20,"66":8,"67":2,"68":2,"69":3,"70":2,"71":3,"72":6,"73":4,"74":4,"75":4,"76":0,"77":0,"78":0,"79":4,"80":15,"81":4,"82":4,"83":7,"84":1,"85":1,"86":8,"87":4,"88":1},"b":{"0":[1,1],"1":[0,0],"2":[0,0],"3":[2,2],"4":[0,0],"5":[0,1],"6":[0,0],"7":[0,0],"8":[0,0],"9":[0,0],"10":[1,2],"11":[3,2],"12":[1,2],"13":[1,2],"14":[1,0],"15":[0,0],"16":[2,15],"17":[17,16],"18":[15,10],"19":[36,21],"20":[0,1],"21":[1,1],"22":[0,1],"23":[0,0],"24":[0,1],"25":[0,0],"26":[1,0],"27":[0,1],"28":[0,0],"29":[0,0],"30":[3,4],"31":[1,2],"32":[3,1],"33":[4,0],"34":[1,3],"35":[4,1],"36":[3,1,1],"37":[0,0],"38":[0,0],"39":[5],"40":[6,0],"41":[6,0],"42":[5,5],"43":[2,0],"44":[1,0],"45":[3,0],"46":[6,0],"47":[6,0],"48":[6,0],"49":[1,0],"50":[1,0],"51":[1,0],"52":[3,0],"53":[3,0],"54":[0,3],"55":[3,0],"56":[3,0],"57":[2,1],"58":[2,1],"59":[0,1],"60":[2,2],"61":[4,2],"62":[1,1],"63":[2,2],"64":[2,4],"65":[6,4],"66":[2,2],"67":[0,1],"68":[0,0],"69":[0,0],"70":[0,0],"71":[0,0],"72":[0,0],"73":[0,0],"74":[0,0],"75":[0,0],"76":[0,0],"77":[0,0],"78":[0,0],"79":[0,0],"80":[0,0],"81":[0,0,0],"82":[0,0],"83":[0,0],"84":[0,0],"85":[0,1],"86":[1,0],"87":[0,0],"88":[0,1],"89":[0,0],"90":[1,1],"91":[0],"92":[0,0],"93":[0,0],"94":[0,0],"95":[0,0],"96":[0,0],"97":[0,0],"98":[0,0],"99":[0,0],"100":[0,0],"101":[0,0],"102":[0,0],"103":[0,0],"104":[0,0],"105":[0,4],"106":[2,2],"107":[1,1],"108":[2,1],"109":[2,0],"110":[1,1],"111":[2,1],"112":[1,0,0],"113":[0,0],"114":[2,2],"115":[10,10],"116":[3,7],"117":[10,7],"118":[7,1],"119":[1,7],"120":[1,6],"121":[7,6],"122":[2,2,2],"123":[0,2],"124":[0,6],"125":[0,0],"126":[0,0],"127":[4,2],"128":[6,4],"129":[0,4],"130":[0,2],"131":[2,2,0],"132":[0,0],"133":[4,0],"134":[4,0],"135":[0,4],"136":[4,4],"137":[0,4],"138":[0,0],"139":[0,0],"140":[0,0],"141":[0,0],"142":[0,0],"143":[0,0],"144":[0,4],"145":[4,4],"146":[0,4],"147":[0,0],"148":[1,3],"149":[4,1],"150":[3,0],"151":[3,0],"152":[0,0],"153":[0,0],"154":[0,0],"155":[0,0],"156":[0,0],"157":[0,0],"158":[0,0],"159":[0,0],"160":[0,0],"161":[0,0],"162":[0,0],"163":[0,0],"164":[0,0],"165":[0,0],"166":[0,0],"167":[1,1],"168":[1,1],"169":[4,11],"170":[15,6,14,5,1,13,1,13,12,4],"171":[2,9],"172":[11,1,10,0,10],"173":[1,8],"174":[9,3,8,2,8,2,0,8,2,8,2,0],"175":[1,7],"176":[8,8],"177":[1,6],"178":[7,2,6,1,6,1,6,1],"179":[1,5],"180":[6,1,5,0,5,0],"181":[0,5],"182":[5,5],"183":[2,2],"184":[0,7],"185":[0,1],"186":[0,4],"187":[4,4],"188":[0,4],"189":[4,0],"190":[3,1],"191":[0,3],"192":[1,2]},"_coverageSchema":"1a1c01bbd47fc00a2c39e90264f33305004495a9","hash":"98159cd20ec6ad84fe46216da76aebebcc3dc055"}
}
