{"C:\\Users\\артем\\Desktop\\Универ\\Проект по программной инженерии\\frontend\\script.js": {"path":"C:\\Users\\артем\\Desktop\\Универ\\Проект по программной инженерии\\frontend\\script.js","statementMap":{"0":{"start":{"line":1,"column":1},"end":{"line":1107,"column":3}},"1":{"start":{"line":2,"column":25},"end":{"line":2,"column":64}},"2":{"start":{"line":3,"column":26},"end":{"line":3,"column":66}},"3":{"start":{"line":4,"column":20},"end":{"line":4,"column":57}},"4":{"start":{"line":5,"column":23},"end":{"line":5,"column":58}},"5":{"start":{"line":6,"column":27},"end":{"line":6,"column":28}},"6":{"start":{"line":7,"column":26},"end":{"line":7,"column":71}},"7":{"start":{"line":8,"column":29},"end":{"line":8,"column":31}},"8":{"start":{"line":11,"column":4},"end":{"line":16,"column":5}},"9":{"start":{"line":11,"column":17},"end":{"line":11,"column":18}},"10":{"start":{"line":12,"column":19},"end":{"line":12,"column":48}},"11":{"start":{"line":13,"column":8},"end":{"line":13,"column":41}},"12":{"start":{"line":14,"column":8},"end":{"line":14,"column":38}},"13":{"start":{"line":15,"column":8},"end":{"line":15,"column":34}},"14":{"start":{"line":19,"column":19},"end":{"line":19,"column":58}},"15":{"start":{"line":20,"column":21},"end":{"line":20,"column":25}},"16":{"start":{"line":22,"column":32},"end":{"line":22,"column":36}},"17":{"start":{"line":23,"column":21},"end":{"line":23,"column":23}},"18":{"start":{"line":24,"column":27},"end":{"line":24,"column":28}},"19":{"start":{"line":25,"column":21},"end":{"line":25,"column":23}},"20":{"start":{"line":26,"column":22},"end":{"line":26,"column":79}},"21":{"start":{"line":27,"column":0},"end":{"line":27,"column":41}},"22":{"start":{"line":29,"column":0},"end":{"line":35,"column":3}},"23":{"start":{"line":30,"column":22},"end":{"line":30,"column":57}},"24":{"start":{"line":31,"column":4},"end":{"line":31,"column":27}},"25":{"start":{"line":31,"column":20},"end":{"line":31,"column":27}},"26":{"start":{"line":32,"column":20},"end":{"line":32,"column":59}},"27":{"start":{"line":33,"column":18},"end":{"line":33,"column":56}},"28":{"start":{"line":33,"column":39},"end":{"line":33,"column":55}},"29":{"start":{"line":34,"column":4},"end":{"line":34,"column":36}},"30":{"start":{"line":34,"column":15},"end":{"line":34,"column":36}},"31":{"start":{"line":37,"column":0},"end":{"line":39,"column":1}},"32":{"start":{"line":38,"column":4},"end":{"line":38,"column":82}},"33":{"start":{"line":42,"column":0},"end":{"line":46,"column":1}},"34":{"start":{"line":43,"column":16},"end":{"line":43,"column":50}},"35":{"start":{"line":44,"column":4},"end":{"line":44,"column":26}},"36":{"start":{"line":44,"column":14},"end":{"line":44,"column":26}},"37":{"start":{"line":45,"column":4},"end":{"line":45,"column":58}},"38":{"start":{"line":45,"column":10},"end":{"line":45,"column":33}},"39":{"start":{"line":45,"column":44},"end":{"line":45,"column":56}},"40":{"start":{"line":49,"column":0},"end":{"line":51,"column":1}},"41":{"start":{"line":50,"column":4},"end":{"line":50,"column":42}},"42":{"start":{"line":54,"column":0},"end":{"line":61,"column":3}},"43":{"start":{"line":55,"column":4},"end":{"line":55,"column":32}},"44":{"start":{"line":55,"column":25},"end":{"line":55,"column":32}},"45":{"start":{"line":57,"column":4},"end":{"line":57,"column":20}},"46":{"start":{"line":59,"column":4},"end":{"line":59,"column":59}},"47":{"start":{"line":60,"column":4},"end":{"line":60,"column":22}},"48":{"start":{"line":63,"column":0},"end":{"line":88,"column":1}},"49":{"start":{"line":64,"column":26},"end":{"line":68,"column":59}},"50":{"start":{"line":66,"column":12},"end":{"line":66,"column":103}},"51":{"start":{"line":70,"column":23},"end":{"line":70,"column":44}},"52":{"start":{"line":72,"column":17},"end":{"line":76,"column":34}},"53":{"start":{"line":78,"column":4},"end":{"line":78,"column":45}},"54":{"start":{"line":80,"column":4},"end":{"line":87,"column":5}},"55":{"start":{"line":81,"column":25},"end":{"line":81,"column":68}},"56":{"start":{"line":82,"column":8},"end":{"line":86,"column":9}},"57":{"start":{"line":83,"column":12},"end":{"line":85,"column":15}},"58":{"start":{"line":84,"column":16},"end":{"line":84,"column":42}},"59":{"start":{"line":91,"column":0},"end":{"line":97,"column":1}},"60":{"start":{"line":92,"column":4},"end":{"line":95,"column":5}},"61":{"start":{"line":93,"column":22},"end":{"line":93,"column":62}},"62":{"start":{"line":93,"column":45},"end":{"line":93,"column":61}},"63":{"start":{"line":94,"column":8},"end":{"line":94,"column":37}},"64":{"start":{"line":94,"column":19},"end":{"line":94,"column":37}},"65":{"start":{"line":96,"column":4},"end":{"line":96,"column":19}},"66":{"start":{"line":99,"column":28},"end":{"line":99,"column":29}},"67":{"start":{"line":100,"column":25},"end":{"line":100,"column":29}},"68":{"start":{"line":101,"column":29},"end":{"line":101,"column":33}},"69":{"start":{"line":102,"column":27},"end":{"line":102,"column":31}},"70":{"start":{"line":103,"column":25},"end":{"line":103,"column":29}},"71":{"start":{"line":105,"column":24},"end":{"line":119,"column":1}},"72":{"start":{"line":121,"column":24},"end":{"line":135,"column":1}},"73":{"start":{"line":136,"column":0},"end":{"line":136,"column":41}},"74":{"start":{"line":137,"column":0},"end":{"line":137,"column":41}},"75":{"start":{"line":139,"column":20},"end":{"line":149,"column":68}},"76":{"start":{"line":151,"column":21},"end":{"line":167,"column":42}},"77":{"start":{"line":169,"column":23},"end":{"line":172,"column":1}},"78":{"start":{"line":176,"column":0},"end":{"line":179,"column":1}},"79":{"start":{"line":177,"column":4},"end":{"line":177,"column":52}},"80":{"start":{"line":177,"column":36},"end":{"line":177,"column":52}},"81":{"start":{"line":178,"column":4},"end":{"line":178,"column":35}},"82":{"start":{"line":182,"column":0},"end":{"line":192,"column":1}},"83":{"start":{"line":183,"column":24},"end":{"line":183,"column":25}},"84":{"start":{"line":184,"column":24},"end":{"line":184,"column":25}},"85":{"start":{"line":185,"column":19},"end":{"line":185,"column":30}},"86":{"start":{"line":186,"column":4},"end":{"line":186,"column":46}},"87":{"start":{"line":188,"column":4},"end":{"line":191,"column":5}},"88":{"start":{"line":189,"column":8},"end":{"line":189,"column":24}},"89":{"start":{"line":190,"column":8},"end":{"line":190,"column":50}},"90":{"start":{"line":194,"column":4},"end":{"line":197,"column":5}},"91":{"start":{"line":195,"column":8},"end":{"line":195,"column":62}},"92":{"start":{"line":196,"column":8},"end":{"line":196,"column":15}},"93":{"start":{"line":199,"column":4},"end":{"line":207,"column":5}},"94":{"start":{"line":200,"column":8},"end":{"line":206,"column":11}},"95":{"start":{"line":201,"column":12},"end":{"line":205,"column":13}},"96":{"start":{"line":202,"column":16},"end":{"line":202,"column":63}},"97":{"start":{"line":204,"column":16},"end":{"line":204,"column":60}},"98":{"start":{"line":209,"column":17},"end":{"line":209,"column":52}},"99":{"start":{"line":210,"column":0},"end":{"line":218,"column":1}},"100":{"start":{"line":211,"column":4},"end":{"line":217,"column":7}},"101":{"start":{"line":212,"column":8},"end":{"line":216,"column":9}},"102":{"start":{"line":213,"column":12},"end":{"line":213,"column":66}},"103":{"start":{"line":215,"column":12},"end":{"line":215,"column":64}},"104":{"start":{"line":220,"column":20},"end":{"line":220,"column":58}},"105":{"start":{"line":221,"column":0},"end":{"line":234,"column":1}},"106":{"start":{"line":223,"column":23},"end":{"line":223,"column":52}},"107":{"start":{"line":224,"column":4},"end":{"line":227,"column":5}},"108":{"start":{"line":225,"column":8},"end":{"line":225,"column":51}},"109":{"start":{"line":226,"column":8},"end":{"line":226,"column":39}},"110":{"start":{"line":228,"column":4},"end":{"line":233,"column":7}},"111":{"start":{"line":229,"column":8},"end":{"line":229,"column":54}},"112":{"start":{"line":230,"column":24},"end":{"line":230,"column":71}},"113":{"start":{"line":231,"column":8},"end":{"line":231,"column":66}},"114":{"start":{"line":232,"column":8},"end":{"line":232,"column":56}},"115":{"start":{"line":236,"column":0},"end":{"line":251,"column":1}},"116":{"start":{"line":237,"column":4},"end":{"line":249,"column":5}},"117":{"start":{"line":238,"column":8},"end":{"line":240,"column":9}},"118":{"start":{"line":239,"column":12},"end":{"line":239,"column":36}},"119":{"start":{"line":241,"column":21},"end":{"line":241,"column":77}},"120":{"start":{"line":241,"column":47},"end":{"line":241,"column":64}},"121":{"start":{"line":242,"column":8},"end":{"line":242,"column":51}},"122":{"start":{"line":243,"column":11},"end":{"line":249,"column":5}},"123":{"start":{"line":244,"column":8},"end":{"line":246,"column":9}},"124":{"start":{"line":245,"column":12},"end":{"line":245,"column":36}},"125":{"start":{"line":247,"column":23},"end":{"line":247,"column":68}},"126":{"start":{"line":248,"column":8},"end":{"line":248,"column":42}},"127":{"start":{"line":250,"column":4},"end":{"line":250,"column":34}},"128":{"start":{"line":256,"column":0},"end":{"line":265,"column":1}},"129":{"start":{"line":257,"column":4},"end":{"line":264,"column":5}},"130":{"start":{"line":257,"column":17},"end":{"line":257,"column":18}},"131":{"start":{"line":258,"column":26},"end":{"line":258,"column":50}},"132":{"start":{"line":259,"column":8},"end":{"line":263,"column":9}},"133":{"start":{"line":260,"column":12},"end":{"line":260,"column":95}},"134":{"start":{"line":262,"column":12},"end":{"line":262,"column":49}},"135":{"start":{"line":267,"column":0},"end":{"line":285,"column":5}},"136":{"start":{"line":268,"column":22},"end":{"line":268,"column":51}},"137":{"start":{"line":269,"column":8},"end":{"line":269,"column":36}},"138":{"start":{"line":270,"column":8},"end":{"line":270,"column":39}},"139":{"start":{"line":271,"column":8},"end":{"line":271,"column":36}},"140":{"start":{"line":272,"column":8},"end":{"line":272,"column":35}},"141":{"start":{"line":273,"column":8},"end":{"line":273,"column":48}},"142":{"start":{"line":274,"column":8},"end":{"line":274,"column":36}},"143":{"start":{"line":275,"column":8},"end":{"line":275,"column":42}},"144":{"start":{"line":276,"column":8},"end":{"line":276,"column":41}},"145":{"start":{"line":277,"column":8},"end":{"line":277,"column":61}},"146":{"start":{"line":278,"column":8},"end":{"line":278,"column":36}},"147":{"start":{"line":279,"column":8},"end":{"line":279,"column":48}},"148":{"start":{"line":280,"column":8},"end":{"line":280,"column":41}},"149":{"start":{"line":281,"column":8},"end":{"line":284,"column":17}},"150":{"start":{"line":282,"column":12},"end":{"line":282,"column":38}},"151":{"start":{"line":283,"column":12},"end":{"line":283,"column":50}},"152":{"start":{"line":283,"column":29},"end":{"line":283,"column":43}},"153":{"start":{"line":288,"column":0},"end":{"line":342,"column":5}},"154":{"start":{"line":289,"column":20},"end":{"line":289,"column":57}},"155":{"start":{"line":290,"column":21},"end":{"line":290,"column":60}},"156":{"start":{"line":291,"column":0},"end":{"line":293,"column":1}},"157":{"start":{"line":292,"column":4},"end":{"line":292,"column":69}},"158":{"start":{"line":294,"column":4},"end":{"line":294,"column":51}},"159":{"start":{"line":294,"column":20},"end":{"line":294,"column":51}},"160":{"start":{"line":295,"column":22},"end":{"line":295,"column":65}},"161":{"start":{"line":295,"column":56},"end":{"line":295,"column":64}},"162":{"start":{"line":296,"column":26},"end":{"line":296,"column":27}},"163":{"start":{"line":298,"column":22},"end":{"line":298,"column":35}},"164":{"start":{"line":299,"column":21},"end":{"line":299,"column":60}},"165":{"start":{"line":300,"column":24},"end":{"line":300,"column":62}},"166":{"start":{"line":301,"column":24},"end":{"line":301,"column":62}},"167":{"start":{"line":302,"column":26},"end":{"line":302,"column":70}},"168":{"start":{"line":303,"column":24},"end":{"line":303,"column":66}},"169":{"start":{"line":304,"column":26},"end":{"line":304,"column":66}},"170":{"start":{"line":306,"column":8},"end":{"line":306,"column":37}},"171":{"start":{"line":309,"column":12},"end":{"line":309,"column":62}},"172":{"start":{"line":310,"column":12},"end":{"line":310,"column":75}},"173":{"start":{"line":311,"column":12},"end":{"line":311,"column":49}},"174":{"start":{"line":312,"column":12},"end":{"line":318,"column":13}},"175":{"start":{"line":313,"column":16},"end":{"line":313,"column":47}},"176":{"start":{"line":314,"column":16},"end":{"line":314,"column":57}},"177":{"start":{"line":316,"column":16},"end":{"line":316,"column":55}},"178":{"start":{"line":317,"column":16},"end":{"line":317,"column":49}},"179":{"start":{"line":322,"column":12},"end":{"line":322,"column":41}},"180":{"start":{"line":323,"column":12},"end":{"line":323,"column":35}},"181":{"start":{"line":323,"column":25},"end":{"line":323,"column":35}},"182":{"start":{"line":326,"column":8},"end":{"line":331,"column":10}},"183":{"start":{"line":327,"column":12},"end":{"line":330,"column":13}},"184":{"start":{"line":328,"column":16},"end":{"line":328,"column":30}},"185":{"start":{"line":329,"column":16},"end":{"line":329,"column":29}},"186":{"start":{"line":332,"column":8},"end":{"line":337,"column":10}},"187":{"start":{"line":333,"column":12},"end":{"line":336,"column":13}},"188":{"start":{"line":334,"column":16},"end":{"line":334,"column":30}},"189":{"start":{"line":335,"column":16},"end":{"line":335,"column":29}},"190":{"start":{"line":338,"column":8},"end":{"line":338,"column":39}},"191":{"start":{"line":339,"column":8},"end":{"line":339,"column":37}},"192":{"start":{"line":341,"column":8},"end":{"line":341,"column":21}},"193":{"start":{"line":346,"column":0},"end":{"line":355,"column":1}},"194":{"start":{"line":347,"column":0},"end":{"line":347,"column":50}},"195":{"start":{"line":347,"column":16},"end":{"line":347,"column":50}},"196":{"start":{"line":348,"column":17},"end":{"line":348,"column":56}},"197":{"start":{"line":349,"column":4},"end":{"line":349,"column":48}},"198":{"start":{"line":349,"column":14},"end":{"line":349,"column":48}},"199":{"start":{"line":350,"column":15},"end":{"line":350,"column":52}},"200":{"start":{"line":351,"column":4},"end":{"line":354,"column":5}},"201":{"start":{"line":352,"column":8},"end":{"line":352,"column":57}},"202":{"start":{"line":353,"column":1},"end":{"line":353,"column":23}},"203":{"start":{"line":358,"column":0},"end":{"line":367,"column":1}},"204":{"start":{"line":359,"column":1},"end":{"line":359,"column":51}},"205":{"start":{"line":359,"column":17},"end":{"line":359,"column":51}},"206":{"start":{"line":360,"column":17},"end":{"line":360,"column":56}},"207":{"start":{"line":361,"column":4},"end":{"line":361,"column":51}},"208":{"start":{"line":361,"column":14},"end":{"line":361,"column":51}},"209":{"start":{"line":362,"column":15},"end":{"line":362,"column":52}},"210":{"start":{"line":363,"column":4},"end":{"line":363,"column":60}},"211":{"start":{"line":363,"column":13},"end":{"line":363,"column":31}},"212":{"start":{"line":363,"column":32},"end":{"line":363,"column":58}},"213":{"start":{"line":364,"column":4},"end":{"line":366,"column":7}},"214":{"start":{"line":365,"column":8},"end":{"line":365,"column":38}},"215":{"start":{"line":365,"column":16},"end":{"line":365,"column":38}},"216":{"start":{"line":370,"column":0},"end":{"line":389,"column":1}},"217":{"start":{"line":371,"column":17},"end":{"line":371,"column":56}},"218":{"start":{"line":372,"column":4},"end":{"line":372,"column":48}},"219":{"start":{"line":372,"column":14},"end":{"line":372,"column":48}},"220":{"start":{"line":373,"column":15},"end":{"line":373,"column":52}},"221":{"start":{"line":374,"column":4},"end":{"line":374,"column":20}},"222":{"start":{"line":374,"column":13},"end":{"line":374,"column":20}},"223":{"start":{"line":375,"column":27},"end":{"line":375,"column":92}},"224":{"start":{"line":376,"column":16},"end":{"line":378,"column":70}},"225":{"start":{"line":379,"column":0},"end":{"line":379,"column":57}},"226":{"start":{"line":380,"column":4},"end":{"line":380,"column":29}},"227":{"start":{"line":381,"column":4},"end":{"line":381,"column":28}},"228":{"start":{"line":382,"column":16},"end":{"line":382,"column":56}},"229":{"start":{"line":383,"column":4},"end":{"line":388,"column":5}},"230":{"start":{"line":384,"column":8},"end":{"line":387,"column":27}},"231":{"start":{"line":385,"column":12},"end":{"line":385,"column":29}},"232":{"start":{"line":386,"column":12},"end":{"line":386,"column":51}},"233":{"start":{"line":393,"column":4},"end":{"line":401,"column":5}},"234":{"start":{"line":394,"column":25},"end":{"line":394,"column":76}},"235":{"start":{"line":395,"column":8},"end":{"line":395,"column":72}},"236":{"start":{"line":395,"column":26},"end":{"line":395,"column":72}},"237":{"start":{"line":396,"column":8},"end":{"line":396,"column":37}},"238":{"start":{"line":398,"column":8},"end":{"line":398,"column":59}},"239":{"start":{"line":399,"column":8},"end":{"line":399,"column":54}},"240":{"start":{"line":400,"column":8},"end":{"line":400,"column":18}},"241":{"start":{"line":406,"column":0},"end":{"line":413,"column":1}},"242":{"start":{"line":407,"column":17},"end":{"line":407,"column":81}},"243":{"start":{"line":408,"column":4},"end":{"line":412,"column":5}},"244":{"start":{"line":409,"column":8},"end":{"line":409,"column":35}},"245":{"start":{"line":410,"column":23},"end":{"line":410,"column":52}},"246":{"start":{"line":411,"column":8},"end":{"line":411,"column":45}},"247":{"start":{"line":411,"column":20},"end":{"line":411,"column":45}},"248":{"start":{"line":416,"column":0},"end":{"line":420,"column":1}},"249":{"start":{"line":417,"column":4},"end":{"line":417,"column":104}},"250":{"start":{"line":417,"column":73},"end":{"line":417,"column":102}},"251":{"start":{"line":418,"column":19},"end":{"line":418,"column":83}},"252":{"start":{"line":419,"column":4},"end":{"line":419,"column":47}},"253":{"start":{"line":419,"column":16},"end":{"line":419,"column":47}},"254":{"start":{"line":422,"column":0},"end":{"line":430,"column":1}},"255":{"start":{"line":423,"column":4},"end":{"line":423,"column":58}},"256":{"start":{"line":423,"column":46},"end":{"line":423,"column":58}},"257":{"start":{"line":424,"column":4},"end":{"line":427,"column":5}},"258":{"start":{"line":425,"column":28},"end":{"line":425,"column":59}},"259":{"start":{"line":426,"column":8},"end":{"line":426,"column":60}},"260":{"start":{"line":428,"column":22},"end":{"line":428,"column":44}},"261":{"start":{"line":429,"column":4},"end":{"line":429,"column":78}},"262":{"start":{"line":429,"column":39},"end":{"line":429,"column":76}},"263":{"start":{"line":432,"column":0},"end":{"line":508,"column":5}},"264":{"start":{"line":433,"column":25},"end":{"line":433,"column":60}},"265":{"start":{"line":434,"column":8},"end":{"line":434,"column":30}},"266":{"start":{"line":434,"column":23},"end":{"line":434,"column":30}},"267":{"start":{"line":436,"column":19},"end":{"line":436,"column":74}},"268":{"start":{"line":439,"column":8},"end":{"line":456,"column":11}},"269":{"start":{"line":440,"column":27},"end":{"line":440,"column":32}},"270":{"start":{"line":441,"column":12},"end":{"line":455,"column":14}},"271":{"start":{"line":446,"column":22},"end":{"line":446,"column":65}},"272":{"start":{"line":447,"column":4},"end":{"line":451,"column":19}},"273":{"start":{"line":458,"column":8},"end":{"line":458,"column":34}},"274":{"start":{"line":460,"column":8},"end":{"line":507,"column":11}},"275":{"start":{"line":461,"column":27},"end":{"line":461,"column":54}},"276":{"start":{"line":462,"column":29},"end":{"line":462,"column":59}},"277":{"start":{"line":463,"column":30},"end":{"line":463,"column":65}},"278":{"start":{"line":466,"column":0},"end":{"line":481,"column":1}},"279":{"start":{"line":467,"column":1},"end":{"line":470,"column":5}},"280":{"start":{"line":468,"column":8},"end":{"line":468,"column":57}},"281":{"start":{"line":469,"column":8},"end":{"line":469,"column":15}},"282":{"start":{"line":471,"column":20},"end":{"line":471,"column":59}},"283":{"start":{"line":472,"column":24},"end":{"line":472,"column":70}},"284":{"start":{"line":473,"column":4},"end":{"line":476,"column":5}},"285":{"start":{"line":474,"column":24},"end":{"line":474,"column":65}},"286":{"start":{"line":475,"column":8},"end":{"line":475,"column":32}},"287":{"start":{"line":477,"column":4},"end":{"line":477,"column":21}},"288":{"start":{"line":478,"column":4},"end":{"line":478,"column":32}},"289":{"start":{"line":479,"column":1},"end":{"line":479,"column":26}},"290":{"start":{"line":480,"column":4},"end":{"line":480,"column":11}},"291":{"start":{"line":484,"column":12},"end":{"line":493,"column":13}},"292":{"start":{"line":485,"column":16},"end":{"line":491,"column":17}},"293":{"start":{"line":486,"column":20},"end":{"line":486,"column":54}},"294":{"start":{"line":487,"column":20},"end":{"line":487,"column":45}},"295":{"start":{"line":489,"column":20},"end":{"line":489,"column":51}},"296":{"start":{"line":490,"column":20},"end":{"line":490,"column":45}},"297":{"start":{"line":492,"column":16},"end":{"line":492,"column":23}},"298":{"start":{"line":496,"column":12},"end":{"line":501,"column":13}},"299":{"start":{"line":497,"column":32},"end":{"line":497,"column":70}},"300":{"start":{"line":498,"column":30},"end":{"line":498,"column":68}},"301":{"start":{"line":498,"column":51},"end":{"line":498,"column":67}},"302":{"start":{"line":499,"column":16},"end":{"line":499,"column":48}},"303":{"start":{"line":499,"column":27},"end":{"line":499,"column":48}},"304":{"start":{"line":500,"column":16},"end":{"line":500,"column":23}},"305":{"start":{"line":504,"column":0},"end":{"line":506,"column":1}},"306":{"start":{"line":505,"column":4},"end":{"line":505,"column":21}},"307":{"start":{"line":510,"column":4},"end":{"line":529,"column":6}},"308":{"start":{"line":512,"column":8},"end":{"line":512,"column":28}},"309":{"start":{"line":513,"column":8},"end":{"line":513,"column":26}},"310":{"start":{"line":514,"column":22},"end":{"line":514,"column":36}},"311":{"start":{"line":515,"column":8},"end":{"line":521,"column":9}},"312":{"start":{"line":517,"column":12},"end":{"line":517,"column":29}},"313":{"start":{"line":518,"column":12},"end":{"line":518,"column":71}},"314":{"start":{"line":520,"column":12},"end":{"line":520,"column":29}},"315":{"start":{"line":522,"column":22},"end":{"line":522,"column":60}},"316":{"start":{"line":523,"column":0},"end":{"line":528,"column":1}},"317":{"start":{"line":524,"column":4},"end":{"line":524,"column":46}},"318":{"start":{"line":525,"column":4},"end":{"line":525,"column":21}},"319":{"start":{"line":526,"column":4},"end":{"line":526,"column":40}},"320":{"start":{"line":527,"column":4},"end":{"line":527,"column":11}},"321":{"start":{"line":534,"column":4},"end":{"line":534,"column":40}},"322":{"start":{"line":535,"column":4},"end":{"line":535,"column":33}},"323":{"start":{"line":537,"column":4},"end":{"line":546,"column":5}},"324":{"start":{"line":538,"column":25},"end":{"line":538,"column":83}},"325":{"start":{"line":539,"column":8},"end":{"line":539,"column":72}},"326":{"start":{"line":539,"column":26},"end":{"line":539,"column":72}},"327":{"start":{"line":540,"column":26},"end":{"line":540,"column":47}},"328":{"start":{"line":541,"column":8},"end":{"line":541,"column":25}},"329":{"start":{"line":543,"column":8},"end":{"line":543,"column":56}},"330":{"start":{"line":544,"column":8},"end":{"line":544,"column":57}},"331":{"start":{"line":545,"column":8},"end":{"line":545,"column":48}},"332":{"start":{"line":549,"column":0},"end":{"line":558,"column":1}},"333":{"start":{"line":550,"column":22},"end":{"line":550,"column":43}},"334":{"start":{"line":551,"column":4},"end":{"line":557,"column":5}},"335":{"start":{"line":552,"column":26},"end":{"line":552,"column":47}},"336":{"start":{"line":553,"column":8},"end":{"line":553,"column":33}},"337":{"start":{"line":555,"column":1},"end":{"line":555,"column":16}},"338":{"start":{"line":556,"column":8},"end":{"line":556,"column":73}},"339":{"start":{"line":562,"column":1},"end":{"line":562,"column":18}},"340":{"start":{"line":563,"column":1},"end":{"line":563,"column":26}},"341":{"start":{"line":564,"column":0},"end":{"line":564,"column":34}},"342":{"start":{"line":565,"column":18},"end":{"line":565,"column":76}},"343":{"start":{"line":565,"column":39},"end":{"line":565,"column":75}},"344":{"start":{"line":565,"column":58},"end":{"line":565,"column":74}},"345":{"start":{"line":566,"column":4},"end":{"line":566,"column":61}},"346":{"start":{"line":566,"column":15},"end":{"line":566,"column":61}},"347":{"start":{"line":568,"column":4},"end":{"line":568,"column":40}},"348":{"start":{"line":569,"column":4},"end":{"line":569,"column":33}},"349":{"start":{"line":572,"column":4},"end":{"line":578,"column":5}},"350":{"start":{"line":573,"column":8},"end":{"line":573,"column":51}},"351":{"start":{"line":575,"column":8},"end":{"line":575,"column":25}},"352":{"start":{"line":576,"column":8},"end":{"line":576,"column":51}},"353":{"start":{"line":577,"column":8},"end":{"line":577,"column":15}},"354":{"start":{"line":579,"column":0},"end":{"line":579,"column":43}},"355":{"start":{"line":581,"column":21},"end":{"line":581,"column":45}},"356":{"start":{"line":582,"column":4},"end":{"line":585,"column":5}},"357":{"start":{"line":583,"column":8},"end":{"line":583,"column":54}},"358":{"start":{"line":584,"column":8},"end":{"line":584,"column":15}},"359":{"start":{"line":587,"column":4},"end":{"line":587,"column":26}},"360":{"start":{"line":588,"column":4},"end":{"line":588,"column":81}},"361":{"start":{"line":589,"column":4},"end":{"line":589,"column":22}},"362":{"start":{"line":592,"column":4},"end":{"line":592,"column":55}},"363":{"start":{"line":594,"column":24},"end":{"line":634,"column":5}},"364":{"start":{"line":595,"column":8},"end":{"line":602,"column":9}},"365":{"start":{"line":596,"column":25},"end":{"line":596,"column":53}},"366":{"start":{"line":598,"column":12},"end":{"line":598,"column":35}},"367":{"start":{"line":599,"column":12},"end":{"line":599,"column":31}},"368":{"start":{"line":600,"column":12},"end":{"line":600,"column":30}},"369":{"start":{"line":601,"column":2},"end":{"line":601,"column":42}},"370":{"start":{"line":605,"column":1},"end":{"line":605,"column":17}},"371":{"start":{"line":606,"column":1},"end":{"line":606,"column":51}},"372":{"start":{"line":606,"column":17},"end":{"line":606,"column":51}},"373":{"start":{"line":607,"column":1},"end":{"line":610,"column":1}},"374":{"start":{"line":608,"column":4},"end":{"line":608,"column":34}},"375":{"start":{"line":609,"column":4},"end":{"line":609,"column":77}},"376":{"start":{"line":611,"column":26},"end":{"line":611,"column":47}},"377":{"start":{"line":612,"column":8},"end":{"line":612,"column":64}},"378":{"start":{"line":613,"column":8},"end":{"line":613,"column":32}},"379":{"start":{"line":614,"column":8},"end":{"line":614,"column":40}},"380":{"start":{"line":615,"column":8},"end":{"line":615,"column":36}},"381":{"start":{"line":616,"column":8},"end":{"line":616,"column":60}},"382":{"start":{"line":616,"column":39},"end":{"line":616,"column":58}},"383":{"start":{"line":619,"column":8},"end":{"line":633,"column":17}},"384":{"start":{"line":620,"column":26},"end":{"line":620,"column":84}},"385":{"start":{"line":620,"column":47},"end":{"line":620,"column":83}},"386":{"start":{"line":620,"column":66},"end":{"line":620,"column":82}},"387":{"start":{"line":621,"column":12},"end":{"line":632,"column":13}},"388":{"start":{"line":622,"column":42},"end":{"line":622,"column":87}},"389":{"start":{"line":622,"column":70},"end":{"line":622,"column":86}},"390":{"start":{"line":623,"column":34},"end":{"line":623,"column":69}},"391":{"start":{"line":624,"column":16},"end":{"line":631,"column":17}},"392":{"start":{"line":626,"column":3},"end":{"line":626,"column":20}},"393":{"start":{"line":627,"column":20},"end":{"line":627,"column":53}},"394":{"start":{"line":630,"column":20},"end":{"line":630,"column":41}},"395":{"start":{"line":637,"column":4},"end":{"line":641,"column":5}},"396":{"start":{"line":638,"column":8},"end":{"line":638,"column":70}},"397":{"start":{"line":638,"column":55},"end":{"line":638,"column":68}},"398":{"start":{"line":640,"column":8},"end":{"line":640,"column":22}},"399":{"start":{"line":646,"column":0},"end":{"line":672,"column":1}},"400":{"start":{"line":647,"column":4},"end":{"line":663,"column":5}},"401":{"start":{"line":648,"column":8},"end":{"line":653,"column":9}},"402":{"start":{"line":649,"column":12},"end":{"line":649,"column":58}},"403":{"start":{"line":651,"column":25},"end":{"line":651,"column":85}},"404":{"start":{"line":651,"column":55},"end":{"line":651,"column":72}},"405":{"start":{"line":652,"column":12},"end":{"line":652,"column":73}},"406":{"start":{"line":654,"column":11},"end":{"line":663,"column":5}},"407":{"start":{"line":655,"column":8},"end":{"line":660,"column":9}},"408":{"start":{"line":656,"column":12},"end":{"line":656,"column":58}},"409":{"start":{"line":658,"column":27},"end":{"line":658,"column":80}},"410":{"start":{"line":659,"column":12},"end":{"line":659,"column":64}},"411":{"start":{"line":662,"column":8},"end":{"line":662,"column":60}},"412":{"start":{"line":665,"column":4},"end":{"line":671,"column":7}},"413":{"start":{"line":666,"column":8},"end":{"line":670,"column":9}},"414":{"start":{"line":667,"column":12},"end":{"line":667,"column":51}},"415":{"start":{"line":669,"column":12},"end":{"line":669,"column":49}},"416":{"start":{"line":674,"column":0},"end":{"line":693,"column":1}},"417":{"start":{"line":675,"column":16},"end":{"line":675,"column":23}},"418":{"start":{"line":677,"column":4},"end":{"line":677,"column":58}},"419":{"start":{"line":677,"column":30},"end":{"line":677,"column":58}},"420":{"start":{"line":679,"column":4},"end":{"line":679,"column":85}},"421":{"start":{"line":679,"column":74},"end":{"line":679,"column":85}},"422":{"start":{"line":681,"column":20},"end":{"line":691,"column":5}},"423":{"start":{"line":692,"column":4},"end":{"line":692,"column":31}},"424":{"start":{"line":695,"column":0},"end":{"line":702,"column":1}},"425":{"start":{"line":696,"column":16},"end":{"line":696,"column":25}},"426":{"start":{"line":698,"column":4},"end":{"line":698,"column":36}},"427":{"start":{"line":698,"column":21},"end":{"line":698,"column":36}},"428":{"start":{"line":699,"column":4},"end":{"line":699,"column":85}},"429":{"start":{"line":699,"column":74},"end":{"line":699,"column":85}},"430":{"start":{"line":701,"column":4},"end":{"line":701,"column":22}},"431":{"start":{"line":704,"column":0},"end":{"line":937,"column":5}},"432":{"start":{"line":705,"column":8},"end":{"line":936,"column":11}},"433":{"start":{"line":706,"column":31},"end":{"line":706,"column":35}},"434":{"start":{"line":707,"column":12},"end":{"line":707,"column":37}},"435":{"start":{"line":709,"column":26},"end":{"line":709,"column":51}},"436":{"start":{"line":710,"column":24},"end":{"line":710,"column":77}},"437":{"start":{"line":710,"column":43},"end":{"line":710,"column":76}},"438":{"start":{"line":711,"column":1},"end":{"line":713,"column":1}},"439":{"start":{"line":712,"column":4},"end":{"line":712,"column":60}},"440":{"start":{"line":714,"column":30},"end":{"line":714,"column":31}},"441":{"start":{"line":715,"column":30},"end":{"line":715,"column":39}},"442":{"start":{"line":716,"column":24},"end":{"line":716,"column":29}},"443":{"start":{"line":717,"column":27},"end":{"line":717,"column":32}},"444":{"start":{"line":720,"column":4},"end":{"line":732,"column":5}},"445":{"start":{"line":722,"column":19},"end":{"line":722,"column":21}},"446":{"start":{"line":723,"column":8},"end":{"line":727,"column":9}},"447":{"start":{"line":723,"column":21},"end":{"line":723,"column":22}},"448":{"start":{"line":724,"column":25},"end":{"line":724,"column":33}},"449":{"start":{"line":725,"column":12},"end":{"line":725,"column":69}},"450":{"start":{"line":725,"column":23},"end":{"line":725,"column":69}},"451":{"start":{"line":726,"column":12},"end":{"line":726,"column":100}},"452":{"start":{"line":728,"column":8},"end":{"line":728,"column":75}},"453":{"start":{"line":729,"column":8},"end":{"line":729,"column":33}},"454":{"start":{"line":730,"column":8},"end":{"line":730,"column":32}},"455":{"start":{"line":731,"column":8},"end":{"line":731,"column":15}},"456":{"start":{"line":734,"column":27},"end":{"line":734,"column":29}},"457":{"start":{"line":735,"column":4},"end":{"line":739,"column":5}},"458":{"start":{"line":735,"column":17},"end":{"line":735,"column":18}},"459":{"start":{"line":736,"column":21},"end":{"line":736,"column":29}},"460":{"start":{"line":737,"column":8},"end":{"line":737,"column":65}},"461":{"start":{"line":737,"column":19},"end":{"line":737,"column":65}},"462":{"start":{"line":738,"column":8},"end":{"line":738,"column":96}},"463":{"start":{"line":741,"column":4},"end":{"line":746,"column":5}},"464":{"start":{"line":742,"column":8},"end":{"line":742,"column":75}},"465":{"start":{"line":742,"column":29},"end":{"line":742,"column":75}},"466":{"start":{"line":743,"column":8},"end":{"line":743,"column":100}},"467":{"start":{"line":744,"column":11},"end":{"line":746,"column":5}},"468":{"start":{"line":745,"column":8},"end":{"line":745,"column":54}},"469":{"start":{"line":748,"column":4},"end":{"line":748,"column":29}},"470":{"start":{"line":749,"column":4},"end":{"line":749,"column":28}},"471":{"start":{"line":753,"column":0},"end":{"line":759,"column":13}},"472":{"start":{"line":754,"column":16},"end":{"line":757,"column":17}},"473":{"start":{"line":754,"column":29},"end":{"line":754,"column":30}},"474":{"start":{"line":755,"column":35},"end":{"line":755,"column":70}},"475":{"start":{"line":756,"column":20},"end":{"line":756,"column":63}},"476":{"start":{"line":756,"column":50},"end":{"line":756,"column":63}},"477":{"start":{"line":758,"column":16},"end":{"line":758,"column":28}},"478":{"start":{"line":762,"column":0},"end":{"line":775,"column":13}},"479":{"start":{"line":763,"column":32},"end":{"line":763,"column":41}},"480":{"start":{"line":764,"column":16},"end":{"line":766,"column":17}},"481":{"start":{"line":764,"column":29},"end":{"line":764,"column":30}},"482":{"start":{"line":765,"column":20},"end":{"line":765,"column":69}},"483":{"start":{"line":767,"column":16},"end":{"line":770,"column":17}},"484":{"start":{"line":768,"column":37},"end":{"line":768,"column":51}},"485":{"start":{"line":769,"column":20},"end":{"line":769,"column":69}},"486":{"start":{"line":771,"column":16},"end":{"line":773,"column":17}},"487":{"start":{"line":772,"column":20},"end":{"line":772,"column":53}},"488":{"start":{"line":772,"column":41},"end":{"line":772,"column":53}},"489":{"start":{"line":774,"column":16},"end":{"line":774,"column":29}},"490":{"start":{"line":778,"column":16},"end":{"line":778,"column":53}},"491":{"start":{"line":778,"column":46},"end":{"line":778,"column":53}},"492":{"start":{"line":780,"column":0},"end":{"line":810,"column":1}},"493":{"start":{"line":781,"column":15},"end":{"line":781,"column":38}},"494":{"start":{"line":782,"column":21},"end":{"line":782,"column":39}},"495":{"start":{"line":783,"column":23},"end":{"line":783,"column":58}},"496":{"start":{"line":786,"column":17},"end":{"line":786,"column":26}},"497":{"start":{"line":787,"column":4},"end":{"line":787,"column":37}},"498":{"start":{"line":787,"column":24},"end":{"line":787,"column":37}},"499":{"start":{"line":788,"column":4},"end":{"line":788,"column":53}},"500":{"start":{"line":790,"column":4},"end":{"line":806,"column":5}},"501":{"start":{"line":791,"column":8},"end":{"line":791,"column":22}},"502":{"start":{"line":792,"column":8},"end":{"line":805,"column":9}},"503":{"start":{"line":793,"column":12},"end":{"line":793,"column":28}},"504":{"start":{"line":795,"column":12},"end":{"line":795,"column":92}},"505":{"start":{"line":795,"column":34},"end":{"line":795,"column":92}},"506":{"start":{"line":796,"column":12},"end":{"line":796,"column":86}},"507":{"start":{"line":796,"column":32},"end":{"line":796,"column":86}},"508":{"start":{"line":797,"column":12},"end":{"line":797,"column":36}},"509":{"start":{"line":798,"column":12},"end":{"line":798,"column":34}},"510":{"start":{"line":799,"column":12},"end":{"line":802,"column":21}},"511":{"start":{"line":800,"column":16},"end":{"line":800,"column":45}},"512":{"start":{"line":801,"column":16},"end":{"line":801,"column":26}},"513":{"start":{"line":804,"column":12},"end":{"line":804,"column":32}},"514":{"start":{"line":808,"column":4},"end":{"line":808,"column":13}},"515":{"start":{"line":809,"column":4},"end":{"line":809,"column":11}},"516":{"start":{"line":812,"column":26},"end":{"line":812,"column":35}},"517":{"start":{"line":813,"column":0},"end":{"line":813,"column":27}},"518":{"start":{"line":813,"column":17},"end":{"line":813,"column":27}},"519":{"start":{"line":814,"column":0},"end":{"line":814,"column":43}},"520":{"start":{"line":815,"column":16},"end":{"line":815,"column":57}},"521":{"start":{"line":817,"column":16},"end":{"line":830,"column":17}},"522":{"start":{"line":818,"column":37},"end":{"line":818,"column":38}},"523":{"start":{"line":819,"column":20},"end":{"line":825,"column":21}},"524":{"start":{"line":819,"column":33},"end":{"line":819,"column":34}},"525":{"start":{"line":820,"column":39},"end":{"line":820,"column":74}},"526":{"start":{"line":821,"column":24},"end":{"line":824,"column":25}},"527":{"start":{"line":822,"column":28},"end":{"line":822,"column":43}},"528":{"start":{"line":823,"column":28},"end":{"line":823,"column":34}},"529":{"start":{"line":826,"column":20},"end":{"line":826,"column":45}},"530":{"start":{"line":827,"column":20},"end":{"line":827,"column":54}},"531":{"start":{"line":828,"column":20},"end":{"line":828,"column":29}},"532":{"start":{"line":829,"column":20},"end":{"line":829,"column":27}},"533":{"start":{"line":832,"column":16},"end":{"line":836,"column":17}},"534":{"start":{"line":833,"column":20},"end":{"line":833,"column":33}},"535":{"start":{"line":834,"column":20},"end":{"line":834,"column":29}},"536":{"start":{"line":835,"column":20},"end":{"line":835,"column":27}},"537":{"start":{"line":838,"column":16},"end":{"line":846,"column":17}},"538":{"start":{"line":839,"column":20},"end":{"line":845,"column":21}},"539":{"start":{"line":840,"column":24},"end":{"line":840,"column":33}},"540":{"start":{"line":841,"column":24},"end":{"line":841,"column":31}},"541":{"start":{"line":843,"column":24},"end":{"line":843,"column":38}},"542":{"start":{"line":844,"column":24},"end":{"line":844,"column":44}},"543":{"start":{"line":848,"column":33},"end":{"line":848,"column":51}},"544":{"start":{"line":849,"column":19},"end":{"line":849,"column":54}},"545":{"start":{"line":851,"column":16},"end":{"line":870,"column":17}},"546":{"start":{"line":852,"column":20},"end":{"line":852,"column":34}},"547":{"start":{"line":853,"column":20},"end":{"line":866,"column":21}},"548":{"start":{"line":854,"column":24},"end":{"line":854,"column":40}},"549":{"start":{"line":855,"column":3},"end":{"line":855,"column":12}},"550":{"start":{"line":856,"column":3},"end":{"line":856,"column":83}},"551":{"start":{"line":856,"column":25},"end":{"line":856,"column":83}},"552":{"start":{"line":857,"column":20},"end":{"line":857,"column":94}},"553":{"start":{"line":857,"column":40},"end":{"line":857,"column":94}},"554":{"start":{"line":858,"column":20},"end":{"line":858,"column":44}},"555":{"start":{"line":859,"column":20},"end":{"line":859,"column":42}},"556":{"start":{"line":860,"column":24},"end":{"line":863,"column":33}},"557":{"start":{"line":861,"column":28},"end":{"line":861,"column":57}},"558":{"start":{"line":862,"column":28},"end":{"line":862,"column":38}},"559":{"start":{"line":865,"column":24},"end":{"line":865,"column":33}},"560":{"start":{"line":868,"column":20},"end":{"line":868,"column":33}},"561":{"start":{"line":869,"column":20},"end":{"line":869,"column":29}},"562":{"start":{"line":874,"column":16},"end":{"line":874,"column":53}},"563":{"start":{"line":874,"column":46},"end":{"line":874,"column":53}},"564":{"start":{"line":875,"column":2},"end":{"line":875,"column":29}},"565":{"start":{"line":875,"column":22},"end":{"line":875,"column":29}},"566":{"start":{"line":877,"column":27},"end":{"line":877,"column":50}},"567":{"start":{"line":878,"column":4},"end":{"line":878,"column":27}},"568":{"start":{"line":880,"column":16},"end":{"line":886,"column":17}},"569":{"start":{"line":881,"column":20},"end":{"line":881,"column":36}},"570":{"start":{"line":882,"column":20},"end":{"line":882,"column":34}},"571":{"start":{"line":883,"column":20},"end":{"line":883,"column":40}},"572":{"start":{"line":884,"column":20},"end":{"line":884,"column":29}},"573":{"start":{"line":885,"column":20},"end":{"line":885,"column":27}},"574":{"start":{"line":888,"column":16},"end":{"line":906,"column":17}},"575":{"start":{"line":889,"column":41},"end":{"line":889,"column":46}},"576":{"start":{"line":890,"column":37},"end":{"line":890,"column":38}},"577":{"start":{"line":891,"column":20},"end":{"line":898,"column":21}},"578":{"start":{"line":891,"column":33},"end":{"line":891,"column":34}},"579":{"start":{"line":892,"column":21},"end":{"line":892,"column":56}},"580":{"start":{"line":893,"column":24},"end":{"line":897,"column":25}},"581":{"start":{"line":894,"column":28},"end":{"line":894,"column":50}},"582":{"start":{"line":895,"column":28},"end":{"line":895,"column":43}},"583":{"start":{"line":896,"column":28},"end":{"line":896,"column":34}},"584":{"start":{"line":899,"column":20},"end":{"line":905,"column":21}},"585":{"start":{"line":900,"column":24},"end":{"line":900,"column":49}},"586":{"start":{"line":901,"column":24},"end":{"line":901,"column":58}},"587":{"start":{"line":902,"column":24},"end":{"line":902,"column":56}},"588":{"start":{"line":902,"column":36},"end":{"line":902,"column":56}},"589":{"start":{"line":903,"column":24},"end":{"line":903,"column":33}},"590":{"start":{"line":904,"column":24},"end":{"line":904,"column":31}},"591":{"start":{"line":908,"column":16},"end":{"line":914,"column":17}},"592":{"start":{"line":909,"column":20},"end":{"line":913,"column":21}},"593":{"start":{"line":910,"column":24},"end":{"line":910,"column":38}},"594":{"start":{"line":911,"column":24},"end":{"line":911,"column":44}},"595":{"start":{"line":912,"column":24},"end":{"line":912,"column":33}},"596":{"start":{"line":922,"column":12},"end":{"line":922,"column":92}},"597":{"start":{"line":922,"column":34},"end":{"line":922,"column":92}},"598":{"start":{"line":923,"column":12},"end":{"line":923,"column":86}},"599":{"start":{"line":923,"column":32},"end":{"line":923,"column":86}},"600":{"start":{"line":926,"column":12},"end":{"line":929,"column":14}},"601":{"start":{"line":927,"column":16},"end":{"line":927,"column":42}},"602":{"start":{"line":928,"column":16},"end":{"line":928,"column":29}},"603":{"start":{"line":930,"column":12},"end":{"line":930,"column":37}},"604":{"start":{"line":932,"column":12},"end":{"line":932,"column":67}},"605":{"start":{"line":933,"column":12},"end":{"line":933,"column":63}},"606":{"start":{"line":935,"column":12},"end":{"line":935,"column":21}},"607":{"start":{"line":939,"column":0},"end":{"line":1009,"column":1}},"608":{"start":{"line":940,"column":16},"end":{"line":940,"column":21}},"609":{"start":{"line":941,"column":17},"end":{"line":941,"column":26}},"610":{"start":{"line":942,"column":18},"end":{"line":942,"column":28}},"611":{"start":{"line":943,"column":16},"end":{"line":943,"column":24}},"612":{"start":{"line":944,"column":17},"end":{"line":944,"column":26}},"613":{"start":{"line":947,"column":4},"end":{"line":955,"column":5}},"614":{"start":{"line":954,"column":8},"end":{"line":954,"column":27}},"615":{"start":{"line":954,"column":28},"end":{"line":954,"column":48}},"616":{"start":{"line":954,"column":49},"end":{"line":954,"column":56}},"617":{"start":{"line":958,"column":4},"end":{"line":964,"column":5}},"618":{"start":{"line":963,"column":8},"end":{"line":963,"column":27}},"619":{"start":{"line":963,"column":28},"end":{"line":963,"column":48}},"620":{"start":{"line":963,"column":49},"end":{"line":963,"column":56}},"621":{"start":{"line":967,"column":4},"end":{"line":975,"column":5}},"622":{"start":{"line":974,"column":8},"end":{"line":974,"column":27}},"623":{"start":{"line":974,"column":28},"end":{"line":974,"column":48}},"624":{"start":{"line":974,"column":49},"end":{"line":974,"column":56}},"625":{"start":{"line":978,"column":4},"end":{"line":983,"column":5}},"626":{"start":{"line":982,"column":8},"end":{"line":982,"column":27}},"627":{"start":{"line":982,"column":28},"end":{"line":982,"column":48}},"628":{"start":{"line":982,"column":49},"end":{"line":982,"column":56}},"629":{"start":{"line":986,"column":4},"end":{"line":993,"column":5}},"630":{"start":{"line":992,"column":8},"end":{"line":992,"column":27}},"631":{"start":{"line":992,"column":28},"end":{"line":992,"column":48}},"632":{"start":{"line":992,"column":49},"end":{"line":992,"column":56}},"633":{"start":{"line":996,"column":4},"end":{"line":1002,"column":5}},"634":{"start":{"line":1001,"column":8},"end":{"line":1001,"column":27}},"635":{"start":{"line":1001,"column":28},"end":{"line":1001,"column":48}},"636":{"start":{"line":1001,"column":49},"end":{"line":1001,"column":56}},"637":{"start":{"line":1006,"column":4},"end":{"line":1008,"column":5}},"638":{"start":{"line":1007,"column":8},"end":{"line":1007,"column":27}},"639":{"start":{"line":1012,"column":0},"end":{"line":1105,"column":1}},"640":{"start":{"line":1013,"column":4},"end":{"line":1104,"column":7}},"641":{"start":{"line":1014,"column":28},"end":{"line":1014,"column":51}},"642":{"start":{"line":1015,"column":27},"end":{"line":1015,"column":28}},"643":{"start":{"line":1016,"column":23},"end":{"line":1016,"column":28}},"644":{"start":{"line":1017,"column":25},"end":{"line":1017,"column":29}},"645":{"start":{"line":1020,"column":8},"end":{"line":1023,"column":9}},"646":{"start":{"line":1021,"column":12},"end":{"line":1021,"column":72}},"647":{"start":{"line":1022,"column":12},"end":{"line":1022,"column":38}},"648":{"start":{"line":1027,"column":12},"end":{"line":1027,"column":33}},"649":{"start":{"line":1027,"column":26},"end":{"line":1027,"column":33}},"650":{"start":{"line":1028,"column":26},"end":{"line":1028,"column":63}},"651":{"start":{"line":1029,"column":12},"end":{"line":1029,"column":40}},"652":{"start":{"line":1030,"column":2},"end":{"line":1030,"column":26}},"653":{"start":{"line":1035,"column":18},"end":{"line":1035,"column":55}},"654":{"start":{"line":1036,"column":4},"end":{"line":1036,"column":45}},"655":{"start":{"line":1036,"column":20},"end":{"line":1036,"column":45}},"656":{"start":{"line":1037,"column":28},"end":{"line":1037,"column":57}},"657":{"start":{"line":1039,"column":4},"end":{"line":1042,"column":17}},"658":{"start":{"line":1043,"column":4},"end":{"line":1046,"column":12}},"659":{"start":{"line":1044,"column":8},"end":{"line":1044,"column":36}},"660":{"start":{"line":1045,"column":8},"end":{"line":1045,"column":26}},"661":{"start":{"line":1050,"column":12},"end":{"line":1050,"column":40}},"662":{"start":{"line":1054,"column":12},"end":{"line":1054,"column":49}},"663":{"start":{"line":1054,"column":42},"end":{"line":1054,"column":49}},"664":{"start":{"line":1056,"column":24},"end":{"line":1056,"column":33}},"665":{"start":{"line":1058,"column":12},"end":{"line":1058,"column":54}},"666":{"start":{"line":1058,"column":47},"end":{"line":1058,"column":54}},"667":{"start":{"line":1065,"column":33},"end":{"line":1065,"column":57}},"668":{"start":{"line":1067,"column":12},"end":{"line":1094,"column":13}},"669":{"start":{"line":1069,"column":16},"end":{"line":1072,"column":17}},"670":{"start":{"line":1070,"column":20},"end":{"line":1070,"column":45}},"671":{"start":{"line":1071,"column":20},"end":{"line":1071,"column":38}},"672":{"start":{"line":1073,"column":16},"end":{"line":1073,"column":31}},"673":{"start":{"line":1074,"column":16},"end":{"line":1074,"column":41}},"674":{"start":{"line":1075,"column":16},"end":{"line":1075,"column":32}},"675":{"start":{"line":1077,"column":16},"end":{"line":1090,"column":17}},"676":{"start":{"line":1078,"column":19},"end":{"line":1078,"column":35}},"677":{"start":{"line":1080,"column":0},"end":{"line":1080,"column":27}},"678":{"start":{"line":1081,"column":0},"end":{"line":1081,"column":33}},"679":{"start":{"line":1082,"column":0},"end":{"line":1082,"column":24}},"680":{"start":{"line":1084,"column":0},"end":{"line":1084,"column":51}},"681":{"start":{"line":1085,"column":0},"end":{"line":1085,"column":26}},"682":{"start":{"line":1086,"column":0},"end":{"line":1089,"column":9}},"683":{"start":{"line":1087,"column":4},"end":{"line":1087,"column":33}},"684":{"start":{"line":1088,"column":4},"end":{"line":1088,"column":14}},"685":{"start":{"line":1093,"column":16},"end":{"line":1093,"column":35}},"686":{"start":{"line":1098,"column":8},"end":{"line":1098,"column":39}},"687":{"start":{"line":1099,"column":8},"end":{"line":1099,"column":56}},"688":{"start":{"line":1102,"column":8},"end":{"line":1102,"column":33}},"689":{"start":{"line":1103,"column":8},"end":{"line":1103,"column":24}}},"fnMap":{"0":{"name":"(anonymous_0)","decl":{"start":{"line":1,"column":47},"end":{"line":1,"column":48}},"loc":{"start":{"line":1,"column":53},"end":{"line":1107,"column":1}},"line":1},"1":{"name":"(anonymous_1)","decl":{"start":{"line":29,"column":64},"end":{"line":29,"column":65}},"loc":{"start":{"line":29,"column":71},"end":{"line":35,"column":1}},"line":29},"2":{"name":"(anonymous_2)","decl":{"start":{"line":33,"column":34},"end":{"line":33,"column":35}},"loc":{"start":{"line":33,"column":39},"end":{"line":33,"column":55}},"line":33},"3":{"name":"(anonymous_3)","decl":{"start":{"line":37,"column":20},"end":{"line":37,"column":21}},"loc":{"start":{"line":37,"column":52},"end":{"line":39,"column":1}},"line":37},"4":{"name":"(anonymous_4)","decl":{"start":{"line":42,"column":20},"end":{"line":42,"column":21}},"loc":{"start":{"line":42,"column":31},"end":{"line":46,"column":1}},"line":42},"5":{"name":"(anonymous_5)","decl":{"start":{"line":49,"column":21},"end":{"line":49,"column":22}},"loc":{"start":{"line":49,"column":32},"end":{"line":51,"column":1}},"line":49},"6":{"name":"(anonymous_6)","decl":{"start":{"line":54,"column":37},"end":{"line":54,"column":38}},"loc":{"start":{"line":54,"column":43},"end":{"line":61,"column":1}},"line":54},"7":{"name":"(anonymous_7)","decl":{"start":{"line":63,"column":22},"end":{"line":63,"column":23}},"loc":{"start":{"line":63,"column":33},"end":{"line":88,"column":1}},"line":63},"8":{"name":"(anonymous_8)","decl":{"start":{"line":65,"column":25},"end":{"line":65,"column":26}},"loc":{"start":{"line":66,"column":12},"end":{"line":66,"column":103}},"line":66},"9":{"name":"(anonymous_9)","decl":{"start":{"line":83,"column":47},"end":{"line":83,"column":48}},"loc":{"start":{"line":83,"column":53},"end":{"line":85,"column":13}},"line":83},"10":{"name":"(anonymous_10)","decl":{"start":{"line":91,"column":20},"end":{"line":91,"column":21}},"loc":{"start":{"line":91,"column":38},"end":{"line":97,"column":1}},"line":91},"11":{"name":"(anonymous_11)","decl":{"start":{"line":93,"column":40},"end":{"line":93,"column":41}},"loc":{"start":{"line":93,"column":45},"end":{"line":93,"column":61}},"line":93},"12":{"name":"(anonymous_12)","decl":{"start":{"line":176,"column":18},"end":{"line":176,"column":19}},"loc":{"start":{"line":176,"column":30},"end":{"line":179,"column":1}},"line":176},"13":{"name":"(anonymous_13)","decl":{"start":{"line":182,"column":22},"end":{"line":182,"column":23}},"loc":{"start":{"line":182,"column":40},"end":{"line":192,"column":1}},"line":182},"14":{"name":"(anonymous_14)","decl":{"start":{"line":200,"column":47},"end":{"line":200,"column":48}},"loc":{"start":{"line":200,"column":53},"end":{"line":206,"column":9}},"line":200},"15":{"name":"(anonymous_15)","decl":{"start":{"line":211,"column":39},"end":{"line":211,"column":40}},"loc":{"start":{"line":211,"column":45},"end":{"line":217,"column":5}},"line":211},"16":{"name":"(anonymous_16)","decl":{"start":{"line":228,"column":42},"end":{"line":228,"column":43}},"loc":{"start":{"line":228,"column":48},"end":{"line":233,"column":5}},"line":228},"17":{"name":"(anonymous_17)","decl":{"start":{"line":236,"column":33},"end":{"line":236,"column":34}},"loc":{"start":{"line":236,"column":48},"end":{"line":251,"column":1}},"line":236},"18":{"name":"(anonymous_18)","decl":{"start":{"line":241,"column":42},"end":{"line":241,"column":43}},"loc":{"start":{"line":241,"column":47},"end":{"line":241,"column":64}},"line":241},"19":{"name":"(anonymous_19)","decl":{"start":{"line":256,"column":23},"end":{"line":256,"column":24}},"loc":{"start":{"line":256,"column":34},"end":{"line":265,"column":1}},"line":256},"20":{"name":"(anonymous_20)","decl":{"start":{"line":267,"column":24},"end":{"line":267,"column":25}},"loc":{"start":{"line":267,"column":42},"end":{"line":285,"column":5}},"line":267},"21":{"name":"(anonymous_21)","decl":{"start":{"line":281,"column":19},"end":{"line":281,"column":20}},"loc":{"start":{"line":281,"column":25},"end":{"line":284,"column":9}},"line":281},"22":{"name":"(anonymous_22)","decl":{"start":{"line":283,"column":23},"end":{"line":283,"column":24}},"loc":{"start":{"line":283,"column":29},"end":{"line":283,"column":43}},"line":283},"23":{"name":"(anonymous_23)","decl":{"start":{"line":288,"column":25},"end":{"line":288,"column":26}},"loc":{"start":{"line":288,"column":72},"end":{"line":342,"column":5}},"line":288},"24":{"name":"(anonymous_24)","decl":{"start":{"line":295,"column":51},"end":{"line":295,"column":52}},"loc":{"start":{"line":295,"column":56},"end":{"line":295,"column":64}},"line":295},"25":{"name":"renderPage","decl":{"start":{"line":308,"column":9},"end":{"line":308,"column":19}},"loc":{"start":{"line":308,"column":22},"end":{"line":319,"column":9}},"line":308},"26":{"name":"closeModal","decl":{"start":{"line":321,"column":9},"end":{"line":321,"column":19}},"loc":{"start":{"line":321,"column":22},"end":{"line":324,"column":9}},"line":321},"27":{"name":"(anonymous_27)","decl":{"start":{"line":326,"column":26},"end":{"line":326,"column":27}},"loc":{"start":{"line":326,"column":32},"end":{"line":331,"column":9}},"line":326},"28":{"name":"(anonymous_28)","decl":{"start":{"line":332,"column":26},"end":{"line":332,"column":27}},"loc":{"start":{"line":332,"column":32},"end":{"line":337,"column":9}},"line":332},"29":{"name":"(anonymous_29)","decl":{"start":{"line":346,"column":22},"end":{"line":346,"column":23}},"loc":{"start":{"line":346,"column":51},"end":{"line":355,"column":1}},"line":346},"30":{"name":"(anonymous_30)","decl":{"start":{"line":358,"column":22},"end":{"line":358,"column":23}},"loc":{"start":{"line":358,"column":33},"end":{"line":367,"column":1}},"line":358},"31":{"name":"(anonymous_31)","decl":{"start":{"line":364,"column":85},"end":{"line":364,"column":86}},"loc":{"start":{"line":364,"column":91},"end":{"line":366,"column":5}},"line":364},"32":{"name":"(anonymous_32)","decl":{"start":{"line":370,"column":21},"end":{"line":370,"column":22}},"loc":{"start":{"line":370,"column":37},"end":{"line":389,"column":1}},"line":370},"33":{"name":"(anonymous_33)","decl":{"start":{"line":384,"column":38},"end":{"line":384,"column":39}},"loc":{"start":{"line":384,"column":44},"end":{"line":387,"column":9}},"line":384},"34":{"name":"fetchNavigationData","decl":{"start":{"line":392,"column":19},"end":{"line":392,"column":38}},"loc":{"start":{"line":392,"column":41},"end":{"line":402,"column":1}},"line":392},"35":{"name":"(anonymous_35)","decl":{"start":{"line":406,"column":21},"end":{"line":406,"column":22}},"loc":{"start":{"line":406,"column":39},"end":{"line":413,"column":1}},"line":406},"36":{"name":"(anonymous_36)","decl":{"start":{"line":416,"column":22},"end":{"line":416,"column":23}},"loc":{"start":{"line":416,"column":40},"end":{"line":420,"column":1}},"line":416},"37":{"name":"(anonymous_37)","decl":{"start":{"line":417,"column":67},"end":{"line":417,"column":68}},"loc":{"start":{"line":417,"column":73},"end":{"line":417,"column":102}},"line":417},"38":{"name":"(anonymous_38)","decl":{"start":{"line":422,"column":24},"end":{"line":422,"column":25}},"loc":{"start":{"line":422,"column":72},"end":{"line":430,"column":1}},"line":422},"39":{"name":"(anonymous_39)","decl":{"start":{"line":429,"column":34},"end":{"line":429,"column":35}},"loc":{"start":{"line":429,"column":39},"end":{"line":429,"column":76}},"line":429},"40":{"name":"(anonymous_40)","decl":{"start":{"line":432,"column":17},"end":{"line":432,"column":18}},"loc":{"start":{"line":432,"column":34},"end":{"line":508,"column":5}},"line":432},"41":{"name":"(anonymous_41)","decl":{"start":{"line":439,"column":23},"end":{"line":439,"column":24}},"loc":{"start":{"line":439,"column":41},"end":{"line":456,"column":9}},"line":439},"42":{"name":"(anonymous_42)","decl":{"start":{"line":445,"column":43},"end":{"line":445,"column":44}},"loc":{"start":{"line":445,"column":59},"end":{"line":452,"column":1}},"line":445},"43":{"name":"(anonymous_43)","decl":{"start":{"line":460,"column":43},"end":{"line":460,"column":44}},"loc":{"start":{"line":460,"column":50},"end":{"line":507,"column":9}},"line":460},"44":{"name":"(anonymous_44)","decl":{"start":{"line":498,"column":46},"end":{"line":498,"column":47}},"loc":{"start":{"line":498,"column":51},"end":{"line":498,"column":67}},"line":498},"45":{"name":"(anonymous_45)","decl":{"start":{"line":511,"column":10},"end":{"line":511,"column":11}},"loc":{"start":{"line":511,"column":20},"end":{"line":529,"column":5}},"line":511},"46":{"name":"fetchLevelTasks","decl":{"start":{"line":533,"column":19},"end":{"line":533,"column":34}},"loc":{"start":{"line":533,"column":44},"end":{"line":547,"column":1}},"line":533},"47":{"name":"(anonymous_47)","decl":{"start":{"line":549,"column":26},"end":{"line":549,"column":27}},"loc":{"start":{"line":549,"column":37},"end":{"line":558,"column":1}},"line":549},"48":{"name":"startLevelSequence","decl":{"start":{"line":561,"column":19},"end":{"line":561,"column":37}},"loc":{"start":{"line":561,"column":70},"end":{"line":642,"column":1}},"line":561},"49":{"name":"(anonymous_49)","decl":{"start":{"line":565,"column":34},"end":{"line":565,"column":35}},"loc":{"start":{"line":565,"column":39},"end":{"line":565,"column":75}},"line":565},"50":{"name":"(anonymous_50)","decl":{"start":{"line":565,"column":53},"end":{"line":565,"column":54}},"loc":{"start":{"line":565,"column":58},"end":{"line":565,"column":74}},"line":565},"51":{"name":"(anonymous_51)","decl":{"start":{"line":594,"column":24},"end":{"line":594,"column":25}},"loc":{"start":{"line":594,"column":36},"end":{"line":634,"column":5}},"line":594},"52":{"name":"(anonymous_52)","decl":{"start":{"line":616,"column":33},"end":{"line":616,"column":34}},"loc":{"start":{"line":616,"column":39},"end":{"line":616,"column":58}},"line":616},"53":{"name":"(anonymous_53)","decl":{"start":{"line":619,"column":19},"end":{"line":619,"column":20}},"loc":{"start":{"line":619,"column":25},"end":{"line":633,"column":9}},"line":619},"54":{"name":"(anonymous_54)","decl":{"start":{"line":620,"column":42},"end":{"line":620,"column":43}},"loc":{"start":{"line":620,"column":47},"end":{"line":620,"column":83}},"line":620},"55":{"name":"(anonymous_55)","decl":{"start":{"line":620,"column":61},"end":{"line":620,"column":62}},"loc":{"start":{"line":620,"column":66},"end":{"line":620,"column":82}},"line":620},"56":{"name":"(anonymous_56)","decl":{"start":{"line":622,"column":65},"end":{"line":622,"column":66}},"loc":{"start":{"line":622,"column":70},"end":{"line":622,"column":86}},"line":622},"57":{"name":"(anonymous_57)","decl":{"start":{"line":638,"column":49},"end":{"line":638,"column":50}},"loc":{"start":{"line":638,"column":55},"end":{"line":638,"column":68}},"line":638},"58":{"name":"(anonymous_58)","decl":{"start":{"line":646,"column":18},"end":{"line":646,"column":19}},"loc":{"start":{"line":646,"column":37},"end":{"line":672,"column":1}},"line":646},"59":{"name":"(anonymous_59)","decl":{"start":{"line":651,"column":50},"end":{"line":651,"column":51}},"loc":{"start":{"line":651,"column":55},"end":{"line":651,"column":72}},"line":651},"60":{"name":"(anonymous_60)","decl":{"start":{"line":665,"column":23},"end":{"line":665,"column":24}},"loc":{"start":{"line":665,"column":36},"end":{"line":671,"column":5}},"line":665},"61":{"name":"(anonymous_61)","decl":{"start":{"line":674,"column":29},"end":{"line":674,"column":30}},"loc":{"start":{"line":674,"column":47},"end":{"line":693,"column":1}},"line":674},"62":{"name":"(anonymous_62)","decl":{"start":{"line":695,"column":24},"end":{"line":695,"column":25}},"loc":{"start":{"line":695,"column":40},"end":{"line":702,"column":1}},"line":695},"63":{"name":"(anonymous_63)","decl":{"start":{"line":704,"column":20},"end":{"line":704,"column":21}},"loc":{"start":{"line":704,"column":39},"end":{"line":937,"column":5}},"line":704},"64":{"name":"(anonymous_64)","decl":{"start":{"line":705,"column":27},"end":{"line":705,"column":28}},"loc":{"start":{"line":705,"column":40},"end":{"line":936,"column":9}},"line":705},"65":{"name":"(anonymous_65)","decl":{"start":{"line":710,"column":35},"end":{"line":710,"column":36}},"loc":{"start":{"line":710,"column":43},"end":{"line":710,"column":76}},"line":710},"66":{"name":"render","decl":{"start":{"line":719,"column":9},"end":{"line":719,"column":15}},"loc":{"start":{"line":719,"column":18},"end":{"line":750,"column":1}},"line":719},"67":{"name":"(anonymous_67)","decl":{"start":{"line":753,"column":30},"end":{"line":753,"column":31}},"loc":{"start":{"line":753,"column":48},"end":{"line":759,"column":13}},"line":753},"68":{"name":"(anonymous_68)","decl":{"start":{"line":762,"column":20},"end":{"line":762,"column":21}},"loc":{"start":{"line":762,"column":38},"end":{"line":775,"column":13}},"line":762},"69":{"name":"onKeyDown","decl":{"start":{"line":777,"column":9},"end":{"line":777,"column":18}},"loc":{"start":{"line":777,"column":26},"end":{"line":871,"column":13}},"line":777},"70":{"name":"(anonymous_70)","decl":{"start":{"line":799,"column":23},"end":{"line":799,"column":24}},"loc":{"start":{"line":799,"column":29},"end":{"line":802,"column":13}},"line":799},"71":{"name":"(anonymous_71)","decl":{"start":{"line":860,"column":35},"end":{"line":860,"column":36}},"loc":{"start":{"line":860,"column":41},"end":{"line":863,"column":25}},"line":860},"72":{"name":"onKeyUp","decl":{"start":{"line":873,"column":9},"end":{"line":873,"column":16}},"loc":{"start":{"line":873,"column":24},"end":{"line":915,"column":13}},"line":873},"73":{"name":"(anonymous_73)","decl":{"start":{"line":926,"column":31},"end":{"line":926,"column":32}},"loc":{"start":{"line":926,"column":38},"end":{"line":929,"column":13}},"line":926},"74":{"name":"(anonymous_74)","decl":{"start":{"line":939,"column":30},"end":{"line":939,"column":31}},"loc":{"start":{"line":939,"column":42},"end":{"line":1009,"column":1}},"line":939},"75":{"name":"(anonymous_75)","decl":{"start":{"line":1012,"column":22},"end":{"line":1012,"column":23}},"loc":{"start":{"line":1012,"column":41},"end":{"line":1105,"column":1}},"line":1012},"76":{"name":"(anonymous_76)","decl":{"start":{"line":1013,"column":23},"end":{"line":1013,"column":24}},"loc":{"start":{"line":1013,"column":36},"end":{"line":1104,"column":5}},"line":1013},"77":{"name":"updateDisplay","decl":{"start":{"line":1026,"column":9},"end":{"line":1026,"column":22}},"loc":{"start":{"line":1026,"column":25},"end":{"line":1031,"column":9}},"line":1026},"78":{"name":"showErrorChar","decl":{"start":{"line":1034,"column":9},"end":{"line":1034,"column":22}},"loc":{"start":{"line":1034,"column":29},"end":{"line":1047,"column":1}},"line":1034},"79":{"name":"(anonymous_79)","decl":{"start":{"line":1043,"column":28},"end":{"line":1043,"column":29}},"loc":{"start":{"line":1043,"column":34},"end":{"line":1046,"column":5}},"line":1043},"80":{"name":"setDisplayColor","decl":{"start":{"line":1049,"column":9},"end":{"line":1049,"column":24}},"loc":{"start":{"line":1049,"column":32},"end":{"line":1051,"column":9}},"line":1049},"81":{"name":"onKeyDown","decl":{"start":{"line":1053,"column":9},"end":{"line":1053,"column":18}},"loc":{"start":{"line":1053,"column":26},"end":{"line":1095,"column":9}},"line":1053},"82":{"name":"(anonymous_82)","decl":{"start":{"line":1086,"column":11},"end":{"line":1086,"column":12}},"loc":{"start":{"line":1086,"column":17},"end":{"line":1089,"column":1}},"line":1086}},"branchMap":{"0":{"loc":{"start":{"line":26,"column":22},"end":{"line":26,"column":79}},"type":"binary-expr","locations":[{"start":{"line":26,"column":22},"end":{"line":26,"column":73}},{"start":{"line":26,"column":77},"end":{"line":26,"column":79}}],"line":26},"1":{"loc":{"start":{"line":31,"column":4},"end":{"line":31,"column":27}},"type":"if","locations":[{"start":{"line":31,"column":4},"end":{"line":31,"column":27}},{"start":{},"end":{}}],"line":31},"2":{"loc":{"start":{"line":34,"column":4},"end":{"line":34,"column":36}},"type":"if","locations":[{"start":{"line":34,"column":4},"end":{"line":34,"column":36}},{"start":{},"end":{}}],"line":34},"3":{"loc":{"start":{"line":44,"column":4},"end":{"line":44,"column":26}},"type":"if","locations":[{"start":{"line":44,"column":4},"end":{"line":44,"column":26}},{"start":{},"end":{}}],"line":44},"4":{"loc":{"start":{"line":55,"column":4},"end":{"line":55,"column":32}},"type":"if","locations":[{"start":{"line":55,"column":4},"end":{"line":55,"column":32}},{"start":{},"end":{}}],"line":55},"5":{"loc":{"start":{"line":64,"column":26},"end":{"line":68,"column":59}},"type":"cond-expr","locations":[{"start":{"line":65,"column":10},"end":{"line":67,"column":18}},{"start":{"line":68,"column":10},"end":{"line":68,"column":59}}],"line":64},"6":{"loc":{"start":{"line":70,"column":23},"end":{"line":70,"column":44}},"type":"binary-expr","locations":[{"start":{"line":70,"column":23},"end":{"line":70,"column":36}},{"start":{"line":70,"column":40},"end":{"line":70,"column":44}}],"line":70},"7":{"loc":{"start":{"line":73,"column":9},"end":{"line":73,"column":107}},"type":"cond-expr","locations":[{"start":{"line":73,"column":22},"end":{"line":73,"column":102}},{"start":{"line":73,"column":105},"end":{"line":73,"column":107}}],"line":73},"8":{"loc":{"start":{"line":80,"column":4},"end":{"line":87,"column":5}},"type":"if","locations":[{"start":{"line":80,"column":4},"end":{"line":87,"column":5}},{"start":{},"end":{}}],"line":80},"9":{"loc":{"start":{"line":82,"column":8},"end":{"line":86,"column":9}},"type":"if","locations":[{"start":{"line":82,"column":8},"end":{"line":86,"column":9}},{"start":{},"end":{}}],"line":82},"10":{"loc":{"start":{"line":94,"column":8},"end":{"line":94,"column":37}},"type":"if","locations":[{"start":{"line":94,"column":8},"end":{"line":94,"column":37}},{"start":{},"end":{}}],"line":94},"11":{"loc":{"start":{"line":177,"column":4},"end":{"line":177,"column":52}},"type":"if","locations":[{"start":{"line":177,"column":4},"end":{"line":177,"column":52}},{"start":{},"end":{}}],"line":177},"12":{"loc":{"start":{"line":177,"column":8},"end":{"line":177,"column":34}},"type":"binary-expr","locations":[{"start":{"line":177,"column":8},"end":{"line":177,"column":21}},{"start":{"line":177,"column":25},"end":{"line":177,"column":34}}],"line":177},"13":{"loc":{"start":{"line":178,"column":11},"end":{"line":178,"column":34}},"type":"binary-expr","locations":[{"start":{"line":178,"column":11},"end":{"line":178,"column":29}},{"start":{"line":178,"column":33},"end":{"line":178,"column":34}}],"line":178},"14":{"loc":{"start":{"line":188,"column":11},"end":{"line":188,"column":80}},"type":"binary-expr","locations":[{"start":{"line":188,"column":11},"end":{"line":188,"column":54}},{"start":{"line":188,"column":58},"end":{"line":188,"column":80}}],"line":188},"15":{"loc":{"start":{"line":194,"column":4},"end":{"line":197,"column":5}},"type":"if","locations":[{"start":{"line":194,"column":4},"end":{"line":197,"column":5}},{"start":{},"end":{}}],"line":194},"16":{"loc":{"start":{"line":194,"column":8},"end":{"line":194,"column":31}},"type":"binary-expr","locations":[{"start":{"line":194,"column":8},"end":{"line":194,"column":16}},{"start":{"line":194,"column":20},"end":{"line":194,"column":31}}],"line":194},"17":{"loc":{"start":{"line":199,"column":4},"end":{"line":207,"column":5}},"type":"if","locations":[{"start":{"line":199,"column":4},"end":{"line":207,"column":5}},{"start":{},"end":{}}],"line":199},"18":{"loc":{"start":{"line":201,"column":12},"end":{"line":205,"column":13}},"type":"if","locations":[{"start":{"line":201,"column":12},"end":{"line":205,"column":13}},{"start":{"line":203,"column":19},"end":{"line":205,"column":13}}],"line":201},"19":{"loc":{"start":{"line":210,"column":0},"end":{"line":218,"column":1}},"type":"if","locations":[{"start":{"line":210,"column":0},"end":{"line":218,"column":1}},{"start":{},"end":{}}],"line":210},"20":{"loc":{"start":{"line":212,"column":8},"end":{"line":216,"column":9}},"type":"if","locations":[{"start":{"line":212,"column":8},"end":{"line":216,"column":9}},{"start":{"line":214,"column":15},"end":{"line":216,"column":9}}],"line":212},"21":{"loc":{"start":{"line":221,"column":0},"end":{"line":234,"column":1}},"type":"if","locations":[{"start":{"line":221,"column":0},"end":{"line":234,"column":1}},{"start":{},"end":{}}],"line":221},"22":{"loc":{"start":{"line":224,"column":4},"end":{"line":227,"column":5}},"type":"if","locations":[{"start":{"line":224,"column":4},"end":{"line":227,"column":5}},{"start":{},"end":{}}],"line":224},"23":{"loc":{"start":{"line":231,"column":38},"end":{"line":231,"column":64}},"type":"cond-expr","locations":[{"start":{"line":231,"column":48},"end":{"line":231,"column":55}},{"start":{"line":231,"column":58},"end":{"line":231,"column":64}}],"line":231},"24":{"loc":{"start":{"line":232,"column":34},"end":{"line":232,"column":55}},"type":"cond-expr","locations":[{"start":{"line":232,"column":44},"end":{"line":232,"column":48}},{"start":{"line":232,"column":51},"end":{"line":232,"column":55}}],"line":232},"25":{"loc":{"start":{"line":237,"column":4},"end":{"line":249,"column":5}},"type":"if","locations":[{"start":{"line":237,"column":4},"end":{"line":249,"column":5}},{"start":{"line":243,"column":11},"end":{"line":249,"column":5}}],"line":237},"26":{"loc":{"start":{"line":238,"column":8},"end":{"line":240,"column":9}},"type":"if","locations":[{"start":{"line":238,"column":8},"end":{"line":240,"column":9}},{"start":{},"end":{}}],"line":238},"27":{"loc":{"start":{"line":238,"column":12},"end":{"line":238,"column":62}},"type":"binary-expr","locations":[{"start":{"line":238,"column":12},"end":{"line":238,"column":28}},{"start":{"line":238,"column":32},"end":{"line":238,"column":62}}],"line":238},"28":{"loc":{"start":{"line":243,"column":11},"end":{"line":249,"column":5}},"type":"if","locations":[{"start":{"line":243,"column":11},"end":{"line":249,"column":5}},{"start":{},"end":{}}],"line":243},"29":{"loc":{"start":{"line":244,"column":8},"end":{"line":246,"column":9}},"type":"if","locations":[{"start":{"line":244,"column":8},"end":{"line":246,"column":9}},{"start":{},"end":{}}],"line":244},"30":{"loc":{"start":{"line":244,"column":12},"end":{"line":244,"column":62}},"type":"binary-expr","locations":[{"start":{"line":244,"column":12},"end":{"line":244,"column":28}},{"start":{"line":244,"column":32},"end":{"line":244,"column":62}}],"line":244},"31":{"loc":{"start":{"line":247,"column":23},"end":{"line":247,"column":68}},"type":"binary-expr","locations":[{"start":{"line":247,"column":23},"end":{"line":247,"column":42}},{"start":{"line":247,"column":46},"end":{"line":247,"column":62}},{"start":{"line":247,"column":66},"end":{"line":247,"column":68}}],"line":247},"32":{"loc":{"start":{"line":250,"column":11},"end":{"line":250,"column":33}},"type":"binary-expr","locations":[{"start":{"line":250,"column":11},"end":{"line":250,"column":27}},{"start":{"line":250,"column":31},"end":{"line":250,"column":33}}],"line":250},"33":{"loc":{"start":{"line":259,"column":8},"end":{"line":263,"column":9}},"type":"if","locations":[{"start":{"line":259,"column":8},"end":{"line":263,"column":9}},{"start":{"line":261,"column":15},"end":{"line":263,"column":9}}],"line":259},"34":{"loc":{"start":{"line":288,"column":52},"end":{"line":288,"column":70}},"type":"default-arg","locations":[{"start":{"line":288,"column":60},"end":{"line":288,"column":70}}],"line":288},"35":{"loc":{"start":{"line":291,"column":0},"end":{"line":293,"column":1}},"type":"if","locations":[{"start":{"line":291,"column":0},"end":{"line":293,"column":1}},{"start":{},"end":{}}],"line":291},"36":{"loc":{"start":{"line":294,"column":4},"end":{"line":294,"column":51}},"type":"if","locations":[{"start":{"line":294,"column":4},"end":{"line":294,"column":51}},{"start":{},"end":{}}],"line":294},"37":{"loc":{"start":{"line":312,"column":12},"end":{"line":318,"column":13}},"type":"if","locations":[{"start":{"line":312,"column":12},"end":{"line":318,"column":13}},{"start":{"line":315,"column":19},"end":{"line":318,"column":13}}],"line":312},"38":{"loc":{"start":{"line":323,"column":12},"end":{"line":323,"column":35}},"type":"if","locations":[{"start":{"line":323,"column":12},"end":{"line":323,"column":35}},{"start":{},"end":{}}],"line":323},"39":{"loc":{"start":{"line":327,"column":12},"end":{"line":330,"column":13}},"type":"if","locations":[{"start":{"line":327,"column":12},"end":{"line":330,"column":13}},{"start":{},"end":{}}],"line":327},"40":{"loc":{"start":{"line":333,"column":12},"end":{"line":336,"column":13}},"type":"if","locations":[{"start":{"line":333,"column":12},"end":{"line":336,"column":13}},{"start":{},"end":{}}],"line":333},"41":{"loc":{"start":{"line":347,"column":0},"end":{"line":347,"column":50}},"type":"if","locations":[{"start":{"line":347,"column":0},"end":{"line":347,"column":50}},{"start":{},"end":{}}],"line":347},"42":{"loc":{"start":{"line":349,"column":4},"end":{"line":349,"column":48}},"type":"if","locations":[{"start":{"line":349,"column":4},"end":{"line":349,"column":48}},{"start":{},"end":{}}],"line":349},"43":{"loc":{"start":{"line":351,"column":4},"end":{"line":354,"column":5}},"type":"if","locations":[{"start":{"line":351,"column":4},"end":{"line":354,"column":5}},{"start":{},"end":{}}],"line":351},"44":{"loc":{"start":{"line":359,"column":1},"end":{"line":359,"column":51}},"type":"if","locations":[{"start":{"line":359,"column":1},"end":{"line":359,"column":51}},{"start":{},"end":{}}],"line":359},"45":{"loc":{"start":{"line":361,"column":4},"end":{"line":361,"column":51}},"type":"if","locations":[{"start":{"line":361,"column":4},"end":{"line":361,"column":51}},{"start":{},"end":{}}],"line":361},"46":{"loc":{"start":{"line":363,"column":4},"end":{"line":363,"column":60}},"type":"if","locations":[{"start":{"line":363,"column":4},"end":{"line":363,"column":60}},{"start":{},"end":{}}],"line":363},"47":{"loc":{"start":{"line":365,"column":8},"end":{"line":365,"column":38}},"type":"if","locations":[{"start":{"line":365,"column":8},"end":{"line":365,"column":38}},{"start":{},"end":{}}],"line":365},"48":{"loc":{"start":{"line":372,"column":4},"end":{"line":372,"column":48}},"type":"if","locations":[{"start":{"line":372,"column":4},"end":{"line":372,"column":48}},{"start":{},"end":{}}],"line":372},"49":{"loc":{"start":{"line":374,"column":4},"end":{"line":374,"column":20}},"type":"if","locations":[{"start":{"line":374,"column":4},"end":{"line":374,"column":20}},{"start":{},"end":{}}],"line":374},"50":{"loc":{"start":{"line":376,"column":16},"end":{"line":378,"column":70}},"type":"cond-expr","locations":[{"start":{"line":377,"column":6},"end":{"line":377,"column":89}},{"start":{"line":378,"column":6},"end":{"line":378,"column":70}}],"line":376},"51":{"loc":{"start":{"line":383,"column":4},"end":{"line":388,"column":5}},"type":"if","locations":[{"start":{"line":383,"column":4},"end":{"line":388,"column":5}},{"start":{},"end":{}}],"line":383},"52":{"loc":{"start":{"line":395,"column":8},"end":{"line":395,"column":72}},"type":"if","locations":[{"start":{"line":395,"column":8},"end":{"line":395,"column":72}},{"start":{},"end":{}}],"line":395},"53":{"loc":{"start":{"line":408,"column":4},"end":{"line":412,"column":5}},"type":"if","locations":[{"start":{"line":408,"column":4},"end":{"line":412,"column":5}},{"start":{},"end":{}}],"line":408},"54":{"loc":{"start":{"line":408,"column":8},"end":{"line":408,"column":48}},"type":"binary-expr","locations":[{"start":{"line":408,"column":8},"end":{"line":408,"column":12}},{"start":{"line":408,"column":16},"end":{"line":408,"column":48}}],"line":408},"55":{"loc":{"start":{"line":411,"column":8},"end":{"line":411,"column":45}},"type":"if","locations":[{"start":{"line":411,"column":8},"end":{"line":411,"column":45}},{"start":{},"end":{}}],"line":411},"56":{"loc":{"start":{"line":419,"column":4},"end":{"line":419,"column":47}},"type":"if","locations":[{"start":{"line":419,"column":4},"end":{"line":419,"column":47}},{"start":{},"end":{}}],"line":419},"57":{"loc":{"start":{"line":423,"column":4},"end":{"line":423,"column":58}},"type":"if","locations":[{"start":{"line":423,"column":4},"end":{"line":423,"column":58}},{"start":{},"end":{}}],"line":423},"58":{"loc":{"start":{"line":423,"column":8},"end":{"line":423,"column":44}},"type":"binary-expr","locations":[{"start":{"line":423,"column":8},"end":{"line":423,"column":24}},{"start":{"line":423,"column":28},"end":{"line":423,"column":44}}],"line":423},"59":{"loc":{"start":{"line":424,"column":4},"end":{"line":427,"column":5}},"type":"if","locations":[{"start":{"line":424,"column":4},"end":{"line":427,"column":5}},{"start":{},"end":{}}],"line":424},"60":{"loc":{"start":{"line":434,"column":8},"end":{"line":434,"column":30}},"type":"if","locations":[{"start":{"line":434,"column":8},"end":{"line":434,"column":30}},{"start":{},"end":{}}],"line":434},"61":{"loc":{"start":{"line":442,"column":39},"end":{"line":442,"column":59}},"type":"cond-expr","locations":[{"start":{"line":442,"column":48},"end":{"line":442,"column":54}},{"start":{"line":442,"column":57},"end":{"line":442,"column":59}}],"line":442},"62":{"loc":{"start":{"line":443,"column":43},"end":{"line":443,"column":61}},"type":"cond-expr","locations":[{"start":{"line":443,"column":52},"end":{"line":443,"column":55}},{"start":{"line":443,"column":58},"end":{"line":443,"column":61}}],"line":443},"63":{"loc":{"start":{"line":448,"column":25},"end":{"line":448,"column":52}},"type":"cond-expr","locations":[{"start":{"line":448,"column":37},"end":{"line":448,"column":39}},{"start":{"line":448,"column":42},"end":{"line":448,"column":52}}],"line":448},"64":{"loc":{"start":{"line":449,"column":25},"end":{"line":449,"column":77}},"type":"cond-expr","locations":[{"start":{"line":449,"column":37},"end":{"line":449,"column":39}},{"start":{"line":449,"column":42},"end":{"line":449,"column":77}}],"line":449},"65":{"loc":{"start":{"line":450,"column":34},"end":{"line":450,"column":76}},"type":"cond-expr","locations":[{"start":{"line":450,"column":68},"end":{"line":450,"column":71}},{"start":{"line":450,"column":74},"end":{"line":450,"column":76}}],"line":450},"66":{"loc":{"start":{"line":466,"column":0},"end":{"line":481,"column":1}},"type":"if","locations":[{"start":{"line":466,"column":0},"end":{"line":481,"column":1}},{"start":{},"end":{}}],"line":466},"67":{"loc":{"start":{"line":466,"column":4},"end":{"line":466,"column":24}},"type":"binary-expr","locations":[{"start":{"line":466,"column":4},"end":{"line":466,"column":13}},{"start":{"line":466,"column":17},"end":{"line":466,"column":24}}],"line":466},"68":{"loc":{"start":{"line":467,"column":1},"end":{"line":470,"column":5}},"t
[...]
"line":832,"column":26}},{"start":{"line":832,"column":30},"end":{"line":832,"column":59}}],"line":832},"139":{"loc":{"start":{"line":838,"column":16},"end":{"line":846,"column":17}},"type":"if","locations":[{"start":{"line":838,"column":16},"end":{"line":846,"column":17}},{"start":{},"end":{}}],"line":838},"140":{"loc":{"start":{"line":839,"column":20},"end":{"line":845,"column":21}},"type":"if","locations":[{"start":{"line":839,"column":20},"end":{"line":845,"column":21}},{"start":{"line":842,"column":27},"end":{"line":845,"column":21}}],"line":839},"141":{"loc":{"start":{"line":851,"column":16},"end":{"line":870,"column":17}},"type":"if","locations":[{"start":{"line":851,"column":16},"end":{"line":870,"column":17}},{"start":{"line":867,"column":23},"end":{"line":870,"column":17}}],"line":851},"142":{"loc":{"start":{"line":853,"column":20},"end":{"line":866,"column":21}},"type":"if","locations":[{"start":{"line":853,"column":20},"end":{"line":866,"column":21}},{"start":{"line":864,"column":27},"end":{"line":866,"column":21}}],"line":853},"143":{"loc":{"start":{"line":856,"column":3},"end":{"line":856,"column":83}},"type":"if","locations":[{"start":{"line":856,"column":3},"end":{"line":856,"column":83}},{"start":{},"end":{}}],"line":856},"144":{"loc":{"start":{"line":857,"column":20},"end":{"line":857,"column":94}},"type":"if","locations":[{"start":{"line":857,"column":20},"end":{"line":857,"column":94}},{"start":{},"end":{}}],"line":857},"145":{"loc":{"start":{"line":874,"column":16},"end":{"line":874,"column":53}},"type":"if","locations":[{"start":{"line":874,"column":16},"end":{"line":874,"column":53}},{"start":{},"end":{}}],"line":874},"146":{"loc":{"start":{"line":874,"column":20},"end":{"line":874,"column":44}},"type":"binary-expr","locations":[{"start":{"line":874,"column":20},"end":{"line":874,"column":32}},{"start":{"line":874,"column":36},"end":{"line":874,"column":44}}],"line":874},"147":{"loc":{"start":{"line":875,"column":2},"end":{"line":875,"column":29}},"type":"if","locations":[{"start":{"line":875,"column":2},"end":{"line":875,"column":29}},{"start":{},"end":{}}],"line":875},"148":{"loc":{"start":{"line":880,"column":16},"end":{"line":886,"column":17}},"type":"if","locations":[{"start":{"line":880,"column":16},"end":{"line":886,"column":17}},{"start":{},"end":{}}],"line":880},"149":{"loc":{"start":{"line":888,"column":16},"end":{"line":906,"column":17}},"type":"if","locations":[{"start":{"line":888,"column":16},"end":{"line":906,"column":17}},{"start":{},"end":{}}],"line":888},"150":{"loc":{"start":{"line":893,"column":24},"end":{"line":897,"column":25}},"type":"if","locations":[{"start":{"line":893,"column":24},"end":{"line":897,"column":25}},{"start":{},"end":{}}],"line":893},"151":{"loc":{"start":{"line":899,"column":20},"end":{"line":905,"column":21}},"type":"if","locations":[{"start":{"line":899,"column":20},"end":{"line":905,"column":21}},{"start":{},"end":{}}],"line":899},"152":{"loc":{"start":{"line":902,"column":24},"end":{"line":902,"column":56}},"type":"if","locations":[{"start":{"line":902,"column":24},"end":{"line":902,"column":56}},{"start":{},"end":{}}],"line":902},"153":{"loc":{"start":{"line":908,"column":16},"end":{"line":914,"column":17}},"type":"if","locations":[{"start":{"line":908,"column":16},"end":{"line":914,"column":17}},{"start":{},"end":{}}],"line":908},"154":{"loc":{"start":{"line":909,"column":20},"end":{"line":913,"column":21}},"type":"if","locations":[{"start":{"line":909,"column":20},"end":{"line":913,"column":21}},{"start":{},"end":{}}],"line":909},"155":{"loc":{"start":{"line":909,"column":24},"end":{"line":909,"column":89}},"type":"binary-expr","locations":[{"start":{"line":909,"column":24},"end":{"line":909,"column":59}},{"start":{"line":909,"column":63},"end":{"line":909,"column":89}}],"line":909},"156":{"loc":{"start":{"line":922,"column":12},"end":{"line":922,"column":92}},"type":"if","locations":[{"start":{"line":922,"column":12},"end":{"line":922,"column":92}},{"start":{},"end":{}}],"line":922},"157":{"loc":{"start":{"line":923,"column":12},"end":{"line":923,"column":86}},"type":"if","locations":[{"start":{"line":923,"column":12},"end":{"line":923,"column":86}},{"start":{},"end":{}}],"line":923},"158":{"loc":{"start":{"line":947,"column":4},"end":{"line":955,"column":5}},"type":"if","locations":[{"start":{"line":947,"column":4},"end":{"line":955,"column":5}},{"start":{},"end":{}}],"line":947},"159":{"loc":{"start":{"line":948,"column":8},"end":{"line":952,"column":29}},"type":"binary-expr","locations":[{"start":{"line":948,"column":9},"end":{"line":948,"column":13}},{"start":{"line":948,"column":17},"end":{"line":948,"column":28}},{"start":{"line":949,"column":9},"end":{"line":949,"column":13}},{"start":{"line":949,"column":17},"end":{"line":949,"column":22}},{"start":{"line":949,"column":26},"end":{"line":949,"column":37}},{"start":{"line":950,"column":9},"end":{"line":950,"column":12}},{"start":{"line":950,"column":16},"end":{"line":950,"column":28}},{"start":{"line":951,"column":8},"end":{"line":951,"column":20}},{"start":{"line":952,"column":9},"end":{"line":952,"column":13}},{"start":{"line":952,"column":17},"end":{"line":952,"column":28}}],"line":948},"160":{"loc":{"start":{"line":958,"column":4},"end":{"line":964,"column":5}},"type":"if","locations":[{"start":{"line":958,"column":4},"end":{"line":964,"column":5}},{"start":{},"end":{}}],"line":958},"161":{"loc":{"start":{"line":959,"column":8},"end":{"line":961,"column":27}},"type":"binary-expr","locations":[{"start":{"line":959,"column":9},"end":{"line":959,"column":12}},{"start":{"line":959,"column":16},"end":{"line":959,"column":35}},{"start":{"line":960,"column":9},"end":{"line":960,"column":12}},{"start":{"line":960,"column":16},"end":{"line":960,"column":36}},{"start":{"line":961,"column":8},"end":{"line":961,"column":27}}],"line":959},"162":{"loc":{"start":{"line":967,"column":4},"end":{"line":975,"column":5}},"type":"if","locations":[{"start":{"line":967,"column":4},"end":{"line":975,"column":5}},{"start":{},"end":{}}],"line":967},"163":{"loc":{"start":{"line":968,"column":8},"end":{"line":972,"column":40}},"type":"binary-expr","locations":[{"start":{"line":968,"column":9},"end":{"line":968,"column":13}},{"start":{"line":968,"column":17},"end":{"line":968,"column":28}},{"start":{"line":969,"column":9},"end":{"line":969,"column":13}},{"start":{"line":969,"column":17},"end":{"line":969,"column":28}},{"start":{"line":970,"column":9},"end":{"line":970,"column":13}},{"start":{"line":970,"column":17},"end":{"line":970,"column":22}},{"start":{"line":970,"column":26},"end":{"line":970,"column":37}},{"start":{"line":971,"column":9},"end":{"line":971,"column":13}},{"start":{"line":971,"column":17},"end":{"line":971,"column":30}},{"start":{"line":972,"column":9},"end":{"line":972,"column":13}},{"start":{"line":972,"column":17},"end":{"line":972,"column":22}},{"start":{"line":972,"column":26},"end":{"line":972,"column":39}}],"line":968},"164":{"loc":{"start":{"line":978,"column":4},"end":{"line":983,"column":5}},"type":"if","locations":[{"start":{"line":978,"column":4},"end":{"line":983,"column":5}},{"start":{},"end":{}}],"line":978},"165":{"loc":{"start":{"line":979,"column":8},"end":{"line":980,"column":21}},"type":"binary-expr","locations":[{"start":{"line":979,"column":8},"end":{"line":979,"column":21}},{"start":{"line":980,"column":8},"end":{"line":980,"column":21}}],"line":979},"166":{"loc":{"start":{"line":986,"column":4},"end":{"line":993,"column":5}},"type":"if","locations":[{"start":{"line":986,"column":4},"end":{"line":993,"column":5}},{"start":{},"end":{}}],"line":986},"167":{"loc":{"start":{"line":987,"column":8},"end":{"line":990,"column":29}},"type":"binary-expr","locations":[{"start":{"line":987,"column":9},"end":{"line":987,"column":13}},{"start":{"line":987,"column":17},"end":{"line":987,"column":28}},{"start":{"line":988,"column":9},"end":{"line":988,"column":13}},{"start":{"line":988,"column":17},"end":{"line":988,"column":28}},{"start":{"line":989,"column":9},"end":{"line":989,"column":13}},{"start":{"line":989,"column":17},"end":{"line":989,"column":28}},{"start":{"line":990,"column":9},"end":{"line":990,"column":13}},{"start":{"line":990,"column":17},"end":{"line":990,"column":28}}],"line":987},"168":{"loc":{"start":{"line":996,"column":4},"end":{"line":1002,"column":5}},"type":"if","locations":[{"start":{"line":996,"column":4},"end":{"line":1002,"column":5}},{"start":{},"end":{}}],"line":996},"169":{"loc":{"start":{"line":997,"column":8},"end":{"line":999,"column":29}},"type":"binary-expr","locations":[{"start":{"line":997,"column":9},"end":{"line":997,"column":13}},{"start":{"line":997,"column":17},"end":{"line":997,"column":28}},{"start":{"line":998,"column":9},"end":{"line":998,"column":13}},{"start":{"line":998,"column":17},"end":{"line":998,"column":28}},{"start":{"line":999,"column":9},"end":{"line":999,"column":13}},{"start":{"line":999,"column":17},"end":{"line":999,"column":28}}],"line":997},"170":{"loc":{"start":{"line":1006,"column":4},"end":{"line":1008,"column":5}},"type":"if","locations":[{"start":{"line":1006,"column":4},"end":{"line":1008,"column":5}},{"start":{},"end":{}}],"line":1006},"171":{"loc":{"start":{"line":1006,"column":8},"end":{"line":1006,"column":20}},"type":"binary-expr","locations":[{"start":{"line":1006,"column":8},"end":{"line":1006,"column":12}},{"start":{"line":1006,"column":16},"end":{"line":1006,"column":20}}],"line":1006},"172":{"loc":{"start":{"line":1020,"column":8},"end":{"line":1023,"column":9}},"type":"if","locations":[{"start":{"line":1020,"column":8},"end":{"line":1023,"column":9}},{"start":{},"end":{}}],"line":1020},"173":{"loc":{"start":{"line":1027,"column":12},"end":{"line":1027,"column":33}},"type":"if","locations":[{"start":{"line":1027,"column":12},"end":{"line":1027,"column":33}},{"start":{},"end":{}}],"line":1027},"174":{"loc":{"start":{"line":1036,"column":4},"end":{"line":1036,"column":45}},"type":"if","locations":[{"start":{"line":1036,"column":4},"end":{"line":1036,"column":45}},{"start":{},"end":{}}],"line":1036},"175":{"loc":{"start":{"line":1054,"column":12},"end":{"line":1054,"column":49}},"type":"if","locations":[{"start":{"line":1054,"column":12},"end":{"line":1054,"column":49}},{"start":{},"end":{}}],"line":1054},"176":{"loc":{"start":{"line":1054,"column":16},"end":{"line":1054,"column":40}},"type":"binary-expr","locations":[{"start":{"line":1054,"column":16},"end":{"line":1054,"column":28}},{"start":{"line":1054,"column":32},"end":{"line":1054,"column":40}}],"line":1054},"177":{"loc":{"start":{"line":1058,"column":12},"end":{"line":1058,"column":54}},"type":"if","locations":[{"start":{"line":1058,"column":12},"end":{"line":1058,"column":54}},{"start":{},"end":{}}],"line":1058},"178":{"loc":{"start":{"line":1058,"column":16},"end":{"line":1058,"column":45}},"type":"binary-expr","locations":[{"start":{"line":1058,"column":16},"end":{"line":1058,"column":30}},{"start":{"line":1058,"column":34},"end":{"line":1058,"column":45}}],"line":1058},"179":{"loc":{"start":{"line":1067,"column":12},"end":{"line":1094,"column":13}},"type":"if","locations":[{"start":{"line":1067,"column":12},"end":{"line":1094,"column":13}},{"start":{"line":1091,"column":19},"end":{"line":1094,"column":13}}],"line":1067},"180":{"loc":{"start":{"line":1069,"column":16},"end":{"line":1072,"column":17}},"type":"if","locations":[{"start":{"line":1069,"column":16},"end":{"line":1072,"column":17}},{"start":{},"end":{}}],"line":1069},"181":{"loc":{"start":{"line":1077,"column":16},"end":{"line":1090,"column":17}},"type":"if","locations":[{"start":{"line":1077,"column":16},"end":{"line":1090,"column":17}},{"start":{},"end":{}}],"line":1077}},"s":{"0":1,"1":1,"2":1,"3":1,"4":1,"5":1,"6":1,"7":1,"8":1,"9":1,"10":3,"11":3,"12":3,"13":3,"14":1,"15":1,"16":1,"17":1,"18":1,"19":1,"20":1,"21":1,"22":1,"23":0,"24":0,"25":0,"26":0,"27":0,"28":0,"29":0,"30":0,"31":1,"32":2,"33":1,"34":4,"35":4,"36":2,"37":2,"38":2,"39":1,"40":1,"41":1,"42":1,"43":0,"44":0,"45":0,"46":0,"47":0,"48":1,"49":1,"50":0,"51":1,"52":1,"53":1,"54":1,"55":0,"56":0,"57":0,"58":0,"59":1,"60":0,"61":0,"62":0,"63":0,"64":0,"65":0,"66":1,"67":1,"68":1,"69":1,"70":1,"71":1,"72":1,"73":1,"74":1,"75":1,"76":1,"77":1,"78":1,"79":11,"80":2,"81":9,"82":1,"83":2,"84":2,"85":2,"86":2,"87":2,"88":20,"89":20,"90":1,"91":0,"92":0,"93":1,"94":0,"95":0,"96":0,"97":0,"98":1,"99":1,"100":0,"101":0,"102":0,"103":0,"104":1,"105":1,"106":1,"107":1,"108":0,"109":0,"110":1,"111":0,"112":0,"113":0,"114":0,"115":1,"116":9,"117":3,"118":1,"119":2,"120":2,"121":2,"122":6,"123":4,"124":1,"125":3,"126":3,"127":2,"128":1,"129":0,"130":0,"131":0,"132":0,"133":0,"134":0,"135":1,"136":1,"137":1,"138":1,"139":1,"140":1,"141":1,"142":1,"143":1,"144":1,"145":1,"146":1,"147":1,"148":1,"149":1,"150":1,"151":1,"152":1,"153":1,"154":0,"155":0,"156":0,"157":0,"158":0,"159":0,"160":0,"161":0,"162":0,"163":0,"164":0,"165":0,"166":0,"167":0,"168":0,"169":0,"170":0,"171":0,"172":0,"173":0,"174":0,"175":0,"176":0,"177":0,"178":0,"179":0,"180":0,"181":0,"182":0,"183":0,"184":0,"185":0,"186":0,"187":0,"188":0,"189":0,"190":0,"191":0,"192":0,"193":1,"194":1,"195":1,"196":1,"197":1,"198":0,"199":1,"200":1,"201":1,"202":1,"203":1,"204":0,"205":0,"206":0,"207":0,"208":0,"209":0,"210":0,"211":0,"212":0,"213":0,"214":0,"215":0,"216":1,"217":0,"218":0,"219":0,"220":0,"221":0,"222":0,"223":0,"224":0,"225":0,"226":0,"227":0,"228":0,"229":0,"230":0,"231":0,"232":0,"233":1,"234":1,"235":1,"236":0,"237":1,"238":0,"239":0,"240":0,"241":1,"242":0,"243":0,"244":0,"245":0,"246":0,"247":0,"248":1,"249":0,"250":0,"251":0,"252":0,"253":0,"254":1,"255":5,"256":1,"257":4,"258":2,"259":2,"260":2,"261":2,"262":4,"263":1,"264":1,"265":1,"266":0,"267":1,"268":1,"269":0,"270":0,"271":0,"272":0,"273":1,"274":1,"275":0,"276":0,"277":0,"278":0,"279":0,"280":0,"281":0,"282":0,"283":0,"284":0,"285":0,"286":0,"287":0,"288":0,"289":0,"290":0,"291":0,"292":0,"293":0,"294":0,"295":0,"296":0,"297":0,"298":0,"299":0,"300":0,"301":0,"302":0,"303":0,"304":0,"305":0,"306":0,"307":1,"308":1,"309":1,"310":1,"311":1,"312":0,"313":0,"314":1,"315":1,"316":1,"317":0,"318":0,"319":0,"320":0,"321":0,"322":0,"323":0,"324":0,"325":0,"326":0,"327":0,"328":0,"329":0,"330":0,"331":0,"332":1,"333":0,"334":0,"335":0,"336":0,"337":0,"338":0,"339":0,"340":0,"341":0,"342":0,"343":0,"344":0,"345":0,"346":0,"347":0,"348":0,"349":0,"350":0,"351":0,"352":0,"353":0,"354":0,"355":0,"356":0,"357":0,"358":0,"359":0,"360":0,"361":0,"362":0,"363":0,"364":0,"365":0,"366":0,"367":0,"368":0,"369":0,"370":0,"371":0,"372":0,"373":0,"374":0,"375":0,"376":0,"377":0,"378":0,"379":0,"380":0,"381":0,"382":0,"383":0,"384":0,"385":0,"386":0,"387":0,"388":0,"389":0,"390":0,"391":0,"392":0,"393":0,"394":0,"395":0,"396":0,"397":0,"398":0,"399":1,"400":0,"401":0,"402":0,"403":0,"404":0,"405":0,"406":0,"407":0,"408":0,"409":0,"410":0,"411":0,"412":0,"413":0,"414":0,"415":0,"416":1,"417":12,"418":12,"419":6,"420":6,"421":3,"422":3,"423":3,"424":1,"425":4,"426":4,"427":1,"428":3,"429":1,"430":2,"431":1,"432":0,"433":0,"434":0,"435":0,"436":0,"437":0,"438":0,"439":0,"440":0,"441":0,"442":0,"443":0,"444":0,"445":0,"446":0,"447":0,"448":0,"449":0,"450":0,"451":0,"452":0,"453":0,"454":0,"455":0,"456":0,"457":0,"458":0,"459":0,"460":0,"461":0,"462":0,"463":0,"464":0,"465":0,"466":0,"467":0,"468":0,"469":0,"470":0,"471":0,"472":0,"473":0,"474":0,"475":0,"476":0,"477":0,"478":0,"479":0,"480":0,"481":0,"482":0,"483":0,"484":0,"485":0,"486":0,"487":0,"488":0,"489":0,"490":0,"491":0,"492":0,"493":0,"494":0,"495":0,"496":0,"497":0,"498":0,"499":0,"500":0,"501":0,"502":0,"503":0,"504":0,"505":0,"506":0,"507":0,"508":0,"509":0,"510":0,"511":0,"512":0,"513":0,"514":0,"515":0,"516":0,"517":0,"518":0,"519":0,"520":0,"521":0,"522":0,"523":0,"524":0,"525":0,"526":0,"527":0,"528":0,"529":0,"530":0,"531":0,"532":0,"533":0,"534":0,"535":0,"536":0,"537":0,"538":0,"539":0,"540":0,"541":0,"542":0,"543":0,"544":0,"545":0,"546":0,"547":0,"548":0,"549":0,"550":0,"551":0,"552":0,"553":0,"554":0,"555":0,"556":0,"557":0,"558":0,"559":0,"560":0,"561":0,"562":0,"563":0,"564":0,"565":0,"566":0,"567":0,"568":0,"569":0,"570":0,"571":0,"572":0,"573":0,"574":0,"575":0,"576":0,"577":0,"578":0,"579":0,"580":0,"581":0,"582":0,"583":0,"584":0,"585":0,"586":0,"587":0,"588":0,"589":0,"590":0,"591":0,"592":0,"593":0,"594":0,"595":0,"596":0,"597":0,"598":0,"599":0,"600":0,"601":0,"602":0,"603":0,"604":0,"605":0,"606":0,"607":1,"608":11,"609":11,"610":11,"611":11,"612":11,"613":11,"614":4,"615":4,"616":4,"617":7,"618":2,"619":2,"620":2,"621":5,"622":1,"623":1,"624":1,"625":4,"626":1,"627":1,"628":1,"629":3,"630":1,"631":1,"632":1,"633":2,"634":1,"635":1,"636":1,"637":1,"638":0,"639":1,"640":0,"641":0,"642":0,"643":0,"644":0,"645":0,"646":0,"647":0,"648":0,"649":0,"650":0,"651":0,"652":0,"653":0,"654":0,"655":0,"656":0,"657":0,"658":0,"659":0,"660":0,"661":0,"662":0,"663":0,"664":0,"665":0,"666":0,"667":0,"668":0,"669":0,"670":0,"671":0,"672":0,"673":0,"674":0,"675":0,"676":0,"677":0,"678":0,"679":0,"680":0,"681":0,"682":0,"683":0,"684":0,"685":0,"686":0,"687":0,"688":0,"689":0},"f":{"0":1,"1":0,"2":0,"3":2,"4":4,"5":1,"6":0,"7":1,"8":0,"9":0,"10":0,"11":0,"12":11,"13":2,"14":0,"15":0,"16":0,"17":9,"18":2,"19":0,"20":1,"21":1,"22":1,"23":0,"24":0,"25":0,"26":0,"27":0,"28":0,"29":1,"30":0,"31":0,"32":0,"33":0,"34":1,"35":0,"36":0,"37":0,"38":5,"39":4,"40":1,"41":0,"42":0,"43":0,"44":0,"45":1,"46":0,"47":0,"48":0,"49":0,"50":0,"51":0,"52":0,"53":0,"54":0,"55":0,"56":0,"57":0,"58":0,"59":0,"60":0,"61":12,"62":4,"63":0,"64":0,"65":0,"66":0,"67":0,"68":0,"69":0,"70":0,"71":0,"72":0,"73":0,"74":11,"75":0,"76":0,"77":0,"78":0,"79":0,"80":0,"81":0,"82":0},"b":{"0":[1,1],"1":[0,0],"2":[0,0],"3":[2,2],"4":[0,0],"5":[0,1],"6":[1,1],"7":[0,1],"8":[0,1],"9":[0,0],"10":[0,0],"11":[2,9],"12":[11,10],"13":[9,4],"14":[22,21],"15":[0,1],"16":[1,1],"17":[0,1],"18":[0,0],"19":[0,1],"20":[0,0],"21":[1,0],"22":[0,1],"23":[0,0],"24":[0,0],"25":[3,6],"26":[1,2],"27":[3,1],"28":[4,2],"29":[1,3],"30":[4,1],"31":[3,1,1],"32":[2,1],"33":[0,0],"34":[0],"35":[0,0],"36":[0,0],"37":[0,0],"38":[0,0],"39":[0,0],"40":[0,0],"41":[1,0],"42":[0,1],"43":[1,0],"44":[0,0],"45":[0,0],"46":[0,0],"47":[0,0],"48":[0,0],"49":[0,0],"50":[0,0],"51":[0,0],"52":[0,1],"53":[0,0],"54":[0,0],"55":[0,0],"56":[0,0],"57":[1,4],"58":[5,3],"59":[2,2],"60":[0,1],"61":[0,0],"62":[0,0],"63":[0,0],"64":[0,0],"65":[0,0],"66":[0,0],"67":[0,0],"68":[0,0],"69":[0,0],"70":[0,0],"71":[0,0],"72":[0,0],"73":[0,0],"74":[0,0,0],"75":[0,0],"76":[0,0],"77":[0,0],"78":[0,1],"79":[1,0],"80":[0,0],"81":[0,1],"82":[0,0],"83":[0,0],"84":[0],"85":[0,0],"86":[0,0],"87":[0,0],"88":[0,0],"89":[0,0],"90":[0,0],"91":[0,0],"92":[0,0],"93":[0,0],"94":[0,0],"95":[0,0],"96":[0,0],"97":[0,0],"98":[0,0],"99":[0,0],"100":[0,0],"101":[0,0],"102":[0,0,0],"103":[0,0],"104":[0,0],"105":[6,6],"106":[3,3],"107":[6,3],"108":[3,1],"109":[1,3],"110":[1,2],"111":[3,2],"112":[0,0],"113":[0,0],"114":[0,0],"115":[0,0],"116":[0,0],"117":[0,0],"118":[0,0],"119":[0,0],"120":[0,0,0],"121":[0,0],"122":[0,0],"123":[0,0],"124":[0,0],"125":[0,0],"126":[0,0],"127":[0,0],"128":[0,0],"129":[0,0],"130":[0,0],"131":[0,0],"132":[0,0],"133":[0,0],"134":[0,0],"135":[0,0],"136":[0,0],"137":[0,0],"138":[0,0],"139":[0,0],"140":[0,0],"141":[0,0],"142":[0,0],"143":[0,0],"144":[0,0],"145":[0,0],"146":[0,0],"147":[0,0],"148":[0,0],"149":[0,0],"150":[0,0],"151":[0,0],"152":[0,0],"153":[0,0],"154":[0,0],"155":[0,0],"156":[0,0],"157":[0,0],"158":[4,7],"159":[11,6,10,5,1,9,1,9,8,4],"160":[2,5],"161":[7,1,6,0,6],"162":[1,4],"163":[5,3,4,2,4,2,0,4,2,4,2,0],"164":[1,3],"165":[4,4],"166":[1,2],"167":[3,2,2,1,2,1,2,1],"168":[1,1],"169":[2,1,1,0,1,0],"170":[0,1],"171":[1,1],"172":[0,0],"173":[0,0],"174":[0,0],"175":[0,0],"176":[0,0],"177":[0,0],"178":[0,0],"179":[0,0],"180":[0,0],"181":[0,0]},"_coverageSchema":"1a1c01bbd47fc00a2c39e90264f33305004495a9","hash":"82e1538e02531d005e07b3b86db410e88075abdc"}
}
