TN:
SF:script.js
FN:1,(anonymous_0)
FN:31,(anonymous_1)
FN:35,(anonymous_2)
FN:39,(anonymous_3)
FN:44,(anonymous_4)
FN:51,(anonymous_5)
FN:56,(anonymous_6)
FN:69,(anonymous_7)
FN:77,(anonymous_8)
FN:77,(anonymous_9)
FN:79,(anonymous_10)
FN:91,(anonymous_11)
FN:93,(anonymous_12)
FN:111,(anonymous_13)
FN:119,(anonymous_14)
FN:121,(anonymous_15)
FN:209,(anonymous_16)
FN:215,(anonymous_17)
FN:233,(anonymous_18)
FN:244,(anonymous_19)
FN:261,(anonymous_20)
FN:269,(anonymous_21)
FN:274,(anonymous_22)
FN:289,(anonymous_23)
FN:300,(anonymous_24)
FN:314,(anonymous_25)
FN:316,(anonymous_26)
FN:321,(anonymous_27)
FN:328,(anonymous_28)
FN:341,renderPage
FN:354,closeModal
FN:359,(anonymous_31)
FN:365,(anonymous_32)
FN:379,(anonymous_33)
FN:391,(anonymous_34)
FN:397,(anonymous_35)
FN:403,(anonymous_36)
FN:434,(anonymous_37)
FN:442,fetchNavigationData
FN:456,(anonymous_39)
FN:466,(anonymous_40)
FN:467,(anonymous_41)
FN:472,(anonymous_42)
FN:476,(anonymous_43)
FN:482,(anonymous_44)
FN:489,(anonymous_45)
FN:495,(anonymous_46)
FN:510,(anonymous_47)
FN:548,(anonymous_48)
FN:561,(anonymous_49)
FN:565,(anonymous_50)
FN:592,fetchLevelTasks
FN:608,(anonymous_52)
FN:620,startLevelSequence
FN:625,(anonymous_54)
FN:625,(anonymous_55)
FN:655,(anonymous_56)
FN:684,(anonymous_57)
FN:687,(anonymous_58)
FN:688,(anonymous_59)
FN:688,(anonymous_60)
FN:690,(anonymous_61)
FN:706,(anonymous_62)
FN:714,(anonymous_63)
FN:720,(anonymous_64)
FN:734,(anonymous_65)
FN:743,(anonymous_66)
FN:772,(anonymous_67)
FN:781,(anonymous_68)
FN:782,(anonymous_69)
FN:787,(anonymous_70)
FN:788,(anonymous_71)
FN:788,(anonymous_72)
FN:789,(anonymous_73)
FN:789,(anonymous_74)
FN:798,render
FN:832,(anonymous_76)
FN:841,(anonymous_77)
FN:856,onKeyDown
FN:879,(anonymous_79)
FN:939,(anonymous_80)
FN:952,onKeyUp
FN:1005,(anonymous_82)
FN:1018,(anonymous_83)
FN:1091,(anonymous_84)
FN:1092,(anonymous_85)
FN:1105,updateDisplay
FN:1113,showErrorChar
FN:1122,(anonymous_88)
FN:1128,setDisplayColor
FN:1132,onKeyDown
FN:1165,(anonymous_91)
FNF:92
FNH:58
FNDA:1,(anonymous_0)
FNDA:0,(anonymous_1)
FNDA:0,(anonymous_2)
FNDA:2,(anonymous_3)
FNDA:4,(anonymous_4)
FNDA:2,(anonymous_5)
FNDA:0,(anonymous_6)
FNDA:0,(anonymous_7)
FNDA:0,(anonymous_8)
FNDA:0,(anonymous_9)
FNDA:0,(anonymous_10)
FNDA:3,(anonymous_11)
FNDA:1,(anonymous_12)
FNDA:0,(anonymous_13)
FNDA:0,(anonymous_14)
FNDA:0,(anonymous_15)
FNDA:17,(anonymous_16)
FNDA:16,(anonymous_17)
FNDA:0,(anonymous_18)
FNDA:0,(anonymous_19)
FNDA:0,(anonymous_20)
FNDA:7,(anonymous_21)
FNDA:2,(anonymous_22)
FNDA:0,(anonymous_23)
FNDA:1,(anonymous_24)
FNDA:1,(anonymous_25)
FNDA:1,(anonymous_26)
FNDA:6,(anonymous_27)
FNDA:10,(anonymous_28)
FNDA:10,renderPage
FNDA:2,closeModal
FNDA:1,(anonymous_31)
FNDA:3,(anonymous_32)
FNDA:6,(anonymous_33)
FNDA:1,(anonymous_34)
FNDA:3,(anonymous_35)
FNDA:3,(anonymous_36)
FNDA:0,(anonymous_37)
FNDA:1,fetchNavigationData
FNDA:4,(anonymous_39)
FNDA:4,(anonymous_40)
FNDA:6,(anonymous_41)
FNDA:6,(anonymous_42)
FNDA:4,(anonymous_43)
FNDA:1,(anonymous_44)
FNDA:0,(anonymous_45)
FNDA:0,(anonymous_46)
FNDA:0,(anonymous_47)
FNDA:0,(anonymous_48)
FNDA:1,(anonymous_49)
FNDA:0,(anonymous_50)
FNDA:0,fetchLevelTasks
FNDA:2,(anonymous_52)
FNDA:0,startLevelSequence
FNDA:0,(anonymous_54)
FNDA:0,(anonymous_55)
FNDA:0,(anonymous_56)
FNDA:0,(anonymous_57)
FNDA:0,(anonymous_58)
FNDA:0,(anonymous_59)
FNDA:0,(anonymous_60)
FNDA:0,(anonymous_61)
FNDA:0,(anonymous_62)
FNDA:4,(anonymous_63)
FNDA:2,(anonymous_64)
FNDA:4,(anonymous_65)
FNDA:20,(anonymous_66)
FNDA:8,(anonymous_67)
FNDA:2,(anonymous_68)
FNDA:2,(anonymous_69)
FNDA:3,(anonymous_70)
FNDA:2,(anonymous_71)
FNDA:3,(anonymous_72)
FNDA:2,(anonymous_73)
FNDA:3,(anonymous_74)
FNDA:6,render
FNDA:4,(anonymous_76)
FNDA:4,(anonymous_77)
FNDA:4,onKeyDown
FNDA:0,(anonymous_79)
FNDA:0,(anonymous_80)
FNDA:0,onKeyUp
FNDA:4,(anonymous_82)
FNDA:15,(anonymous_83)
FNDA:4,(anonymous_84)
FNDA:4,(anonymous_85)
FNDA:7,updateDisplay
FNDA:1,showErrorChar
FNDA:1,(anonymous_88)
FNDA:8,setDisplayColor
FNDA:4,onKeyDown
FNDA:1,(anonymous_91)
DA:1,1
DA:2,1
DA:3,1
DA:4,1
DA:5,1
DA:6,1
DA:7,1
DA:8,1
DA:11,1
DA:12,3
DA:13,3
DA:14,3
DA:15,3
DA:19,1
DA:20,1
DA:21,1
DA:23,1
DA:24,1
DA:25,1
DA:26,1
DA:27,1
DA:28,1
DA:29,1
DA:31,1
DA:32,0
DA:33,0
DA:34,0
DA:35,0
DA:36,0
DA:39,1
DA:40,2
DA:44,1
DA:45,4
DA:46,4
DA:47,2
DA:51,1
DA:52,2
DA:56,1
DA:57,0
DA:59,0
DA:61,0
DA:62,0
DA:65,1
DA:66,1
DA:67,0
DA:69,0
DA:70,0
DA:71,0
DA:72,0
DA:73,0
DA:75,0
DA:77,0
DA:78,0
DA:79,0
DA:80,0
DA:81,0
DA:82,0
DA:83,0
DA:85,0
DA:91,1
DA:92,3
DA:94,1
DA:98,3
DA:100,3
DA:106,3
DA:108,3
DA:109,1
DA:110,1
DA:111,1
DA:112,0
DA:119,1
DA:120,0
DA:121,0
DA:122,0
DA:124,0
DA:127,1
DA:128,1
DA:129,1
DA:130,1
DA:131,1
DA:132,1
DA:134,1
DA:148,1
DA:163,1
DA:164,1
DA:166,1
DA:178,1
DA:196,1
DA:201,1
DA:209,1
DA:210,17
DA:211,15
DA:215,1
DA:216,16
DA:217,16
DA:218,16
DA:219,16
DA:221,16
DA:222,20
DA:223,20
DA:227,1
DA:228,0
DA:229,0
DA:232,1
DA:233,0
DA:234,0
DA:235,0
DA:237,0
DA:242,1
DA:243,1
DA:244,0
DA:245,0
DA:246,0
DA:248,0
DA:253,1
DA:254,1
DA:256,1
DA:257,1
DA:258,0
DA:259,0
DA:261,1
DA:262,0
DA:263,0
DA:264,0
DA:265,0
DA:269,1
DA:270,7
DA:271,3
DA:272,1
DA:274,2
DA:275,2
DA:276,4
DA:277,4
DA:278,1
DA:280,3
DA:281,3
DA:283,0
DA:289,1
DA:290,0
DA:291,0
DA:292,0
DA:293,0
DA:295,0
DA:300,1
DA:301,1
DA:302,1
DA:303,1
DA:304,1
DA:305,1
DA:306,1
DA:307,1
DA:308,1
DA:309,1
DA:310,1
DA:311,1
DA:312,1
DA:313,1
DA:314,1
DA:315,1
DA:316,1
DA:321,1
DA:322,6
DA:323,6
DA:324,6
DA:325,6
DA:327,6
DA:328,10
DA:329,6
DA:331,6
DA:332,6
DA:333,6
DA:334,6
DA:335,6
DA:336,6
DA:337,6
DA:339,6
DA:342,10
DA:343,10
DA:344,10
DA:345,10
DA:346,5
DA:347,5
DA:349,5
DA:350,5
DA:355,2
DA:356,2
DA:359,6
DA:360,1
DA:361,1
DA:362,1
DA:365,6
DA:366,3
DA:367,3
DA:368,3
DA:371,6
DA:372,6
DA:374,6
DA:379,1
DA:380,6
DA:381,6
DA:382,6
DA:383,6
DA:384,6
DA:385,6
DA:386,6
DA:391,1
DA:392,1
DA:393,1
DA:394,1
DA:395,1
DA:396,1
DA:397,1
DA:398,3
DA:403,1
DA:404,3
DA:405,3
DA:406,3
DA:407,3
DA:409,3
DA:410,3
DA:411,3
DA:412,3
DA:414,0
DA:417,3
DA:420,3
DA:421,3
DA:422,3
DA:423,3
DA:425,0
DA:426,0
DA:429,3
DA:430,3
DA:432,3
DA:433,3
DA:434,2
DA:435,0
DA:436,0
DA:443,1
DA:444,1
DA:445,1
DA:446,1
DA:448,0
DA:449,0
DA:450,0
DA:456,1
DA:457,4
DA:458,4
DA:459,2
DA:460,2
DA:461,2
DA:466,1
DA:467,6
DA:468,4
DA:469,4
DA:472,1
DA:473,6
DA:474,2
DA:475,2
DA:476,4
DA:478,0
DA:479,0
DA:482,1
DA:483,1
DA:484,1
DA:486,1
DA:489,1
DA:490,0
DA:491,0
DA:496,0
DA:497,0
DA:508,1
DA:510,1
DA:511,0
DA:512,0
DA:513,0
DA:516,0
DA:517,0
DA:518,0
DA:519,0
DA:521,0
DA:522,0
DA:523,0
DA:524,0
DA:525,0
DA:527,0
DA:528,0
DA:529,0
DA:530,0
DA:534,0
DA:535,0
DA:536,0
DA:537,0
DA:539,0
DA:540,0
DA:542,0
DA:546,0
DA:547,0
DA:548,0
DA:549,0
DA:550,0
DA:554,0
DA:555,0
DA:560,1
DA:563,1
DA:564,0
DA:565,0
DA:566,0
DA:567,0
DA:570,0
DA:572,1
DA:573,1
DA:574,1
DA:576,0
DA:577,0
DA:579,1
DA:581,1
DA:582,1
DA:583,0
DA:584,0
DA:585,0
DA:586,0
DA:593,0
DA:594,0
DA:596,0
DA:597,0
DA:598,0
DA:599,0
DA:600,0
DA:602,0
DA:603,0
DA:604,0
DA:608,1
DA:609,2
DA:610,2
DA:611,1
DA:612,1
DA:614,1
DA:615,1
DA:621,0
DA:622,0
DA:623,0
DA:624,0
DA:625,0
DA:626,0
DA:627,0
DA:629,0
DA:630,0
DA:633,0
DA:634,0
DA:636,0
DA:637,0
DA:638,0
DA:640,0
DA:642,0
DA:643,0
DA:644,0
DA:645,0
DA:648,0
DA:649,0
DA:650,0
DA:653,0
DA:655,0
DA:656,0
DA:657,0
DA:659,0
DA:660,0
DA:661,0
DA:662,0
DA:666,0
DA:667,0
DA:668,0
DA:670,0
DA:671,0
DA:672,0
DA:674,0
DA:675,0
DA:678,0
DA:679,0
DA:680,0
DA:681,0
DA:682,0
DA:683,0
DA:684,0
DA:687,0
DA:688,0
DA:689,0
DA:690,0
DA:691,0
DA:692,0
DA:694,0
DA:695,0
DA:698,0
DA:705,0
DA:706,0
DA:708,0
DA:714,1
DA:715,4
DA:716,4
DA:717,2
DA:718,1
DA:720,2
DA:721,1
DA:723,2
DA:724,2
DA:725,1
DA:727,1
DA:728,1
DA:731,0
DA:734,4
DA:735,4
DA:736,2
DA:738,2
DA:743,1
DA:744,20
DA:746,20
DA:747,5
DA:750,20
DA:751,0
DA:754,20
DA:756,11
DA:758,7
DA:769,7
DA:772,1
DA:773,8
DA:775,8
DA:776,7
DA:778,6
DA:781,1
DA:782,2
DA:783,2
DA:784,2
DA:786,2
DA:787,3
DA:788,3
DA:789,3
DA:790,2
DA:791,0
DA:793,2
DA:794,2
DA:795,2
DA:796,2
DA:799,6
DA:801,0
DA:802,0
DA:803,0
DA:804,0
DA:805,0
DA:807,0
DA:808,0
DA:809,0
DA:810,0
DA:813,6
DA:814,6
DA:815,0
DA:816,0
DA:817,0
DA:820,6
DA:821,4
DA:822,4
DA:823,2
DA:824,0
DA:827,6
DA:828,6
DA:832,2
DA:833,4
DA:834,0
DA:835,0
DA:837,4
DA:841,2
DA:842,4
DA:843,4
DA:844,4
DA:846,4
DA:847,4
DA:848,4
DA:850,4
DA:851,4
DA:853,0
DA:857,4
DA:859,4
DA:860,0
DA:861,0
DA:862,0
DA:865,0
DA:866,0
DA:867,0
DA:869,0
DA:870,0
DA:871,0
DA:872,0
DA:873,0
DA:874,0
DA:875,0
DA:876,0
DA:877,0
DA:878,0
DA:879,0
DA:880,0
DA:881,0
DA:885,0
DA:887,0
DA:888,0
DA:891,4
DA:892,4
DA:893,4
DA:894,4
DA:896,4
DA:897,0
DA:898,0
DA:899,0
DA:900,0
DA:901,0
DA:902,0
DA:905,0
DA:906,0
DA:907,0
DA:908,0
DA:911,4
DA:912,1
DA:913,1
DA:914,1
DA:917,3
DA:918,3
DA:919,3
DA:920,3
DA:922,0
DA:923,0
DA:927,0
DA:928,0
DA:930,0
DA:931,0
DA:932,0
DA:933,0
DA:934,0
DA:935,0
DA:936,0
DA:937,0
DA:938,0
DA:939,0
DA:940,0
DA:941,0
DA:944,0
DA:947,0
DA:948,0
DA:953,0
DA:954,0
DA:956,0
DA:957,0
DA:959,0
DA:960,0
DA:961,0
DA:962,0
DA:963,0
DA:964,0
DA:967,0
DA:968,0
DA:969,0
DA:970,0
DA:971,0
DA:972,0
DA:973,0
DA:974,0
DA:975,0
DA:978,0
DA:979,0
DA:980,0
DA:981,0
DA:982,0
DA:983,0
DA:987,0
DA:988,0
DA:989,0
DA:990,0
DA:991,0
DA:1001,2
DA:1002,2
DA:1005,2
DA:1006,4
DA:1007,4
DA:1009,2
DA:1011,2
DA:1012,2
DA:1014,2
DA:1018,1
DA:1019,15
DA:1020,15
DA:1021,15
DA:1022,15
DA:1023,15
DA:1026,15
DA:1033,4
DA:1037,11
DA:1042,2
DA:1046,9
DA:1053,1
DA:1057,8
DA:1061,1
DA:1065,7
DA:1071,1
DA:1075,6
DA:1080,1
DA:1085,5
DA:1086,0
DA:1091,1
DA:1092,4
DA:1093,4
DA:1094,4
DA:1095,4
DA:1096,4
DA:1099,4
DA:1100,2
DA:1101,2
DA:1106,7
DA:1107,7
DA:1108,7
DA:1109,7
DA:1114,1
DA:1115,1
DA:1116,1
DA:1118,1
DA:1122,1
DA:1123,1
DA:1124,1
DA:1129,8
DA:1133,4
DA:1135,4
DA:1137,4
DA:1144,4
DA:1146,4
DA:1148,3
DA:1149,0
DA:1150,0
DA:1152,3
DA:1153,3
DA:1154,3
DA:1156,3
DA:1157,1
DA:1159,1
DA:1160,1
DA:1161,1
DA:1163,1
DA:1164,1
DA:1165,1
DA:1166,1
DA:1167,1
DA:1172,1
DA:1177,4
DA:1178,4
DA:1181,4
DA:1182,4
LF:650
LH:374
BRDA:28,0,0,1
BRDA:28,0,1,1
BRDA:33,1,0,0
BRDA:33,1,1,0
BRDA:36,2,0,0
BRDA:36,2,1,0
BRDA:46,3,0,2
BRDA:46,3,1,2
BRDA:57,4,0,0
BRDA:57,4,1,0
BRDA:66,5,0,0
BRDA:66,5,1,1
BRDA:70,6,0,0
BRDA:70,6,1,0
BRDA:71,7,0,0
BRDA:71,7,1,0
BRDA:78,8,0,0
BRDA:78,8,1,0
BRDA:81,9,0,0
BRDA:81,9,1,0
BRDA:92,10,0,1
BRDA:92,10,1,2
BRDA:98,11,0,3
BRDA:98,11,1,2
BRDA:101,12,0,1
BRDA:101,12,1,2
BRDA:108,13,0,1
BRDA:108,13,1,2
BRDA:110,14,0,1
BRDA:110,14,1,0
BRDA:122,15,0,0
BRDA:122,15,1,0
BRDA:210,16,0,2
BRDA:210,16,1,15
BRDA:210,17,0,17
BRDA:210,17,1,16
BRDA:211,18,0,15
BRDA:211,18,1,10
BRDA:221,19,0,36
BRDA:221,19,1,21
BRDA:227,20,0,0
BRDA:227,20,1,1
BRDA:227,21,0,1
BRDA:227,21,1,1
BRDA:232,22,0,0
BRDA:232,22,1,1
BRDA:234,23,0,0
BRDA:234,23,1,0
BRDA:243,24,0,0
BRDA:243,24,1,1
BRDA:245,25,0,0
BRDA:245,25,1,0
BRDA:254,26,0,1
BRDA:254,26,1,0
BRDA:257,27,0,0
BRDA:257,27,1,1
BRDA:264,28,0,0
BRDA:264,28,1,0
BRDA:265,29,0,0
BRDA:265,29,1,0
BRDA:270,30,0,3
BRDA:270,30,1,4
BRDA:271,31,0,1
BRDA:271,31,1,2
BRDA:271,32,0,3
BRDA:271,32,1,1
BRDA:276,33,0,4
BRDA:276,33,1,0
BRDA:277,34,0,1
BRDA:277,34,1,3
BRDA:277,35,0,4
BRDA:277,35,1,1
BRDA:280,36,0,3
BRDA:280,36,1,1
BRDA:280,36,2,1
BRDA:283,37,0,0
BRDA:283,37,1,0
BRDA:292,38,0,0
BRDA:292,38,1,0
BRDA:321,39,0,5
BRDA:324,40,0,6
BRDA:324,40,1,0
BRDA:327,41,0,6
BRDA:327,41,1,0
BRDA:345,42,0,5
BRDA:345,42,1,5
BRDA:356,43,0,2
BRDA:356,43,1,0
BRDA:360,44,0,1
BRDA:360,44,1,0
BRDA:366,45,0,3
BRDA:366,45,1,0
BRDA:380,46,0,6
BRDA:380,46,1,0
BRDA:382,47,0,6
BRDA:382,47,1,0
BRDA:384,48,0,6
BRDA:384,48,1,0
BRDA:392,49,0,1
BRDA:392,49,1,0
BRDA:394,50,0,1
BRDA:394,50,1,0
BRDA:396,51,0,1
BRDA:396,51,1,0
BRDA:398,52,0,3
BRDA:398,52,1,0
BRDA:405,53,0,3
BRDA:405,53,1,0
BRDA:407,54,0,0
BRDA:407,54,1,3
BRDA:409,55,0,3
BRDA:409,55,1,0
BRDA:412,56,0,3
BRDA:412,56,1,0
BRDA:417,57,0,2
BRDA:417,57,1,1
BRDA:422,58,0,3
BRDA:422,58,1,0
BRDA:433,59,0,2
BRDA:433,59,1,1
BRDA:445,60,0,0
BRDA:445,60,1,1
BRDA:458,61,0,2
BRDA:458,61,1,2
BRDA:458,62,0,4
BRDA:458,62,1,2
BRDA:461,63,0,1
BRDA:461,63,1,1
BRDA:469,64,0,2
BRDA:469,64,1,2
BRDA:473,65,0,4
BRDA:473,65,1,2
BRDA:474,66,0,2
BRDA:474,66,1,0
BRDA:484,67,0,0
BRDA:484,67,1,1
BRDA:492,68,0,0
BRDA:492,68,1,0
BRDA:493,69,0,0
BRDA:493,69,1,0
BRDA:498,70,0,0
BRDA:498,70,1,0
BRDA:499,71,0,0
BRDA:499,71,1,0
BRDA:500,72,0,0
BRDA:500,72,1,0
BRDA:516,73,0,0
BRDA:516,73,1,0
BRDA:516,74,0,0
BRDA:516,74,1,0
BRDA:517,75,0,0
BRDA:517,75,1,0
BRDA:523,76,0,0
BRDA:523,76,1,0
BRDA:534,77,0,0
BRDA:534,77,1,0
BRDA:534,78,0,0
BRDA:534,78,1,0
BRDA:535,79,0,0
BRDA:535,79,1,0
BRDA:546,80,0,0
BRDA:546,80,1,0
BRDA:546,81,0,0
BRDA:546,81,1,0
BRDA:546,81,2,0
BRDA:549,82,0,0
BRDA:549,82,1,0
BRDA:554,83,0,0
BRDA:554,83,1,0
BRDA:554,84,0,0
BRDA:554,84,1,0
BRDA:563,85,0,0
BRDA:563,85,1,1
BRDA:566,86,0,0
BRDA:566,86,1,0
BRDA:574,87,0,0
BRDA:574,87,1,1
BRDA:574,88,0,1
BRDA:574,88,1,0
BRDA:577,89,0,0
BRDA:577,89,1,0
BRDA:582,90,0,0
BRDA:582,90,1,1
BRDA:598,91,0,0
BRDA:598,91,1,0
BRDA:610,92,0,1
BRDA:610,92,1,1
BRDA:620,93,0,0
BRDA:624,94,0,0
BRDA:624,94,1,0
BRDA:627,95,0,0
BRDA:627,95,1,0
BRDA:640,96,0,0
BRDA:640,96,1,0
BRDA:642,97,0,0
BRDA:642,97,1,0
BRDA:643,98,0,0
BRDA:643,98,1,0
BRDA:649,99,0,0
BRDA:649,99,1,0
BRDA:653,100,0,0
BRDA:653,100,1,0
BRDA:667,101,0,0
BRDA:667,101,1,0
BRDA:668,102,0,0
BRDA:668,102,1,0
BRDA:670,103,0,0
BRDA:670,103,1,0
BRDA:674,104,0,0
BRDA:674,104,1,0
BRDA:674,105,0,0
BRDA:674,105,1,0
BRDA:689,106,0,0
BRDA:689,106,1,0
BRDA:692,107,0,0
BRDA:692,107,1,0
BRDA:705,108,0,0
BRDA:705,108,1,0
BRDA:715,109,0,0
BRDA:715,109,1,4
BRDA:716,110,0,2
BRDA:716,110,1,2
BRDA:717,111,0,1
BRDA:717,111,1,1
BRDA:717,112,0,2
BRDA:717,112,1,1
BRDA:723,113,0,2
BRDA:723,113,1,0
BRDA:724,114,0,1
BRDA:724,114,1,1
BRDA:724,115,0,2
BRDA:724,115,1,1
BRDA:727,116,0,1
BRDA:727,116,1,0
BRDA:727,116,2,0
BRDA:731,117,0,0
BRDA:731,117,1,0
BRDA:735,118,0,2
BRDA:735,118,1,2
BRDA:746,119,0,5
BRDA:746,119,1,15
BRDA:746,120,0,20
BRDA:746,120,1,7
BRDA:750,121,0,0
BRDA:750,121,1,20
BRDA:750,122,0,20
BRDA:750,122,1,7
BRDA:754,123,0,9
BRDA:754,123,1,11
BRDA:756,124,0,4
BRDA:756,124,1,7
BRDA:756,125,0,11
BRDA:756,125,1,7
BRDA:769,126,0,7
BRDA:769,126,1,1
BRDA:775,127,0,1
BRDA:775,127,1,7
BRDA:776,128,0,1
BRDA:776,128,1,6
BRDA:776,129,0,7
BRDA:776,129,1,6
BRDA:787,130,0,2
BRDA:787,130,1,2
BRDA:787,130,2,2
BRDA:787,130,3,2
BRDA:787,130,4,2
BRDA:790,131,0,0
BRDA:790,131,1,2
BRDA:799,132,0,0
BRDA:799,132,1,6
BRDA:804,133,0,0
BRDA:804,133,1,0
BRDA:816,134,0,0
BRDA:816,134,1,0
BRDA:820,135,0,4
BRDA:820,135,1,2
BRDA:820,136,0,6
BRDA:820,136,1,4
BRDA:821,137,0,0
BRDA:821,137,1,4
BRDA:823,138,0,0
BRDA:823,138,1,2
BRDA:823,139,0,2
BRDA:823,139,1,2
BRDA:823,139,2,0
BRDA:835,140,0,0
BRDA:835,140,1,0
BRDA:846,141,0,4
BRDA:846,141,1,0
BRDA:851,142,0,4
BRDA:851,142,1,0
BRDA:857,143,0,0
BRDA:857,143,1,4
BRDA:857,144,0,4
BRDA:857,144,1,4
BRDA:859,145,0,0
BRDA:859,145,1,4
BRDA:866,146,0,0
BRDA:866,146,1,0
BRDA:867,147,0,0
BRDA:867,147,1,0
BRDA:869,148,0,0
BRDA:869,148,1,0
BRDA:873,149,0,0
BRDA:873,149,1,0
BRDA:875,150,0,0
BRDA:875,150,1,0
BRDA:876,151,0,0
BRDA:876,151,1,0
BRDA:892,152,0,0
BRDA:892,152,1,4
BRDA:893,153,0,4
BRDA:893,153,1,4
BRDA:896,154,0,0
BRDA:896,154,1,4
BRDA:900,155,0,0
BRDA:900,155,1,0
BRDA:911,156,0,1
BRDA:911,156,1,3
BRDA:911,157,0,4
BRDA:911,157,1,1
BRDA:917,158,0,3
BRDA:917,158,1,0
BRDA:918,159,0,3
BRDA:918,159,1,0
BRDA:930,160,0,0
BRDA:930,160,1,0
BRDA:932,161,0,0
BRDA:932,161,1,0
BRDA:935,162,0,0
BRDA:935,162,1,0
BRDA:936,163,0,0
BRDA:936,163,1,0
BRDA:953,164,0,0
BRDA:953,164,1,0
BRDA:953,165,0,0
BRDA:953,165,1,0
BRDA:954,166,0,0
BRDA:954,166,1,0
BRDA:959,167,0,0
BRDA:959,167,1,0
BRDA:967,168,0,0
BRDA:967,168,1,0
BRDA:972,169,0,0
BRDA:972,169,1,0
BRDA:978,170,0,0
BRDA:978,170,1,0
BRDA:981,171,0,0
BRDA:981,171,1,0
BRDA:987,172,0,0
BRDA:987,172,1,0
BRDA:988,173,0,0
BRDA:988,173,1,0
BRDA:988,174,0,0
BRDA:988,174,1,0
BRDA:1001,175,0,1
BRDA:1001,175,1,1
BRDA:1002,176,0,1
BRDA:1002,176,1,1
BRDA:1026,177,0,4
BRDA:1026,177,1,11
BRDA:1027,178,0,15
BRDA:1027,178,1,6
BRDA:1027,178,2,14
BRDA:1027,178,3,5
BRDA:1027,178,4,1
BRDA:1027,178,5,13
BRDA:1027,178,6,1
BRDA:1027,178,7,13
BRDA:1027,178,8,12
BRDA:1027,178,9,4
BRDA:1037,179,0,2
BRDA:1037,179,1,9
BRDA:1038,180,0,11
BRDA:1038,180,1,1
BRDA:1038,180,2,10
BRDA:1038,180,3,0
BRDA:1038,180,4,10
BRDA:1046,181,0,1
BRDA:1046,181,1,8
BRDA:1047,182,0,9
BRDA:1047,182,1,3
BRDA:1047,182,2,8
BRDA:1047,182,3,2
BRDA:1047,182,4,8
BRDA:1047,182,5,2
BRDA:1047,182,6,0
BRDA:1047,182,7,8
BRDA:1047,182,8,2
BRDA:1047,182,9,8
BRDA:1047,182,10,2
BRDA:1047,182,11,0
BRDA:1057,183,0,1
BRDA:1057,183,1,7
BRDA:1058,184,0,8
BRDA:1058,184,1,8
BRDA:1065,185,0,1
BRDA:1065,185,1,6
BRDA:1066,186,0,7
BRDA:1066,186,1,2
BRDA:1066,186,2,6
BRDA:1066,186,3,1
BRDA:1066,186,4,6
BRDA:1066,186,5,1
BRDA:1066,186,6,6
BRDA:1066,186,7,1
BRDA:1075,187,0,1
BRDA:1075,187,1,5
BRDA:1076,188,0,6
BRDA:1076,188,1,1
BRDA:1076,188,2,5
BRDA:1076,188,3,0
BRDA:1076,188,4,5
BRDA:1076,188,5,0
BRDA:1085,189,0,0
BRDA:1085,189,1,5
BRDA:1085,190,0,5
BRDA:1085,190,1,5
BRDA:1099,191,0,2
BRDA:1099,191,1,2
BRDA:1106,192,0,0
BRDA:1106,192,1,7
BRDA:1115,193,0,0
BRDA:1115,193,1,1
BRDA:1133,194,0,0
BRDA:1133,194,1,4
BRDA:1133,195,0,4
BRDA:1133,195,1,4
BRDA:1137,196,0,0
BRDA:1137,196,1,4
BRDA:1137,197,0,4
BRDA:1137,197,1,0
BRDA:1146,198,0,3
BRDA:1146,198,1,1
BRDA:1148,199,0,0
BRDA:1148,199,1,3
BRDA:1156,200,0,1
BRDA:1156,200,1,2
BRF:438
BRH:224
end_of_record
