TN:
SF:script.js
FN:1,(anonymous_0)
FN:31,(anonymous_1)
FN:35,(anonymous_2)
FN:39,(anonymous_3)
FN:44,(anonymous_4)
FN:51,(anonymous_5)
FN:56,(anonymous_6)
FN:69,(anonymous_7)
FN:77,(anonymous_8)
FN:77,(anonymous_9)
FN:79,(anonymous_10)
FN:91,(anonymous_11)
FN:93,(anonymous_12)
FN:111,(anonymous_13)
FN:119,(anonymous_14)
FN:121,(anonymous_15)
FN:205,(anonymous_16)
FN:211,(anonymous_17)
FN:229,(anonymous_18)
FN:240,(anonymous_19)
FN:257,(anonymous_20)
FN:265,(anonymous_21)
FN:270,(anonymous_22)
FN:285,(anonymous_23)
FN:296,(anonymous_24)
FN:310,(anonymous_25)
FN:312,(anonymous_26)
FN:317,(anonymous_27)
FN:324,(anonymous_28)
FN:337,renderPage
FN:350,closeModal
FN:355,(anonymous_31)
FN:361,(anonymous_32)
FN:375,(anonymous_33)
FN:387,(anonymous_34)
FN:393,(anonymous_35)
FN:399,(anonymous_36)
FN:414,(anonymous_37)
FN:422,fetchNavigationData
FN:436,(anonymous_39)
FN:446,(anonymous_40)
FN:447,(anonymous_41)
FN:452,(anonymous_42)
FN:459,(anonymous_43)
FN:462,(anonymous_44)
FN:469,(anonymous_45)
FN:475,(anonymous_46)
FN:490,(anonymous_47)
FN:528,(anonymous_48)
FN:541,(anonymous_49)
FN:563,fetchLevelTasks
FN:579,(anonymous_51)
FN:591,startLevelSequence
FN:596,(anonymous_53)
FN:596,(anonymous_54)
FN:625,(anonymous_55)
FN:650,(anonymous_56)
FN:653,(anonymous_57)
FN:654,(anonymous_58)
FN:654,(anonymous_59)
FN:656,(anonymous_60)
FN:672,(anonymous_61)
FN:680,(anonymous_62)
FN:686,(anonymous_63)
FN:700,(anonymous_64)
FN:709,(anonymous_65)
FN:730,(anonymous_66)
FN:739,(anonymous_67)
FN:740,(anonymous_68)
FN:745,(anonymous_69)
FN:746,(anonymous_70)
FN:746,(anonymous_71)
FN:755,render
FN:789,(anonymous_73)
FN:798,(anonymous_74)
FN:813,onKeyDown
FN:835,(anonymous_76)
FN:896,(anonymous_77)
FN:909,onKeyUp
FN:962,(anonymous_79)
FN:975,(anonymous_80)
FN:1048,(anonymous_81)
FN:1049,(anonymous_82)
FN:1062,updateDisplay
FN:1070,showErrorChar
FN:1079,(anonymous_85)
FN:1085,setDisplayColor
FN:1089,onKeyDown
FN:1122,(anonymous_88)
FNF:89
FNH:56
FNDA:1,(anonymous_0)
FNDA:0,(anonymous_1)
FNDA:0,(anonymous_2)
FNDA:2,(anonymous_3)
FNDA:4,(anonymous_4)
FNDA:2,(anonymous_5)
FNDA:0,(anonymous_6)
FNDA:0,(anonymous_7)
FNDA:0,(anonymous_8)
FNDA:0,(anonymous_9)
FNDA:0,(anonymous_10)
FNDA:3,(anonymous_11)
FNDA:1,(anonymous_12)
FNDA:0,(anonymous_13)
FNDA:0,(anonymous_14)
FNDA:0,(anonymous_15)
FNDA:17,(anonymous_16)
FNDA:16,(anonymous_17)
FNDA:0,(anonymous_18)
FNDA:0,(anonymous_19)
FNDA:0,(anonymous_20)
FNDA:7,(anonymous_21)
FNDA:2,(anonymous_22)
FNDA:0,(anonymous_23)
FNDA:1,(anonymous_24)
FNDA:1,(anonymous_25)
FNDA:1,(anonymous_26)
FNDA:6,(anonymous_27)
FNDA:10,(anonymous_28)
FNDA:10,renderPage
FNDA:2,closeModal
FNDA:1,(anonymous_31)
FNDA:3,(anonymous_32)
FNDA:6,(anonymous_33)
FNDA:1,(anonymous_34)
FNDA:3,(anonymous_35)
FNDA:3,(anonymous_36)
FNDA:0,(anonymous_37)
FNDA:1,fetchNavigationData
FNDA:4,(anonymous_39)
FNDA:4,(anonymous_40)
FNDA:6,(anonymous_41)
FNDA:6,(anonymous_42)
FNDA:4,(anonymous_43)
FNDA:1,(anonymous_44)
FNDA:0,(anonymous_45)
FNDA:0,(anonymous_46)
FNDA:0,(anonymous_47)
FNDA:0,(anonymous_48)
FNDA:1,(anonymous_49)
FNDA:0,fetchLevelTasks
FNDA:2,(anonymous_51)
FNDA:0,startLevelSequence
FNDA:0,(anonymous_53)
FNDA:0,(anonymous_54)
FNDA:0,(anonymous_55)
FNDA:0,(anonymous_56)
FNDA:0,(anonymous_57)
FNDA:0,(anonymous_58)
FNDA:0,(anonymous_59)
FNDA:0,(anonymous_60)
FNDA:0,(anonymous_61)
FNDA:4,(anonymous_62)
FNDA:2,(anonymous_63)
FNDA:4,(anonymous_64)
FNDA:20,(anonymous_65)
FNDA:8,(anonymous_66)
FNDA:2,(anonymous_67)
FNDA:2,(anonymous_68)
FNDA:3,(anonymous_69)
FNDA:2,(anonymous_70)
FNDA:3,(anonymous_71)
FNDA:6,render
FNDA:4,(anonymous_73)
FNDA:4,(anonymous_74)
FNDA:4,onKeyDown
FNDA:0,(anonymous_76)
FNDA:0,(anonymous_77)
FNDA:0,onKeyUp
FNDA:4,(anonymous_79)
FNDA:15,(anonymous_80)
FNDA:4,(anonymous_81)
FNDA:4,(anonymous_82)
FNDA:7,updateDisplay
FNDA:1,showErrorChar
FNDA:1,(anonymous_85)
FNDA:8,setDisplayColor
FNDA:4,onKeyDown
FNDA:1,(anonymous_88)
DA:1,1
DA:2,1
DA:3,1
DA:4,1
DA:5,1
DA:6,1
DA:7,1
DA:8,1
DA:11,1
DA:12,3
DA:13,3
DA:14,3
DA:15,3
DA:19,1
DA:20,1
DA:21,1
DA:23,1
DA:24,1
DA:25,1
DA:26,1
DA:27,1
DA:28,1
DA:29,1
DA:31,1
DA:32,0
DA:33,0
DA:34,0
DA:35,0
DA:36,0
DA:39,1
DA:40,2
DA:44,1
DA:45,4
DA:46,4
DA:47,2
DA:51,1
DA:52,2
DA:56,1
DA:57,0
DA:59,0
DA:61,0
DA:62,0
DA:65,1
DA:66,1
DA:67,0
DA:69,0
DA:70,0
DA:71,0
DA:72,0
DA:73,0
DA:75,0
DA:77,0
DA:78,0
DA:79,0
DA:80,0
DA:81,0
DA:82,0
DA:83,0
DA:85,0
DA:91,1
DA:92,3
DA:94,1
DA:98,3
DA:100,3
DA:106,3
DA:108,3
DA:109,1
DA:110,1
DA:111,1
DA:112,0
DA:119,1
DA:120,0
DA:121,0
DA:122,0
DA:124,0
DA:127,1
DA:128,1
DA:129,1
DA:130,1
DA:131,1
DA:132,1
DA:134,1
DA:150,1
DA:165,1
DA:166,1
DA:168,1
DA:180,1
DA:198,1
DA:205,1
DA:206,17
DA:207,15
DA:211,1
DA:212,16
DA:213,16
DA:214,16
DA:215,16
DA:217,16
DA:218,20
DA:219,20
DA:223,1
DA:224,0
DA:225,0
DA:228,1
DA:229,0
DA:230,0
DA:231,0
DA:233,0
DA:238,1
DA:239,1
DA:240,0
DA:241,0
DA:242,0
DA:244,0
DA:249,1
DA:250,1
DA:252,1
DA:253,1
DA:254,0
DA:255,0
DA:257,1
DA:258,0
DA:259,0
DA:260,0
DA:261,0
DA:265,1
DA:266,7
DA:267,3
DA:268,1
DA:270,2
DA:271,2
DA:272,4
DA:273,4
DA:274,1
DA:276,3
DA:277,3
DA:279,0
DA:285,1
DA:286,0
DA:287,0
DA:288,0
DA:289,0
DA:291,0
DA:296,1
DA:297,1
DA:298,1
DA:299,1
DA:300,1
DA:301,1
DA:302,1
DA:303,1
DA:304,1
DA:305,1
DA:306,1
DA:307,1
DA:308,1
DA:309,1
DA:310,1
DA:311,1
DA:312,1
DA:317,1
DA:318,6
DA:319,6
DA:320,6
DA:321,6
DA:323,6
DA:324,10
DA:325,6
DA:327,6
DA:328,6
DA:329,6
DA:330,6
DA:331,6
DA:332,6
DA:333,6
DA:335,6
DA:338,10
DA:339,10
DA:340,10
DA:341,10
DA:342,5
DA:343,5
DA:345,5
DA:346,5
DA:351,2
DA:352,2
DA:355,6
DA:356,1
DA:357,1
DA:358,1
DA:361,6
DA:362,3
DA:363,3
DA:364,3
DA:367,6
DA:368,6
DA:370,6
DA:375,1
DA:376,6
DA:377,6
DA:378,6
DA:379,6
DA:380,6
DA:381,6
DA:382,6
DA:387,1
DA:388,1
DA:389,1
DA:390,1
DA:391,1
DA:392,1
DA:393,1
DA:394,3
DA:399,1
DA:400,3
DA:401,3
DA:402,3
DA:403,3
DA:404,3
DA:405,3
DA:406,3
DA:409,3
DA:410,3
DA:411,3
DA:412,3
DA:413,3
DA:414,2
DA:415,0
DA:416,0
DA:423,1
DA:424,1
DA:425,1
DA:426,1
DA:428,0
DA:429,0
DA:430,0
DA:436,1
DA:437,4
DA:438,4
DA:439,2
DA:440,2
DA:441,2
DA:446,1
DA:447,6
DA:448,4
DA:449,4
DA:452,1
DA:453,6
DA:454,4
DA:455,2
DA:456,2
DA:458,2
DA:459,4
DA:462,1
DA:463,1
DA:464,1
DA:466,1
DA:469,1
DA:470,0
DA:471,0
DA:476,0
DA:477,0
DA:488,1
DA:490,1
DA:491,0
DA:492,0
DA:493,0
DA:496,0
DA:497,0
DA:498,0
DA:499,0
DA:501,0
DA:502,0
DA:503,0
DA:504,0
DA:505,0
DA:507,0
DA:508,0
DA:509,0
DA:510,0
DA:514,0
DA:515,0
DA:516,0
DA:517,0
DA:519,0
DA:520,0
DA:522,0
DA:526,0
DA:527,0
DA:528,0
DA:529,0
DA:530,0
DA:534,0
DA:535,0
DA:540,1
DA:542,1
DA:543,1
DA:544,1
DA:545,1
DA:547,0
DA:548,0
DA:550,1
DA:552,1
DA:553,1
DA:554,0
DA:555,0
DA:556,0
DA:557,0
DA:564,0
DA:565,0
DA:567,0
DA:568,0
DA:569,0
DA:570,0
DA:571,0
DA:573,0
DA:574,0
DA:575,0
DA:579,1
DA:580,2
DA:581,2
DA:582,1
DA:583,1
DA:585,1
DA:586,1
DA:592,0
DA:593,0
DA:594,0
DA:595,0
DA:596,0
DA:597,0
DA:599,0
DA:600,0
DA:603,0
DA:604,0
DA:606,0
DA:607,0
DA:608,0
DA:610,0
DA:612,0
DA:613,0
DA:614,0
DA:615,0
DA:618,0
DA:619,0
DA:620,0
DA:623,0
DA:625,0
DA:626,0
DA:627,0
DA:629,0
DA:630,0
DA:631,0
DA:632,0
DA:636,0
DA:637,0
DA:639,0
DA:640,0
DA:641,0
DA:642,0
DA:644,0
DA:645,0
DA:646,0
DA:647,0
DA:648,0
DA:649,0
DA:650,0
DA:653,0
DA:654,0
DA:655,0
DA:656,0
DA:657,0
DA:658,0
DA:660,0
DA:661,0
DA:664,0
DA:671,0
DA:672,0
DA:674,0
DA:680,1
DA:681,4
DA:682,4
DA:683,2
DA:684,1
DA:686,2
DA:687,1
DA:689,2
DA:690,2
DA:691,1
DA:693,1
DA:694,1
DA:697,0
DA:700,4
DA:701,4
DA:702,2
DA:704,2
DA:709,1
DA:710,20
DA:712,20
DA:714,10
DA:716,7
DA:727,7
DA:730,1
DA:731,8
DA:733,8
DA:734,7
DA:736,6
DA:739,1
DA:740,2
DA:741,2
DA:742,2
DA:744,2
DA:745,3
DA:746,3
DA:747,2
DA:748,0
DA:750,2
DA:751,2
DA:752,2
DA:753,2
DA:756,6
DA:758,0
DA:759,0
DA:760,0
DA:761,0
DA:762,0
DA:764,0
DA:765,0
DA:766,0
DA:767,0
DA:770,6
DA:771,6
DA:772,0
DA:773,0
DA:774,0
DA:777,6
DA:778,4
DA:779,4
DA:780,2
DA:781,0
DA:784,6
DA:785,6
DA:789,2
DA:790,4
DA:791,0
DA:792,0
DA:794,4
DA:798,2
DA:799,4
DA:800,4
DA:801,4
DA:803,4
DA:804,4
DA:805,4
DA:807,4
DA:808,4
DA:810,0
DA:814,4
DA:816,4
DA:817,0
DA:818,0
DA:819,0
DA:822,0
DA:823,0
DA:824,0
DA:826,0
DA:827,0
DA:828,0
DA:829,0
DA:831,0
DA:832,0
DA:833,0
DA:834,0
DA:835,0
DA:836,0
DA:837,0
DA:840,0
DA:844,0
DA:845,0
DA:848,4
DA:849,4
DA:850,4
DA:851,4
DA:853,4
DA:854,0
DA:855,0
DA:856,0
DA:857,0
DA:858,0
DA:859,0
DA:862,0
DA:863,0
DA:864,0
DA:865,0
DA:868,4
DA:869,1
DA:870,1
DA:871,1
DA:874,3
DA:875,3
DA:876,3
DA:877,3
DA:879,0
DA:880,0
DA:884,0
DA:885,0
DA:887,0
DA:888,0
DA:889,0
DA:890,0
DA:891,0
DA:892,0
DA:893,0
DA:894,0
DA:895,0
DA:896,0
DA:897,0
DA:898,0
DA:901,0
DA:904,0
DA:905,0
DA:910,0
DA:911,0
DA:913,0
DA:914,0
DA:916,0
DA:917,0
DA:918,0
DA:919,0
DA:920,0
DA:921,0
DA:924,0
DA:925,0
DA:926,0
DA:927,0
DA:928,0
DA:929,0
DA:930,0
DA:931,0
DA:932,0
DA:935,0
DA:936,0
DA:937,0
DA:938,0
DA:939,0
DA:940,0
DA:944,0
DA:945,0
DA:946,0
DA:947,0
DA:948,0
DA:958,2
DA:959,2
DA:962,2
DA:963,4
DA:964,4
DA:966,2
DA:968,2
DA:969,2
DA:971,2
DA:975,1
DA:976,15
DA:977,15
DA:978,15
DA:979,15
DA:980,15
DA:983,15
DA:990,4
DA:994,11
DA:999,2
DA:1003,9
DA:1010,1
DA:1014,8
DA:1018,1
DA:1022,7
DA:1028,1
DA:1032,6
DA:1037,1
DA:1042,5
DA:1043,0
DA:1048,1
DA:1049,4
DA:1050,4
DA:1051,4
DA:1052,4
DA:1053,4
DA:1056,4
DA:1057,2
DA:1058,2
DA:1063,7
DA:1064,7
DA:1065,7
DA:1066,7
DA:1071,1
DA:1072,1
DA:1073,1
DA:1075,1
DA:1079,1
DA:1080,1
DA:1081,1
DA:1086,8
DA:1090,4
DA:1092,4
DA:1094,4
DA:1101,4
DA:1103,4
DA:1105,3
DA:1106,0
DA:1107,0
DA:1109,3
DA:1110,3
DA:1111,3
DA:1113,3
DA:1114,1
DA:1116,1
DA:1117,1
DA:1118,1
DA:1120,1
DA:1121,1
DA:1122,1
DA:1123,1
DA:1124,1
DA:1129,1
DA:1134,4
DA:1135,4
DA:1138,4
DA:1139,4
LF:626
LH:366
BRDA:28,0,0,1
BRDA:28,0,1,1
BRDA:33,1,0,0
BRDA:33,1,1,0
BRDA:36,2,0,0
BRDA:36,2,1,0
BRDA:46,3,0,2
BRDA:46,3,1,2
BRDA:57,4,0,0
BRDA:57,4,1,0
BRDA:66,5,0,0
BRDA:66,5,1,1
BRDA:70,6,0,0
BRDA:70,6,1,0
BRDA:71,7,0,0
BRDA:71,7,1,0
BRDA:78,8,0,0
BRDA:78,8,1,0
BRDA:81,9,0,0
BRDA:81,9,1,0
BRDA:92,10,0,1
BRDA:92,10,1,2
BRDA:98,11,0,3
BRDA:98,11,1,2
BRDA:101,12,0,1
BRDA:101,12,1,2
BRDA:108,13,0,1
BRDA:108,13,1,2
BRDA:110,14,0,1
BRDA:110,14,1,0
BRDA:122,15,0,0
BRDA:122,15,1,0
BRDA:206,16,0,2
BRDA:206,16,1,15
BRDA:206,17,0,17
BRDA:206,17,1,16
BRDA:207,18,0,15
BRDA:207,18,1,10
BRDA:217,19,0,36
BRDA:217,19,1,21
BRDA:223,20,0,0
BRDA:223,20,1,1
BRDA:223,21,0,1
BRDA:223,21,1,1
BRDA:228,22,0,0
BRDA:228,22,1,1
BRDA:230,23,0,0
BRDA:230,23,1,0
BRDA:239,24,0,0
BRDA:239,24,1,1
BRDA:241,25,0,0
BRDA:241,25,1,0
BRDA:250,26,0,1
BRDA:250,26,1,0
BRDA:253,27,0,0
BRDA:253,27,1,1
BRDA:260,28,0,0
BRDA:260,28,1,0
BRDA:261,29,0,0
BRDA:261,29,1,0
BRDA:266,30,0,3
BRDA:266,30,1,4
BRDA:267,31,0,1
BRDA:267,31,1,2
BRDA:267,32,0,3
BRDA:267,32,1,1
BRDA:272,33,0,4
BRDA:272,33,1,0
BRDA:273,34,0,1
BRDA:273,34,1,3
BRDA:273,35,0,4
BRDA:273,35,1,1
BRDA:276,36,0,3
BRDA:276,36,1,1
BRDA:276,36,2,1
BRDA:279,37,0,0
BRDA:279,37,1,0
BRDA:288,38,0,0
BRDA:288,38,1,0
BRDA:317,39,0,5
BRDA:320,40,0,6
BRDA:320,40,1,0
BRDA:323,41,0,6
BRDA:323,41,1,0
BRDA:341,42,0,5
BRDA:341,42,1,5
BRDA:352,43,0,2
BRDA:352,43,1,0
BRDA:356,44,0,1
BRDA:356,44,1,0
BRDA:362,45,0,3
BRDA:362,45,1,0
BRDA:376,46,0,6
BRDA:376,46,1,0
BRDA:378,47,0,6
BRDA:378,47,1,0
BRDA:380,48,0,6
BRDA:380,48,1,0
BRDA:388,49,0,1
BRDA:388,49,1,0
BRDA:390,50,0,1
BRDA:390,50,1,0
BRDA:392,51,0,1
BRDA:392,51,1,0
BRDA:394,52,0,3
BRDA:394,52,1,0
BRDA:401,53,0,3
BRDA:401,53,1,0
BRDA:403,54,0,0
BRDA:403,54,1,3
BRDA:404,55,0,3
BRDA:404,55,1,0
BRDA:405,56,0,3
BRDA:405,56,1,0
BRDA:406,57,0,2
BRDA:406,57,1,1
BRDA:413,58,0,2
BRDA:413,58,1,1
BRDA:425,59,0,0
BRDA:425,59,1,1
BRDA:438,60,0,2
BRDA:438,60,1,2
BRDA:438,61,0,4
BRDA:438,61,1,2
BRDA:441,62,0,1
BRDA:441,62,1,1
BRDA:449,63,0,2
BRDA:449,63,1,2
BRDA:453,64,0,2
BRDA:453,64,1,4
BRDA:453,65,0,6
BRDA:453,65,1,4
BRDA:454,66,0,2
BRDA:454,66,1,2
BRDA:464,67,0,0
BRDA:464,67,1,1
BRDA:472,68,0,0
BRDA:472,68,1,0
BRDA:473,69,0,0
BRDA:473,69,1,0
BRDA:478,70,0,0
BRDA:478,70,1,0
BRDA:479,71,0,0
BRDA:479,71,1,0
BRDA:480,72,0,0
BRDA:480,72,1,0
BRDA:496,73,0,0
BRDA:496,73,1,0
BRDA:496,74,0,0
BRDA:496,74,1,0
BRDA:497,75,0,0
BRDA:497,75,1,0
BRDA:503,76,0,0
BRDA:503,76,1,0
BRDA:514,77,0,0
BRDA:514,77,1,0
BRDA:514,78,0,0
BRDA:514,78,1,0
BRDA:515,79,0,0
BRDA:515,79,1,0
BRDA:526,80,0,0
BRDA:526,80,1,0
BRDA:526,81,0,0
BRDA:526,81,1,0
BRDA:526,81,2,0
BRDA:529,82,0,0
BRDA:529,82,1,0
BRDA:534,83,0,0
BRDA:534,83,1,0
BRDA:534,84,0,0
BRDA:534,84,1,0
BRDA:545,85,0,0
BRDA:545,85,1,1
BRDA:545,86,0,1
BRDA:545,86,1,0
BRDA:548,87,0,0
BRDA:548,87,1,0
BRDA:553,88,0,0
BRDA:553,88,1,1
BRDA:569,89,0,0
BRDA:569,89,1,0
BRDA:581,90,0,1
BRDA:581,90,1,1
BRDA:591,91,0,0
BRDA:595,92,0,0
BRDA:595,92,1,0
BRDA:597,93,0,0
BRDA:597,93,1,0
BRDA:610,94,0,0
BRDA:610,94,1,0
BRDA:612,95,0,0
BRDA:612,95,1,0
BRDA:613,96,0,0
BRDA:613,96,1,0
BRDA:619,97,0,0
BRDA:619,97,1,0
BRDA:623,98,0,0
BRDA:623,98,1,0
BRDA:637,99,0,0
BRDA:637,99,1,0
BRDA:639,100,0,0
BRDA:639,100,1,0
BRDA:640,101,0,0
BRDA:640,101,1,0
BRDA:655,102,0,0
BRDA:655,102,1,0
BRDA:658,103,0,0
BRDA:658,103,1,0
BRDA:671,104,0,0
BRDA:671,104,1,0
BRDA:681,105,0,0
BRDA:681,105,1,4
BRDA:682,106,0,2
BRDA:682,106,1,2
BRDA:683,107,0,1
BRDA:683,107,1,1
BRDA:683,108,0,2
BRDA:683,108,1,1
BRDA:689,109,0,2
BRDA:689,109,1,0
BRDA:690,110,0,1
BRDA:690,110,1,1
BRDA:690,111,0,2
BRDA:690,111,1,1
BRDA:693,112,0,1
BRDA:693,112,1,0
BRDA:693,112,2,0
BRDA:697,113,0,0
BRDA:697,113,1,0
BRDA:701,114,0,2
BRDA:701,114,1,2
BRDA:712,115,0,10
BRDA:712,115,1,10
BRDA:714,116,0,3
BRDA:714,116,1,7
BRDA:714,117,0,10
BRDA:714,117,1,7
BRDA:727,118,0,7
BRDA:727,118,1,1
BRDA:733,119,0,1
BRDA:733,119,1,7
BRDA:734,120,0,1
BRDA:734,120,1,6
BRDA:734,121,0,7
BRDA:734,121,1,6
BRDA:745,122,0,2
BRDA:745,122,1,2
BRDA:745,122,2,2
BRDA:747,123,0,0
BRDA:747,123,1,2
BRDA:756,124,0,0
BRDA:756,124,1,6
BRDA:761,125,0,0
BRDA:761,125,1,0
BRDA:773,126,0,0
BRDA:773,126,1,0
BRDA:777,127,0,4
BRDA:777,127,1,2
BRDA:777,128,0,6
BRDA:777,128,1,4
BRDA:778,129,0,0
BRDA:778,129,1,4
BRDA:780,130,0,0
BRDA:780,130,1,2
BRDA:780,131,0,2
BRDA:780,131,1,2
BRDA:780,131,2,0
BRDA:792,132,0,0
BRDA:792,132,1,0
BRDA:803,133,0,4
BRDA:803,133,1,0
BRDA:808,134,0,4
BRDA:808,134,1,0
BRDA:814,135,0,0
BRDA:814,135,1,4
BRDA:814,136,0,4
BRDA:814,136,1,4
BRDA:816,137,0,0
BRDA:816,137,1,4
BRDA:823,138,0,0
BRDA:823,138,1,0
BRDA:824,139,0,0
BRDA:824,139,1,0
BRDA:826,140,0,0
BRDA:826,140,1,0
BRDA:828,141,0,0
BRDA:828,141,1,0
BRDA:831,142,0,0
BRDA:831,142,1,0
BRDA:832,143,0,0
BRDA:832,143,1,0
BRDA:849,144,0,0
BRDA:849,144,1,4
BRDA:850,145,0,4
BRDA:850,145,1,4
BRDA:853,146,0,0
BRDA:853,146,1,4
BRDA:857,147,0,0
BRDA:857,147,1,0
BRDA:868,148,0,1
BRDA:868,148,1,3
BRDA:868,149,0,4
BRDA:868,149,1,1
BRDA:874,150,0,3
BRDA:874,150,1,0
BRDA:875,151,0,3
BRDA:875,151,1,0
BRDA:887,152,0,0
BRDA:887,152,1,0
BRDA:889,153,0,0
BRDA:889,153,1,0
BRDA:892,154,0,0
BRDA:892,154,1,0
BRDA:893,155,0,0
BRDA:893,155,1,0
BRDA:910,156,0,0
BRDA:910,156,1,0
BRDA:910,157,0,0
BRDA:910,157,1,0
BRDA:911,158,0,0
BRDA:911,158,1,0
BRDA:916,159,0,0
BRDA:916,159,1,0
BRDA:924,160,0,0
BRDA:924,160,1,0
BRDA:929,161,0,0
BRDA:929,161,1,0
BRDA:935,162,0,0
BRDA:935,162,1,0
BRDA:938,163,0,0
BRDA:938,163,1,0
BRDA:944,164,0,0
BRDA:944,164,1,0
BRDA:945,165,0,0
BRDA:945,165,1,0
BRDA:945,166,0,0
BRDA:945,166,1,0
BRDA:958,167,0,1
BRDA:958,167,1,1
BRDA:959,168,0,1
BRDA:959,168,1,1
BRDA:983,169,0,4
BRDA:983,169,1,11
BRDA:984,170,0,15
BRDA:984,170,1,6
BRDA:984,170,2,14
BRDA:984,170,3,5
BRDA:984,170,4,1
BRDA:984,170,5,13
BRDA:984,170,6,1
BRDA:984,170,7,13
BRDA:984,170,8,12
BRDA:984,170,9,4
BRDA:994,171,0,2
BRDA:994,171,1,9
BRDA:995,172,0,11
BRDA:995,172,1,1
BRDA:995,172,2,10
BRDA:995,172,3,0
BRDA:995,172,4,10
BRDA:1003,173,0,1
BRDA:1003,173,1,8
BRDA:1004,174,0,9
BRDA:1004,174,1,3
BRDA:1004,174,2,8
BRDA:1004,174,3,2
BRDA:1004,174,4,8
BRDA:1004,174,5,2
BRDA:1004,174,6,0
BRDA:1004,174,7,8
BRDA:1004,174,8,2
BRDA:1004,174,9,8
BRDA:1004,174,10,2
BRDA:1004,174,11,0
BRDA:1014,175,0,1
BRDA:1014,175,1,7
BRDA:1015,176,0,8
BRDA:1015,176,1,8
BRDA:1022,177,0,1
BRDA:1022,177,1,6
BRDA:1023,178,0,7
BRDA:1023,178,1,2
BRDA:1023,178,2,6
BRDA:1023,178,3,1
BRDA:1023,178,4,6
BRDA:1023,178,5,1
BRDA:1023,178,6,6
BRDA:1023,178,7,1
BRDA:1032,179,0,1
BRDA:1032,179,1,5
BRDA:1033,180,0,6
BRDA:1033,180,1,1
BRDA:1033,180,2,5
BRDA:1033,180,3,0
BRDA:1033,180,4,5
BRDA:1033,180,5,0
BRDA:1042,181,0,0
BRDA:1042,181,1,5
BRDA:1042,182,0,5
BRDA:1042,182,1,5
BRDA:1056,183,0,2
BRDA:1056,183,1,2
BRDA:1063,184,0,0
BRDA:1063,184,1,7
BRDA:1072,185,0,0
BRDA:1072,185,1,1
BRDA:1090,186,0,0
BRDA:1090,186,1,4
BRDA:1090,187,0,4
BRDA:1090,187,1,4
BRDA:1094,188,0,0
BRDA:1094,188,1,4
BRDA:1094,189,0,4
BRDA:1094,189,1,0
BRDA:1103,190,0,3
BRDA:1103,190,1,1
BRDA:1105,191,0,0
BRDA:1105,191,1,3
BRDA:1113,192,0,1
BRDA:1113,192,1,2
BRF:420
BRH:216
end_of_record
